!SESSION 2016-08-20 20:37:43.170 -----------------------------------------------
eclipse.buildId=4.6.0.I20160606-1100
java.version=1.8.0_91
java.vendor=Oracle Corporation
BootLoader constants: OS=linux, ARCH=x86_64, WS=gtk, NL=en_US
Framework arguments:  -product org.eclipse.epp.package.java.product
Command-line arguments:  -os linux -ws gtk -arch x86_64 -product org.eclipse.epp.package.java.product

!ENTRY org.eclipse.epp.logging.aeri.ide 2 16 2016-08-20 21:12:14.151
!MESSAGE Server ‘org.eclipse.epp.logging.aeri.ide.server’ failed with exception: Read timed out. ; version: 2.0.1.v20160605-1811
!STACK 0
java.net.SocketTimeoutException: Read timed out
	at java.net.SocketInputStream.socketRead0(Native Method)
	at java.net.SocketInputStream.socketRead(SocketInputStream.java:116)
	at java.net.SocketInputStream.read(SocketInputStream.java:170)
	at java.net.SocketInputStream.read(SocketInputStream.java:141)
	at sun.security.ssl.InputRecord.readFully(InputRecord.java:465)
	at sun.security.ssl.InputRecord.read(InputRecord.java:503)
	at sun.security.ssl.SSLSocketImpl.readRecord(SSLSocketImpl.java:973)
	at sun.security.ssl.SSLSocketImpl.readDataRecord(SSLSocketImpl.java:930)
	at sun.security.ssl.AppInputStream.read(AppInputStream.java:105)
	at org.apache.http.impl.io.SessionInputBufferImpl.streamRead(SessionInputBufferImpl.java:136)
	at org.apache.http.impl.io.SessionInputBufferImpl.fillBuffer(SessionInputBufferImpl.java:152)
	at org.apache.http.impl.io.SessionInputBufferImpl.readLine(SessionInputBufferImpl.java:270)
	at org.apache.http.impl.conn.DefaultHttpResponseParser.parseHead(DefaultHttpResponseParser.java:140)
	at org.apache.http.impl.conn.DefaultHttpResponseParser.parseHead(DefaultHttpResponseParser.java:57)
	at org.apache.http.impl.io.AbstractMessageParser.parse(AbstractMessageParser.java:260)
	at org.apache.http.impl.DefaultBHttpClientConnection.receiveResponseHeader(DefaultBHttpClientConnection.java:161)
	at org.apache.http.impl.conn.CPoolProxy.receiveResponseHeader(CPoolProxy.java:153)
	at org.apache.http.protocol.HttpRequestExecutor.doReceiveResponse(HttpRequestExecutor.java:271)
	at org.apache.http.protocol.HttpRequestExecutor.execute(HttpRequestExecutor.java:123)
	at org.apache.http.impl.execchain.MainClientExec.execute(MainClientExec.java:254)
	at org.apache.http.impl.execchain.ProtocolExec.execute(ProtocolExec.java:195)
	at org.apache.http.impl.execchain.RetryExec.execute(RetryExec.java:86)
	at org.apache.http.impl.execchain.RedirectExec.execute(RedirectExec.java:108)
	at org.apache.http.impl.client.InternalHttpClient.doExecute(InternalHttpClient.java:184)
	at org.apache.http.impl.client.CloseableHttpClient.execute(CloseableHttpClient.java:82)
	at org.apache.http.impl.client.CloseableHttpClient.execute(CloseableHttpClient.java:57)
	at org.apache.http.client.fluent.Executor.execute(Executor.java:206)
	at org.eclipse.epp.internal.logging.aeri.ide.server.mars.IO.request(IO.java:205)
	at org.eclipse.epp.internal.logging.aeri.ide.server.mars.IO.refreshConfiguration(IO.java:68)
	at org.eclipse.epp.internal.logging.aeri.ide.server.mars.ServerConnection.startUp(ServerConnection.java:101)
	at com.google.common.util.concurrent.AbstractIdleService$2$1.run(AbstractIdleService.java:54)
	at com.google.common.util.concurrent.Callables$3.run(Callables.java:93)
	at java.lang.Thread.run(Thread.java:745)
!SESSION 2016-08-27 14:53:25.082 -----------------------------------------------
eclipse.buildId=4.6.0.I20160606-1100
java.version=1.8.0_91
java.vendor=Oracle Corporation
BootLoader constants: OS=linux, ARCH=x86_64, WS=gtk, NL=en_US
Framework arguments:  -product org.eclipse.epp.package.java.product
Command-line arguments:  -data /home/david/hyperspace_waves/workspace-transform/transform -os linux -ws gtk -arch x86_64 -product org.eclipse.epp.package.java.product

!ENTRY org.eclipse.launchbar.core 2 0 2016-08-27 14:53:31.250
!MESSAGE Enablement expression is missing for config provider for org.eclipse.cdt.arduino.core.descriptorType

!ENTRY org.eclipse.launchbar.core 2 0 2016-08-27 14:53:31.252
!MESSAGE Enablement expression is missing for config provider for org.eclipse.cdt.qt.core.launchDescriptorType
!SESSION 2016-08-27 14:58:36.566 -----------------------------------------------
eclipse.buildId=4.6.0.I20160606-1100
java.version=1.8.0_91
java.vendor=Oracle Corporation
BootLoader constants: OS=linux, ARCH=x86_64, WS=gtk, NL=en_US
Framework arguments:  -product org.eclipse.epp.package.java.product
Command-line arguments:  -os linux -ws gtk -arch x86_64 -product org.eclipse.epp.package.java.product

!ENTRY org.eclipse.launchbar.core 2 0 2016-08-27 14:59:01.529
!MESSAGE Enablement expression is missing for config provider for org.eclipse.cdt.arduino.core.descriptorType

!ENTRY org.eclipse.launchbar.core 2 0 2016-08-27 14:59:01.530
!MESSAGE Enablement expression is missing for config provider for org.eclipse.cdt.qt.core.launchDescriptorType

!ENTRY org.python.pydev.shared_core 1 1 2016-08-27 15:08:18.150
!MESSAGE - Ok, file is non-null. Getting info on:/usr/bin/python
- Beggining task:Getting libs totalWork:100
- Setting task name:Mounting executable string...
- Setting task name:Executing:  /usr/bin/python -u /home/david/.p2/pool/plugins/org.python.pydev_5.1.2.201606231256/pysrc/interpreterInfo.py
- Setting task name:Making pythonpath environment... /usr/bin/python -u /home/david/.p2/pool/plugins/org.python.pydev_5.1.2.201606231256/pysrc/interpreterInfo.py
- Setting task name:Making exec... /usr/bin/python -u /home/david/.p2/pool/plugins/org.python.pydev_5.1.2.201606231256/pysrc/interpreterInfo.py
- Setting task name:Reading output...
- Setting task name:Waiting for process to finish.
- Success getting the info. Result:<xml>
<name>python</name>
<version>2.7</version>
<executable>/usr/bin/python</executable>
<lib>/usr/lib/python2.7</lib>
<lib>/usr/lib/python2.7/plat-x86_64-linux-gnu</lib>
<lib>/usr/lib/python2.7/lib-tk</lib>
<lib>/usr/lib/python2.7/lib-dynload</lib>
<lib>/usr/local/lib/python2.7/dist-packages</lib>
<lib>/usr/lib/python2.7/dist-packages</lib>
<lib>/usr/lib/python2.7/dist-packages/PILcompat</lib>
<lib>/usr/lib/python2.7/dist-packages/gtk-2.0</lib>
<lib>/usr/lib/pymodules/python2.7</lib>
<lib>/usr/lib/python2.7/dist-packages/wx-3.0-gtk2</lib>
<forced_lib>Image</forced_lib>
<forced_lib>OpenGL</forced_lib>
<forced_lib>__builtin__</forced_lib>
<forced_lib>__main__</forced_lib>
<forced_lib>_ast</forced_lib>
<forced_lib>_bisect</forced_lib>
<forced_lib>_bytesio</forced_lib>
<forced_lib>_codecs</forced_lib>
<forced_lib>_codecs_cn</forced_lib>
<forced_lib>_codecs_hk</forced_lib>
<forced_lib>_codecs_iso2022</forced_lib>
<forced_lib>_codecs_jp</forced_lib>
<forced_lib>_codecs_kr</forced_lib>
<forced_lib>_codecs_tw</forced_lib>
<forced_lib>_collections</forced_lib>
<forced_lib>_csv</forced_lib>
<forced_lib>_fileio</forced_lib>
<forced_lib>_functools</forced_lib>
<forced_lib>_heapq</forced_lib>
<forced_lib>_hotshot</forced_lib>
<forced_lib>_io</forced_lib>
<forced_lib>_json</forced_lib>
<forced_lib>_locale</forced_lib>
<forced_lib>_lsprof</forced_lib>
<forced_lib>_md5</forced_lib>
<forced_lib>_multibytecodec</forced_lib>
<forced_lib>_random</forced_lib>
<forced_lib>_sha</forced_lib>
<forced_lib>_sha256</forced_lib>
<forced_lib>_sha512</forced_lib>
<forced_lib>_socket</forced_lib>
<forced_lib>_sre</forced_lib>
<forced_lib>_struct</forced_lib>
<forced_lib>_subprocess</forced_lib>
<forced_lib>_symtable</forced_lib>
<forced_lib>_warnings</forced_lib>
<forced_lib>_weakref</forced_lib>
<forced_lib>_winreg</forced_lib>
<forced_lib>array</forced_lib>
<forced_lib>audioop</forced_lib>
<forced_lib>binascii</forced_lib>
<forced_lib>cPickle</forced_lib>
<forced_lib>cStringIO</forced_lib>
<forced_lib>cmath</forced_lib>
<forced_lib>datetime</forced_lib>
<forced_lib>email</forced_lib>
<forced_lib>errno</forced_lib>
<forced_lib>exceptions</forced_lib>
<forced_lib>fcntl</forced_lib>
<forced_lib>future_builtins</forced_lib>
<forced_lib>gc</forced_lib>
<forced_lib>gi</forced_lib>
<forced_lib>grp</forced_lib>
<forced_lib>hashlib</forced_lib>
<forced_lib>imageop</forced_lib>
<forced_lib>imp</forced_lib>
<forced_lib>itertools</forced_lib>
<forced_lib>marshal</forced_lib>
<forced_lib>math</forced_lib>
<forced_lib>mmap</forced_lib>
<forced_lib>mock</forced_lib>
<forced_lib>msvcrt</forced_lib>
<forced_lib>multiprocessing</forced_lib>
<forced_lib>nose</forced_lib>
<forced_lib>nose.tools</forced_lib>
<forced_lib>nt</forced_lib>
<forced_lib>numpy</forced_lib>
<forced_lib>operator</forced_lib>
<forced_lib>os</forced_lib>
<forced_lib>os.path</forced_lib>
<forced_lib>parser</forced_lib>
<forced_lib>posix</forced_lib>
<forced_lib>pwd</forced_lib>
<forced_lib>pytest</forced_lib>
<forced_lib>scipy</forced_lib>
<forced_lib>select</forced_lib>
<forced_lib>signal</forced_lib>
<forced_lib>socket</forced_lib>
<forced_lib>spwd</forced_lib>
<forced_lib>strop</forced_lib>
<forced_lib>sys</forced_lib>
<forced_lib>syslog</forced_lib>
<forced_lib>thread</forced_lib>
<forced_lib>time</forced_lib>
<forced_lib>unicodedata</forced_lib>
<forced_lib>wx</forced_lib>
<forced_lib>wxPython</forced_lib>
<forced_lib>xxsubtype</forced_lib>
<forced_lib>zipimport</forced_lib>
<forced_lib>zlib</forced_lib>
</xml>
- Ok, file is non-null. Getting info on:/usr/bin/python3
- Beggining task:Getting libs totalWork:100
- Setting task name:Mounting executable string...
- Setting task name:Executing:  /usr/bin/python3 -u /home/david/.p2/pool/plugins/org.python.pydev_5.1.2.201606231256/pysrc/interpreterInfo.py
- Setting task name:Making pythonpath environment... /usr/bin/python3 -u /home/david/.p2/pool/plugins/org.python.pydev_5.1.2.201606231256/pysrc/interpreterInfo.py
- Setting task name:Making exec... /usr/bin/python3 -u /home/david/.p2/pool/plugins/org.python.pydev_5.1.2.201606231256/pysrc/interpreterInfo.py
- Setting task name:Reading output...
- Setting task name:Waiting for process to finish.
- Success getting the info. Result:<xml>
<name>python</name>
<version>3.4</version>
<executable>/usr/bin/python3</executable>
<lib>/usr/local/lib/python3.4/dist-packages/nose_parameterized-0.5.0-py3.4.egg</lib>
<lib>/usr/local/lib/python3.4/dist-packages/nose-1.3.7-py3.4.egg</lib>
<lib>/usr/local/lib/python3.4/dist-packages/unittest2-1.1.0-py3.4.egg</lib>
<lib>/usr/local/lib/python3.4/dist-packages/traceback2-1.4.0-py3.4.egg</lib>
<lib>/usr/local/lib/python3.4/dist-packages/argparse-1.1-py3.4.egg</lib>
<lib>/usr/local/lib/python3.4/dist-packages/linecache2-1.0.0-py3.4.egg</lib>
<lib>/usr/lib/python3.4</lib>
<lib>/usr/lib/python3.4/plat-x86_64-linux-gnu</lib>
<lib>/usr/lib/python3.4/lib-dynload</lib>
<lib>/usr/local/lib/python3.4/dist-packages</lib>
<lib>/usr/lib/python3/dist-packages</lib>
<forced_lib>Image</forced_lib>
<forced_lib>OpenGL</forced_lib>
<forced_lib>_ast</forced_lib>
<forced_lib>_bisect</forced_lib>
<forced_lib>_bytesio</forced_lib>
<forced_lib>_codecs</forced_lib>
<forced_lib>_codecs_cn</forced_lib>
<forced_lib>_codecs_hk</forced_lib>
<forced_lib>_codecs_iso2022</forced_lib>
<forced_lib>_codecs_jp</forced_lib>
<forced_lib>_codecs_kr</forced_lib>
<forced_lib>_codecs_tw</forced_lib>
<forced_lib>_collections</forced_lib>
<forced_lib>_csv</forced_lib>
<forced_lib>_datetime</forced_lib>
<forced_lib>_elementtree</forced_lib>
<forced_lib>_fileio</forced_lib>
<forced_lib>_functools</forced_lib>
<forced_lib>_heapq</forced_lib>
<forced_lib>_hotshot</forced_lib>
<forced_lib>_imp</forced_lib>
<forced_lib>_io</forced_lib>
<forced_lib>_json</forced_lib>
<forced_lib>_locale</forced_lib>
<forced_lib>_lsprof</forced_lib>
<forced_lib>_md5</forced_lib>
<forced_lib>_multibytecodec</forced_lib>
<forced_lib>_operator</forced_lib>
<forced_lib>_pickle</forced_lib>
<forced_lib>_posixsubprocess</forced_lib>
<forced_lib>_random</forced_lib>
<forced_lib>_sha</forced_lib>
<forced_lib>_sha1</forced_lib>
<forced_lib>_sha256</forced_lib>
<forced_lib>_sha512</forced_lib>
<forced_lib>_socket</forced_lib>
<forced_lib>_sre</forced_lib>
<forced_lib>_stat</forced_lib>
<forced_lib>_string</forced_lib>
<forced_lib>_struct</forced_lib>
<forced_lib>_subprocess</forced_lib>
<forced_lib>_symtable</forced_lib>
<forced_lib>_thread</forced_lib>
<forced_lib>_tracemalloc</forced_lib>
<forced_lib>_warnings</forced_lib>
<forced_lib>_weakref</forced_lib>
<forced_lib>_winreg</forced_lib>
<forced_lib>array</forced_lib>
<forced_lib>atexit</forced_lib>
<forced_lib>audioop</forced_lib>
<forced_lib>binascii</forced_lib>
<forced_lib>builtins</forced_lib>
<forced_lib>cPickle</forced_lib>
<forced_lib>cStringIO</forced_lib>
<forced_lib>cmath</forced_lib>
<forced_lib>datetime</forced_lib>
<forced_lib>email</forced_lib>
<forced_lib>errno</forced_lib>
<forced_lib>exceptions</forced_lib>
<forced_lib>faulthandler</forced_lib>
<forced_lib>fcntl</forced_lib>
<forced_lib>future_builtins</forced_lib>
<forced_lib>gc</forced_lib>
<forced_lib>gi</forced_lib>
<forced_lib>grp</forced_lib>
<forced_lib>hashlib</forced_lib>
<forced_lib>imageop</forced_lib>
<forced_lib>imp</forced_lib>
<forced_lib>itertools</forced_lib>
<forced_lib>marshal</forced_lib>
<forced_lib>math</forced_lib>
<forced_lib>mmap</forced_lib>
<forced_lib>mock</forced_lib>
<forced_lib>msvcrt</forced_lib>
<forced_lib>multiprocessing</forced_lib>
<forced_lib>nose</forced_lib>
<forced_lib>nose.tools</forced_lib>
<forced_lib>nt</forced_lib>
<forced_lib>numpy</forced_lib>
<forced_lib>operator</forced_lib>
<forced_lib>os</forced_lib>
<forced_lib>os.path</forced_lib>
<forced_lib>parser</forced_lib>
<forced_lib>posix</forced_lib>
<forced_lib>pwd</forced_lib>
<forced_lib>pyexpat</forced_lib>
<forced_lib>pytest</forced_lib>
<forced_lib>scipy</forced_lib>
<forced_lib>select</forced_lib>
<forced_lib>signal</forced_lib>
<forced_lib>socket</forced_lib>
<forced_lib>spwd</forced_lib>
<forced_lib>strop</forced_lib>
<forced_lib>sys</forced_lib>
<forced_lib>syslog</forced_lib>
<forced_lib>thread</forced_lib>
<forced_lib>time</forced_lib>
<forced_lib>unicodedata</forced_lib>
<forced_lib>wx</forced_lib>
<forced_lib>wxPython</forced_lib>
<forced_lib>xxsubtype</forced_lib>
<forced_lib>zipimport</forced_lib>
<forced_lib>zlib</forced_lib>
</xml>
- Ok, file is non-null. Getting info on:/usr/bin/python2.7
- Beggining task:Getting libs totalWork:100
- Setting task name:Mounting executable string...
- Setting task name:Executing:  /usr/bin/python2.7 -u /home/david/.p2/pool/plugins/org.python.pydev_5.1.2.201606231256/pysrc/interpreterInfo.py
- Setting task name:Making pythonpath environment... /usr/bin/python2.7 -u /home/david/.p2/pool/plugins/org.python.pydev_5.1.2.201606231256/pysrc/interpreterInfo.py
- Setting task name:Making exec... /usr/bin/python2.7 -u /home/david/.p2/pool/plugins/org.python.pydev_5.1.2.201606231256/pysrc/interpreterInfo.py
- Setting task name:Reading output...
- Setting task name:Waiting for process to finish.
- Success getting the info. Result:<xml>
<name>python</name>
<version>2.7</version>
<executable>/usr/bin/python2.7</executable>
<lib>/usr/lib/python2.7</lib>
<lib>/usr/lib/python2.7/plat-x86_64-linux-gnu</lib>
<lib>/usr/lib/python2.7/lib-tk</lib>
<lib>/usr/lib/python2.7/lib-dynload</lib>
<lib>/usr/local/lib/python2.7/dist-packages</lib>
<lib>/usr/lib/python2.7/dist-packages</lib>
<lib>/usr/lib/python2.7/dist-packages/PILcompat</lib>
<lib>/usr/lib/python2.7/dist-packages/gtk-2.0</lib>
<lib>/usr/lib/pymodules/python2.7</lib>
<lib>/usr/lib/python2.7/dist-packages/wx-3.0-gtk2</lib>
<forced_lib>Image</forced_lib>
<forced_lib>OpenGL</forced_lib>
<forced_lib>__builtin__</forced_lib>
<forced_lib>__main__</forced_lib>
<forced_lib>_ast</forced_lib>
<forced_lib>_bisect</forced_lib>
<forced_lib>_bytesio</forced_lib>
<forced_lib>_codecs</forced_lib>
<forced_lib>_codecs_cn</forced_lib>
<forced_lib>_codecs_hk</forced_lib>
<forced_lib>_codecs_iso2022</forced_lib>
<forced_lib>_codecs_jp</forced_lib>
<forced_lib>_codecs_kr</forced_lib>
<forced_lib>_codecs_tw</forced_lib>
<forced_lib>_collections</forced_lib>
<forced_lib>_csv</forced_lib>
<forced_lib>_fileio</forced_lib>
<forced_lib>_functools</forced_lib>
<forced_lib>_heapq</forced_lib>
<forced_lib>_hotshot</forced_lib>
<forced_lib>_io</forced_lib>
<forced_lib>_json</forced_lib>
<forced_lib>_locale</forced_lib>
<forced_lib>_lsprof</forced_lib>
<forced_lib>_md5</forced_lib>
<forced_lib>_multibytecodec</forced_lib>
<forced_lib>_random</forced_lib>
<forced_lib>_sha</forced_lib>
<forced_lib>_sha256</forced_lib>
<forced_lib>_sha512</forced_lib>
<forced_lib>_socket</forced_lib>
<forced_lib>_sre</forced_lib>
<forced_lib>_struct</forced_lib>
<forced_lib>_subprocess</forced_lib>
<forced_lib>_symtable</forced_lib>
<forced_lib>_warnings</forced_lib>
<forced_lib>_weakref</forced_lib>
<forced_lib>_winreg</forced_lib>
<forced_lib>array</forced_lib>
<forced_lib>audioop</forced_lib>
<forced_lib>binascii</forced_lib>
<forced_lib>cPickle</forced_lib>
<forced_lib>cStringIO</forced_lib>
<forced_lib>cmath</forced_lib>
<forced_lib>datetime</forced_lib>
<forced_lib>email</forced_lib>
<forced_lib>errno</forced_lib>
<forced_lib>exceptions</forced_lib>
<forced_lib>fcntl</forced_lib>
<forced_lib>future_builtins</forced_lib>
<forced_lib>gc</forced_lib>
<forced_lib>gi</forced_lib>
<forced_lib>grp</forced_lib>
<forced_lib>hashlib</forced_lib>
<forced_lib>imageop</forced_lib>
<forced_lib>imp</forced_lib>
<forced_lib>itertools</forced_lib>
<forced_lib>marshal</forced_lib>
<forced_lib>math</forced_lib>
<forced_lib>mmap</forced_lib>
<forced_lib>mock</forced_lib>
<forced_lib>msvcrt</forced_lib>
<forced_lib>multiprocessing</forced_lib>
<forced_lib>nose</forced_lib>
<forced_lib>nose.tools</forced_lib>
<forced_lib>nt</forced_lib>
<forced_lib>numpy</forced_lib>
<forced_lib>operator</forced_lib>
<forced_lib>os</forced_lib>
<forced_lib>os.path</forced_lib>
<forced_lib>parser</forced_lib>
<forced_lib>posix</forced_lib>
<forced_lib>pwd</forced_lib>
<forced_lib>pytest</forced_lib>
<forced_lib>scipy</forced_lib>
<forced_lib>select</forced_lib>
<forced_lib>signal</forced_lib>
<forced_lib>socket</forced_lib>
<forced_lib>spwd</forced_lib>
<forced_lib>strop</forced_lib>
<forced_lib>sys</forced_lib>
<forced_lib>syslog</forced_lib>
<forced_lib>thread</forced_lib>
<forced_lib>time</forced_lib>
<forced_lib>unicodedata</forced_lib>
<forced_lib>wx</forced_lib>
<forced_lib>wxPython</forced_lib>
<forced_lib>xxsubtype</forced_lib>
<forced_lib>zipimport</forced_lib>
<forced_lib>zlib</forced_lib>
</xml>
- Ok, file is non-null. Getting info on:/usr/bin/python2
- Beggining task:Getting libs totalWork:100
- Setting task name:Mounting executable string...
- Setting task name:Executing:  /usr/bin/python2 -u /home/david/.p2/pool/plugins/org.python.pydev_5.1.2.201606231256/pysrc/interpreterInfo.py
- Setting task name:Making pythonpath environment... /usr/bin/python2 -u /home/david/.p2/pool/plugins/org.python.pydev_5.1.2.201606231256/pysrc/interpreterInfo.py
- Setting task name:Making exec... /usr/bin/python2 -u /home/david/.p2/pool/plugins/org.python.pydev_5.1.2.201606231256/pysrc/interpreterInfo.py
- Setting task name:Reading output...
- Setting task name:Waiting for process to finish.
- Success getting the info. Result:<xml>
<name>python</name>
<version>2.7</version>
<executable>/usr/bin/python2</executable>
<lib>/usr/lib/python2.7</lib>
<lib>/usr/lib/python2.7/plat-x86_64-linux-gnu</lib>
<lib>/usr/lib/python2.7/lib-tk</lib>
<lib>/usr/lib/python2.7/lib-dynload</lib>
<lib>/usr/local/lib/python2.7/dist-packages</lib>
<lib>/usr/lib/python2.7/dist-packages</lib>
<lib>/usr/lib/python2.7/dist-packages/PILcompat</lib>
<lib>/usr/lib/python2.7/dist-packages/gtk-2.0</lib>
<lib>/usr/lib/pymodules/python2.7</lib>
<lib>/usr/lib/python2.7/dist-packages/wx-3.0-gtk2</lib>
<forced_lib>Image</forced_lib>
<forced_lib>OpenGL</forced_lib>
<forced_lib>__builtin__</forced_lib>
<forced_lib>__main__</forced_lib>
<forced_lib>_ast</forced_lib>
<forced_lib>_bisect</forced_lib>
<forced_lib>_bytesio</forced_lib>
<forced_lib>_codecs</forced_lib>
<forced_lib>_codecs_cn</forced_lib>
<forced_lib>_codecs_hk</forced_lib>
<forced_lib>_codecs_iso2022</forced_lib>
<forced_lib>_codecs_jp</forced_lib>
<forced_lib>_codecs_kr</forced_lib>
<forced_lib>_codecs_tw</forced_lib>
<forced_lib>_collections</forced_lib>
<forced_lib>_csv</forced_lib>
<forced_lib>_fileio</forced_lib>
<forced_lib>_functools</forced_lib>
<forced_lib>_heapq</forced_lib>
<forced_lib>_hotshot</forced_lib>
<forced_lib>_io</forced_lib>
<forced_lib>_json</forced_lib>
<forced_lib>_locale</forced_lib>
<forced_lib>_lsprof</forced_lib>
<forced_lib>_md5</forced_lib>
<forced_lib>_multibytecodec</forced_lib>
<forced_lib>_random</forced_lib>
<forced_lib>_sha</forced_lib>
<forced_lib>_sha256</forced_lib>
<forced_lib>_sha512</forced_lib>
<forced_lib>_socket</forced_lib>
<forced_lib>_sre</forced_lib>
<forced_lib>_struct</forced_lib>
<forced_lib>_subprocess</forced_lib>
<forced_lib>_symtable</forced_lib>
<forced_lib>_warnings</forced_lib>
<forced_lib>_weakref</forced_lib>
<forced_lib>_winreg</forced_lib>
<forced_lib>array</forced_lib>
<forced_lib>audioop</forced_lib>
<forced_lib>binascii</forced_lib>
<forced_lib>cPickle</forced_lib>
<forced_lib>cStringIO</forced_lib>
<forced_lib>cmath</forced_lib>
<forced_lib>datetime</forced_lib>
<forced_lib>email</forced_lib>
<forced_lib>errno</forced_lib>
<forced_lib>exceptions</forced_lib>
<forced_lib>fcntl</forced_lib>
<forced_lib>future_builtins</forced_lib>
<forced_lib>gc</forced_lib>
<forced_lib>gi</forced_lib>
<forced_lib>grp</forced_lib>
<forced_lib>hashlib</forced_lib>
<forced_lib>imageop</forced_lib>
<forced_lib>imp</forced_lib>
<forced_lib>itertools</forced_lib>
<forced_lib>marshal</forced_lib>
<forced_lib>math</forced_lib>
<forced_lib>mmap</forced_lib>
<forced_lib>mock</forced_lib>
<forced_lib>msvcrt</forced_lib>
<forced_lib>multiprocessing</forced_lib>
<forced_lib>nose</forced_lib>
<forced_lib>nose.tools</forced_lib>
<forced_lib>nt</forced_lib>
<forced_lib>numpy</forced_lib>
<forced_lib>operator</forced_lib>
<forced_lib>os</forced_lib>
<forced_lib>os.path</forced_lib>
<forced_lib>parser</forced_lib>
<forced_lib>posix</forced_lib>
<forced_lib>pwd</forced_lib>
<forced_lib>pytest</forced_lib>
<forced_lib>scipy</forced_lib>
<forced_lib>select</forced_lib>
<forced_lib>signal</forced_lib>
<forced_lib>socket</forced_lib>
<forced_lib>spwd</forced_lib>
<forced_lib>strop</forced_lib>
<forced_lib>sys</forced_lib>
<forced_lib>syslog</forced_lib>
<forced_lib>thread</forced_lib>
<forced_lib>time</forced_lib>
<forced_lib>unicodedata</forced_lib>
<forced_lib>wx</forced_lib>
<forced_lib>wxPython</forced_lib>
<forced_lib>xxsubtype</forced_lib>
<forced_lib>zipimport</forced_lib>
<forced_lib>zlib</forced_lib>
</xml>
- Ok, file is non-null. Getting info on:/usr/bin/python3.4
- Beggining task:Getting libs totalWork:100
- Setting task name:Mounting executable string...
- Setting task name:Executing:  /usr/bin/python3.4 -u /home/david/.p2/pool/plugins/org.python.pydev_5.1.2.201606231256/pysrc/interpreterInfo.py
- Setting task name:Making pythonpath environment... /usr/bin/python3.4 -u /home/david/.p2/pool/plugins/org.python.pydev_5.1.2.201606231256/pysrc/interpreterInfo.py
- Setting task name:Making exec... /usr/bin/python3.4 -u /home/david/.p2/pool/plugins/org.python.pydev_5.1.2.201606231256/pysrc/interpreterInfo.py
- Setting task name:Reading output...
- Setting task name:Waiting for process to finish.
- Success getting the info. Result:<xml>
<name>python</name>
<version>3.4</version>
<executable>/usr/bin/python3.4</executable>
<lib>/usr/local/lib/python3.4/dist-packages/nose_parameterized-0.5.0-py3.4.egg</lib>
<lib>/usr/local/lib/python3.4/dist-packages/nose-1.3.7-py3.4.egg</lib>
<lib>/usr/local/lib/python3.4/dist-packages/unittest2-1.1.0-py3.4.egg</lib>
<lib>/usr/local/lib/python3.4/dist-packages/traceback2-1.4.0-py3.4.egg</lib>
<lib>/usr/local/lib/python3.4/dist-packages/argparse-1.1-py3.4.egg</lib>
<lib>/usr/local/lib/python3.4/dist-packages/linecache2-1.0.0-py3.4.egg</lib>
<lib>/usr/lib/python3.4</lib>
<lib>/usr/lib/python3.4/plat-x86_64-linux-gnu</lib>
<lib>/usr/lib/python3.4/lib-dynload</lib>
<lib>/usr/local/lib/python3.4/dist-packages</lib>
<lib>/usr/lib/python3/dist-packages</lib>
<forced_lib>Image</forced_lib>
<forced_lib>OpenGL</forced_lib>
<forced_lib>_ast</forced_lib>
<forced_lib>_bisect</forced_lib>
<forced_lib>_bytesio</forced_lib>
<forced_lib>_codecs</forced_lib>
<forced_lib>_codecs_cn</forced_lib>
<forced_lib>_codecs_hk</forced_lib>
<forced_lib>_codecs_iso2022</forced_lib>
<forced_lib>_codecs_jp</forced_lib>
<forced_lib>_codecs_kr</forced_lib>
<forced_lib>_codecs_tw</forced_lib>
<forced_lib>_collections</forced_lib>
<forced_lib>_csv</forced_lib>
<forced_lib>_datetime</forced_lib>
<forced_lib>_elementtree</forced_lib>
<forced_lib>_fileio</forced_lib>
<forced_lib>_functools</forced_lib>
<forced_lib>_heapq</forced_lib>
<forced_lib>_hotshot</forced_lib>
<forced_lib>_imp</forced_lib>
<forced_lib>_io</forced_lib>
<forced_lib>_json</forced_lib>
<forced_lib>_locale</forced_lib>
<forced_lib>_lsprof</forced_lib>
<forced_lib>_md5</forced_lib>
<forced_lib>_multibytecodec</forced_lib>
<forced_lib>_operator</forced_lib>
<forced_lib>_pickle</forced_lib>
<forced_lib>_posixsubprocess</forced_lib>
<forced_lib>_random</forced_lib>
<forced_lib>_sha</forced_lib>
<forced_lib>_sha1</forced_lib>
<forced_lib>_sha256</forced_lib>
<forced_lib>_sha512</forced_lib>
<forced_lib>_socket</forced_lib>
<forced_lib>_sre</forced_lib>
<forced_lib>_stat</forced_lib>
<forced_lib>_string</forced_lib>
<forced_lib>_struct</forced_lib>
<forced_lib>_subprocess</forced_lib>
<forced_lib>_symtable</forced_lib>
<forced_lib>_thread</forced_lib>
<forced_lib>_tracemalloc</forced_lib>
<forced_lib>_warnings</forced_lib>
<forced_lib>_weakref</forced_lib>
<forced_lib>_winreg</forced_lib>
<forced_lib>array</forced_lib>
<forced_lib>atexit</forced_lib>
<forced_lib>audioop</forced_lib>
<forced_lib>binascii</forced_lib>
<forced_lib>builtins</forced_lib>
<forced_lib>cPickle</forced_lib>
<forced_lib>cStringIO</forced_lib>
<forced_lib>cmath</forced_lib>
<forced_lib>datetime</forced_lib>
<forced_lib>email</forced_lib>
<forced_lib>errno</forced_lib>
<forced_lib>exceptions</forced_lib>
<forced_lib>faulthandler</forced_lib>
<forced_lib>fcntl</forced_lib>
<forced_lib>future_builtins</forced_lib>
<forced_lib>gc</forced_lib>
<forced_lib>gi</forced_lib>
<forced_lib>grp</forced_lib>
<forced_lib>hashlib</forced_lib>
<forced_lib>imageop</forced_lib>
<forced_lib>imp</forced_lib>
<forced_lib>itertools</forced_lib>
<forced_lib>marshal</forced_lib>
<forced_lib>math</forced_lib>
<forced_lib>mmap</forced_lib>
<forced_lib>mock</forced_lib>
<forced_lib>msvcrt</forced_lib>
<forced_lib>multiprocessing</forced_lib>
<forced_lib>nose</forced_lib>
<forced_lib>nose.tools</forced_lib>
<forced_lib>nt</forced_lib>
<forced_lib>numpy</forced_lib>
<forced_lib>operator</forced_lib>
<forced_lib>os</forced_lib>
<forced_lib>os.path</forced_lib>
<forced_lib>parser</forced_lib>
<forced_lib>posix</forced_lib>
<forced_lib>pwd</forced_lib>
<forced_lib>pyexpat</forced_lib>
<forced_lib>pytest</forced_lib>
<forced_lib>scipy</forced_lib>
<forced_lib>select</forced_lib>
<forced_lib>signal</forced_lib>
<forced_lib>socket</forced_lib>
<forced_lib>spwd</forced_lib>
<forced_lib>strop</forced_lib>
<forced_lib>sys</forced_lib>
<forced_lib>syslog</forced_lib>
<forced_lib>thread</forced_lib>
<forced_lib>time</forced_lib>
<forced_lib>unicodedata</forced_lib>
<forced_lib>wx</forced_lib>
<forced_lib>wxPython</forced_lib>
<forced_lib>xxsubtype</forced_lib>
<forced_lib>zipimport</forced_lib>
<forced_lib>zlib</forced_lib>
</xml>
- Ok, file is non-null. Getting info on:/usr/bin/python2.7
- Beggining task:Getting libs totalWork:100
- Setting task name:Mounting executable string...
- Setting task name:Executing:  /usr/bin/python2.7 -u /home/david/.p2/pool/plugins/org.python.pydev_5.1.2.201606231256/pysrc/interpreterInfo.py
- Setting task name:Making pythonpath environment... /usr/bin/python2.7 -u /home/david/.p2/pool/plugins/org.python.pydev_5.1.2.201606231256/pysrc/interpreterInfo.py
- Setting task name:Making exec... /usr/bin/python2.7 -u /home/david/.p2/pool/plugins/org.python.pydev_5.1.2.201606231256/pysrc/interpreterInfo.py
- Setting task name:Reading output...
- Setting task name:Waiting for process to finish.
- Success getting the info. Result:<xml>
<name>python</name>
<version>2.7</version>
<executable>/usr/bin/python2.7</executable>
<lib>/usr/lib/python2.7</lib>
<lib>/usr/lib/python2.7/plat-x86_64-linux-gnu</lib>
<lib>/usr/lib/python2.7/lib-tk</lib>
<lib>/usr/lib/python2.7/lib-dynload</lib>
<lib>/usr/local/lib/python2.7/dist-packages</lib>
<lib>/usr/lib/python2.7/dist-packages</lib>
<lib>/usr/lib/python2.7/dist-packages/PILcompat</lib>
<lib>/usr/lib/python2.7/dist-packages/gtk-2.0</lib>
<lib>/usr/lib/pymodules/python2.7</lib>
<lib>/usr/lib/python2.7/dist-packages/wx-3.0-gtk2</lib>
<forced_lib>Image</forced_lib>
<forced_lib>OpenGL</forced_lib>
<forced_lib>__builtin__</forced_lib>
<forced_lib>__main__</forced_lib>
<forced_lib>_ast</forced_lib>
<forced_lib>_bisect</forced_lib>
<forced_lib>_bytesio</forced_lib>
<forced_lib>_codecs</forced_lib>
<forced_lib>_codecs_cn</forced_lib>
<forced_lib>_codecs_hk</forced_lib>
<forced_lib>_codecs_iso2022</forced_lib>
<forced_lib>_codecs_jp</forced_lib>
<forced_lib>_codecs_kr</forced_lib>
<forced_lib>_codecs_tw</forced_lib>
<forced_lib>_collections</forced_lib>
<forced_lib>_csv</forced_lib>
<forced_lib>_fileio</forced_lib>
<forced_lib>_functools</forced_lib>
<forced_lib>_heapq</forced_lib>
<forced_lib>_hotshot</forced_lib>
<forced_lib>_io</forced_lib>
<forced_lib>_json</forced_lib>
<forced_lib>_locale</forced_lib>
<forced_lib>_lsprof</forced_lib>
<forced_lib>_md5</forced_lib>
<forced_lib>_multibytecodec</forced_lib>
<forced_lib>_random</forced_lib>
<forced_lib>_sha</forced_lib>
<forced_lib>_sha256</forced_lib>
<forced_lib>_sha512</forced_lib>
<forced_lib>_socket</forced_lib>
<forced_lib>_sre</forced_lib>
<forced_lib>_struct</forced_lib>
<forced_lib>_subprocess</forced_lib>
<forced_lib>_symtable</forced_lib>
<forced_lib>_warnings</forced_lib>
<forced_lib>_weakref</forced_lib>
<forced_lib>_winreg</forced_lib>
<forced_lib>array</forced_lib>
<forced_lib>audioop</forced_lib>
<forced_lib>binascii</forced_lib>
<forced_lib>cPickle</forced_lib>
<forced_lib>cStringIO</forced_lib>
<forced_lib>cmath</forced_lib>
<forced_lib>datetime</forced_lib>
<forced_lib>email</forced_lib>
<forced_lib>errno</forced_lib>
<forced_lib>exceptions</forced_lib>
<forced_lib>fcntl</forced_lib>
<forced_lib>future_builtins</forced_lib>
<forced_lib>gc</forced_lib>
<forced_lib>gi</forced_lib>
<forced_lib>grp</forced_lib>
<forced_lib>hashlib</forced_lib>
<forced_lib>imageop</forced_lib>
<forced_lib>imp</forced_lib>
<forced_lib>itertools</forced_lib>
<forced_lib>marshal</forced_lib>
<forced_lib>math</forced_lib>
<forced_lib>mmap</forced_lib>
<forced_lib>mock</forced_lib>
<forced_lib>msvcrt</forced_lib>
<forced_lib>multiprocessing</forced_lib>
<forced_lib>nose</forced_lib>
<forced_lib>nose.tools</forced_lib>
<forced_lib>nt</forced_lib>
<forced_lib>numpy</forced_lib>
<forced_lib>operator</forced_lib>
<forced_lib>os</forced_lib>
<forced_lib>os.path</forced_lib>
<forced_lib>parser</forced_lib>
<forced_lib>posix</forced_lib>
<forced_lib>pwd</forced_lib>
<forced_lib>pytest</forced_lib>
<forced_lib>scipy</forced_lib>
<forced_lib>select</forced_lib>
<forced_lib>signal</forced_lib>
<forced_lib>socket</forced_lib>
<forced_lib>spwd</forced_lib>
<forced_lib>strop</forced_lib>
<forced_lib>sys</forced_lib>
<forced_lib>syslog</forced_lib>
<forced_lib>thread</forced_lib>
<forced_lib>time</forced_lib>
<forced_lib>unicodedata</forced_lib>
<forced_lib>wx</forced_lib>
<forced_lib>wxPython</forced_lib>
<forced_lib>xxsubtype</forced_lib>
<forced_lib>zipimport</forced_lib>
<forced_lib>zlib</forced_lib>
</xml>

!STACK 0
java.lang.RuntimeException: - Ok, file is non-null. Getting info on:/usr/bin/python
- Beggining task:Getting libs totalWork:100
- Setting task name:Mounting executable string...
- Setting task name:Executing:  /usr/bin/python -u /home/david/.p2/pool/plugins/org.python.pydev_5.1.2.201606231256/pysrc/interpreterInfo.py
- Setting task name:Making pythonpath environment... /usr/bin/python -u /home/david/.p2/pool/plugins/org.python.pydev_5.1.2.201606231256/pysrc/interpreterInfo.py
- Setting task name:Making exec... /usr/bin/python -u /home/david/.p2/pool/plugins/org.python.pydev_5.1.2.201606231256/pysrc/interpreterInfo.py
- Setting task name:Reading output...
- Setting task name:Waiting for process to finish.
- Success getting the info. Result:<xml>
<name>python</name>
<version>2.7</version>
<executable>/usr/bin/python</executable>
<lib>/usr/lib/python2.7</lib>
<lib>/usr/lib/python2.7/plat-x86_64-linux-gnu</lib>
<lib>/usr/lib/python2.7/lib-tk</lib>
<lib>/usr/lib/python2.7/lib-dynload</lib>
<lib>/usr/local/lib/python2.7/dist-packages</lib>
<lib>/usr/lib/python2.7/dist-packages</lib>
<lib>/usr/lib/python2.7/dist-packages/PILcompat</lib>
<lib>/usr/lib/python2.7/dist-packages/gtk-2.0</lib>
<lib>/usr/lib/pymodules/python2.7</lib>
<lib>/usr/lib/python2.7/dist-packages/wx-3.0-gtk2</lib>
<forced_lib>Image</forced_lib>
<forced_lib>OpenGL</forced_lib>
<forced_lib>__builtin__</forced_lib>
<forced_lib>__main__</forced_lib>
<forced_lib>_ast</forced_lib>
<forced_lib>_bisect</forced_lib>
<forced_lib>_bytesio</forced_lib>
<forced_lib>_codecs</forced_lib>
<forced_lib>_codecs_cn</forced_lib>
<forced_lib>_codecs_hk</forced_lib>
<forced_lib>_codecs_iso2022</forced_lib>
<forced_lib>_codecs_jp</forced_lib>
<forced_lib>_codecs_kr</forced_lib>
<forced_lib>_codecs_tw</forced_lib>
<forced_lib>_collections</forced_lib>
<forced_lib>_csv</forced_lib>
<forced_lib>_fileio</forced_lib>
<forced_lib>_functools</forced_lib>
<forced_lib>_heapq</forced_lib>
<forced_lib>_hotshot</forced_lib>
<forced_lib>_io</forced_lib>
<forced_lib>_json</forced_lib>
<forced_lib>_locale</forced_lib>
<forced_lib>_lsprof</forced_lib>
<forced_lib>_md5</forced_lib>
<forced_lib>_multibytecodec</forced_lib>
<forced_lib>_random</forced_lib>
<forced_lib>_sha</forced_lib>
<forced_lib>_sha256</forced_lib>
<forced_lib>_sha512</forced_lib>
<forced_lib>_socket</forced_lib>
<forced_lib>_sre</forced_lib>
<forced_lib>_struct</forced_lib>
<forced_lib>_subprocess</forced_lib>
<forced_lib>_symtable</forced_lib>
<forced_lib>_warnings</forced_lib>
<forced_lib>_weakref</forced_lib>
<forced_lib>_winreg</forced_lib>
<forced_lib>array</forced_lib>
<forced_lib>audioop</forced_lib>
<forced_lib>binascii</forced_lib>
<forced_lib>cPickle</forced_lib>
<forced_lib>cStringIO</forced_lib>
<forced_lib>cmath</forced_lib>
<forced_lib>datetime</forced_lib>
<forced_lib>email</forced_lib>
<forced_lib>errno</forced_lib>
<forced_lib>exceptions</forced_lib>
<forced_lib>fcntl</forced_lib>
<forced_lib>future_builtins</forced_lib>
<forced_lib>gc</forced_lib>
<forced_lib>gi</forced_lib>
<forced_lib>grp</forced_lib>
<forced_lib>hashlib</forced_lib>
<forced_lib>imageop</forced_lib>
<forced_lib>imp</forced_lib>
<forced_lib>itertools</forced_lib>
<forced_lib>marshal</forced_lib>
<forced_lib>math</forced_lib>
<forced_lib>mmap</forced_lib>
<forced_lib>mock</forced_lib>
<forced_lib>msvcrt</forced_lib>
<forced_lib>multiprocessing</forced_lib>
<forced_lib>nose</forced_lib>
<forced_lib>nose.tools</forced_lib>
<forced_lib>nt</forced_lib>
<forced_lib>numpy</forced_lib>
<forced_lib>operator</forced_lib>
<forced_lib>os</forced_lib>
<forced_lib>os.path</forced_lib>
<forced_lib>parser</forced_lib>
<forced_lib>posix</forced_lib>
<forced_lib>pwd</forced_lib>
<forced_lib>pytest</forced_lib>
<forced_lib>scipy</forced_lib>
<forced_lib>select</forced_lib>
<forced_lib>signal</forced_lib>
<forced_lib>socket</forced_lib>
<forced_lib>spwd</forced_lib>
<forced_lib>strop</forced_lib>
<forced_lib>sys</forced_lib>
<forced_lib>syslog</forced_lib>
<forced_lib>thread</forced_lib>
<forced_lib>time</forced_lib>
<forced_lib>unicodedata</forced_lib>
<forced_lib>wx</forced_lib>
<forced_lib>wxPython</forced_lib>
<forced_lib>xxsubtype</forced_lib>
<forced_lib>zipimport</forced_lib>
<forced_lib>zlib</forced_lib>
</xml>
- Ok, file is non-null. Getting info on:/usr/bin/python3
- Beggining task:Getting libs totalWork:100
- Setting task name:Mounting executable string...
- Setting task name:Executing:  /usr/bin/python3 -u /home/david/.p2/pool/plugins/org.python.pydev_5.1.2.201606231256/pysrc/interpreterInfo.py
- Setting task name:Making pythonpath environment... /usr/bin/python3 -u /home/david/.p2/pool/plugins/org.python.pydev_5.1.2.201606231256/pysrc/interpreterInfo.py
- Setting task name:Making exec... /usr/bin/python3 -u /home/david/.p2/pool/plugins/org.python.pydev_5.1.2.201606231256/pysrc/interpreterInfo.py
- Setting task name:Reading output...
- Setting task name:Waiting for process to finish.
- Success getting the info. Result:<xml>
<name>python</name>
<version>3.4</version>
<executable>/usr/bin/python3</executable>
<lib>/usr/local/lib/python3.4/dist-packages/nose_parameterized-0.5.0-py3.4.egg</lib>
<lib>/usr/local/lib/python3.4/dist-packages/nose-1.3.7-py3.4.egg</lib>
<lib>/usr/local/lib/python3.4/dist-packages/unittest2-1.1.0-py3.4.egg</lib>
<lib>/usr/local/lib/python3.4/dist-packages/traceback2-1.4.0-py3.4.egg</lib>
<lib>/usr/local/lib/python3.4/dist-packages/argparse-1.1-py3.4.egg</lib>
<lib>/usr/local/lib/python3.4/dist-packages/linecache2-1.0.0-py3.4.egg</lib>
<lib>/usr/lib/python3.4</lib>
<lib>/usr/lib/python3.4/plat-x86_64-linux-gnu</lib>
<lib>/usr/lib/python3.4/lib-dynload</lib>
<lib>/usr/local/lib/python3.4/dist-packages</lib>
<lib>/usr/lib/python3/dist-packages</lib>
<forced_lib>Image</forced_lib>
<forced_lib>OpenGL</forced_lib>
<forced_lib>_ast</forced_lib>
<forced_lib>_bisect</forced_lib>
<forced_lib>_bytesio</forced_lib>
<forced_lib>_codecs</forced_lib>
<forced_lib>_codecs_cn</forced_lib>
<forced_lib>_codecs_hk</forced_lib>
<forced_lib>_codecs_iso2022</forced_lib>
<forced_lib>_codecs_jp</forced_lib>
<forced_lib>_codecs_kr</forced_lib>
<forced_lib>_codecs_tw</forced_lib>
<forced_lib>_collections</forced_lib>
<forced_lib>_csv</forced_lib>
<forced_lib>_datetime</forced_lib>
<forced_lib>_elementtree</forced_lib>
<forced_lib>_fileio</forced_lib>
<forced_lib>_functools</forced_lib>
<forced_lib>_heapq</forced_lib>
<forced_lib>_hotshot</forced_lib>
<forced_lib>_imp</forced_lib>
<forced_lib>_io</forced_lib>
<forced_lib>_json</forced_lib>
<forced_lib>_locale</forced_lib>
<forced_lib>_lsprof</forced_lib>
<forced_lib>_md5</forced_lib>
<forced_lib>_multibytecodec</forced_lib>
<forced_lib>_operator</forced_lib>
<forced_lib>_pickle</forced_lib>
<forced_lib>_posixsubprocess</forced_lib>
<forced_lib>_random</forced_lib>
<forced_lib>_sha</forced_lib>
<forced_lib>_sha1</forced_lib>
<forced_lib>_sha256</forced_lib>
<forced_lib>_sha512</forced_lib>
<forced_lib>_socket</forced_lib>
<forced_lib>_sre</forced_lib>
<forced_lib>_stat</forced_lib>
<forced_lib>_string</forced_lib>
<forced_lib>_struct</forced_lib>
<forced_lib>_subprocess</forced_lib>
<forced_lib>_symtable</forced_lib>
<forced_lib>_thread</forced_lib>
<forced_lib>_tracemalloc</forced_lib>
<forced_lib>_warnings</forced_lib>
<forced_lib>_weakref</forced_lib>
<forced_lib>_winreg</forced_lib>
<forced_lib>array</forced_lib>
<forced_lib>atexit</forced_lib>
<forced_lib>audioop</forced_lib>
<forced_lib>binascii</forced_lib>
<forced_lib>builtins</forced_lib>
<forced_lib>cPickle</forced_lib>
<forced_lib>cStringIO</forced_lib>
<forced_lib>cmath</forced_lib>
<forced_lib>datetime</forced_lib>
<forced_lib>email</forced_lib>
<forced_lib>errno</forced_lib>
<forced_lib>exceptions</forced_lib>
<forced_lib>faulthandler</forced_lib>
<forced_lib>fcntl</forced_lib>
<forced_lib>future_builtins</forced_lib>
<forced_lib>gc</forced_lib>
<forced_lib>gi</forced_lib>
<forced_lib>grp</forced_lib>
<forced_lib>hashlib</forced_lib>
<forced_lib>imageop</forced_lib>
<forced_lib>imp</forced_lib>
<forced_lib>itertools</forced_lib>
<forced_lib>marshal</forced_lib>
<forced_lib>math</forced_lib>
<forced_lib>mmap</forced_lib>
<forced_lib>mock</forced_lib>
<forced_lib>msvcrt</forced_lib>
<forced_lib>multiprocessing</forced_lib>
<forced_lib>nose</forced_lib>
<forced_lib>nose.tools</forced_lib>
<forced_lib>nt</forced_lib>
<forced_lib>numpy</forced_lib>
<forced_lib>operator</forced_lib>
<forced_lib>os</forced_lib>
<forced_lib>os.path</forced_lib>
<forced_lib>parser</forced_lib>
<forced_lib>posix</forced_lib>
<forced_lib>pwd</forced_lib>
<forced_lib>pyexpat</forced_lib>
<forced_lib>pytest</forced_lib>
<forced_lib>scipy</forced_lib>
<forced_lib>select</forced_lib>
<forced_lib>signal</forced_lib>
<forced_lib>socket</forced_lib>
<forced_lib>spwd</forced_lib>
<forced_lib>strop</forced_lib>
<forced_lib>sys</forced_lib>
<forced_lib>syslog</forced_lib>
<forced_lib>thread</forced_lib>
<forced_lib>time</forced_lib>
<forced_lib>unicodedata</forced_lib>
<forced_lib>wx</forced_lib>
<forced_lib>wxPython</forced_lib>
<forced_lib>xxsubtype</forced_lib>
<forced_lib>zipimport</forced_lib>
<forced_lib>zlib</forced_lib>
</xml>
- Ok, file is non-null. Getting info on:/usr/bin/python2.7
- Beggining task:Getting libs totalWork:100
- Setting task name:Mounting executable string...
- Setting task name:Executing:  /usr/bin/python2.7 -u /home/david/.p2/pool/plugins/org.python.pydev_5.1.2.201606231256/pysrc/interpreterInfo.py
- Setting task name:Making pythonpath environment... /usr/bin/python2.7 -u /home/david/.p2/pool/plugins/org.python.pydev_5.1.2.201606231256/pysrc/interpreterInfo.py
- Setting task name:Making exec... /usr/bin/python2.7 -u /home/david/.p2/pool/plugins/org.python.pydev_5.1.2.201606231256/pysrc/interpreterInfo.py
- Setting task name:Reading output...
- Setting task name:Waiting for process to finish.
- Success getting the info. Result:<xml>
<name>python</name>
<version>2.7</version>
<executable>/usr/bin/python2.7</executable>
<lib>/usr/lib/python2.7</lib>
<lib>/usr/lib/python2.7/plat-x86_64-linux-gnu</lib>
<lib>/usr/lib/python2.7/lib-tk</lib>
<lib>/usr/lib/python2.7/lib-dynload</lib>
<lib>/usr/local/lib/python2.7/dist-packages</lib>
<lib>/usr/lib/python2.7/dist-packages</lib>
<lib>/usr/lib/python2.7/dist-packages/PILcompat</lib>
<lib>/usr/lib/python2.7/dist-packages/gtk-2.0</lib>
<lib>/usr/lib/pymodules/python2.7</lib>
<lib>/usr/lib/python2.7/dist-packages/wx-3.0-gtk2</lib>
<forced_lib>Image</forced_lib>
<forced_lib>OpenGL</forced_lib>
<forced_lib>__builtin__</forced_lib>
<forced_lib>__main__</forced_lib>
<forced_lib>_ast</forced_lib>
<forced_lib>_bisect</forced_lib>
<forced_lib>_bytesio</forced_lib>
<forced_lib>_codecs</forced_lib>
<forced_lib>_codecs_cn</forced_lib>
<forced_lib>_codecs_hk</forced_lib>
<forced_lib>_codecs_iso2022</forced_lib>
<forced_lib>_codecs_jp</forced_lib>
<forced_lib>_codecs_kr</forced_lib>
<forced_lib>_codecs_tw</forced_lib>
<forced_lib>_collections</forced_lib>
<forced_lib>_csv</forced_lib>
<forced_lib>_fileio</forced_lib>
<forced_lib>_functools</forced_lib>
<forced_lib>_heapq</forced_lib>
<forced_lib>_hotshot</forced_lib>
<forced_lib>_io</forced_lib>
<forced_lib>_json</forced_lib>
<forced_lib>_locale</forced_lib>
<forced_lib>_lsprof</forced_lib>
<forced_lib>_md5</forced_lib>
<forced_lib>_multibytecodec</forced_lib>
<forced_lib>_random</forced_lib>
<forced_lib>_sha</forced_lib>
<forced_lib>_sha256</forced_lib>
<forced_lib>_sha512</forced_lib>
<forced_lib>_socket</forced_lib>
<forced_lib>_sre</forced_lib>
<forced_lib>_struct</forced_lib>
<forced_lib>_subprocess</forced_lib>
<forced_lib>_symtable</forced_lib>
<forced_lib>_warnings</forced_lib>
<forced_lib>_weakref</forced_lib>
<forced_lib>_winreg</forced_lib>
<forced_lib>array</forced_lib>
<forced_lib>audioop</forced_lib>
<forced_lib>binascii</forced_lib>
<forced_lib>cPickle</forced_lib>
<forced_lib>cStringIO</forced_lib>
<forced_lib>cmath</forced_lib>
<forced_lib>datetime</forced_lib>
<forced_lib>email</forced_lib>
<forced_lib>errno</forced_lib>
<forced_lib>exceptions</forced_lib>
<forced_lib>fcntl</forced_lib>
<forced_lib>future_builtins</forced_lib>
<forced_lib>gc</forced_lib>
<forced_lib>gi</forced_lib>
<forced_lib>grp</forced_lib>
<forced_lib>hashlib</forced_lib>
<forced_lib>imageop</forced_lib>
<forced_lib>imp</forced_lib>
<forced_lib>itertools</forced_lib>
<forced_lib>marshal</forced_lib>
<forced_lib>math</forced_lib>
<forced_lib>mmap</forced_lib>
<forced_lib>mock</forced_lib>
<forced_lib>msvcrt</forced_lib>
<forced_lib>multiprocessing</forced_lib>
<forced_lib>nose</forced_lib>
<forced_lib>nose.tools</forced_lib>
<forced_lib>nt</forced_lib>
<forced_lib>numpy</forced_lib>
<forced_lib>operator</forced_lib>
<forced_lib>os</forced_lib>
<forced_lib>os.path</forced_lib>
<forced_lib>parser</forced_lib>
<forced_lib>posix</forced_lib>
<forced_lib>pwd</forced_lib>
<forced_lib>pytest</forced_lib>
<forced_lib>scipy</forced_lib>
<forced_lib>select</forced_lib>
<forced_lib>signal</forced_lib>
<forced_lib>socket</forced_lib>
<forced_lib>spwd</forced_lib>
<forced_lib>strop</forced_lib>
<forced_lib>sys</forced_lib>
<forced_lib>syslog</forced_lib>
<forced_lib>thread</forced_lib>
<forced_lib>time</forced_lib>
<forced_lib>unicodedata</forced_lib>
<forced_lib>wx</forced_lib>
<forced_lib>wxPython</forced_lib>
<forced_lib>xxsubtype</forced_lib>
<forced_lib>zipimport</forced_lib>
<forced_lib>zlib</forced_lib>
</xml>
- Ok, file is non-null. Getting info on:/usr/bin/python2
- Beggining task:Getting libs totalWork:100
- Setting task name:Mounting executable string...
- Setting task name:Executing:  /usr/bin/python2 -u /home/david/.p2/pool/plugins/org.python.pydev_5.1.2.201606231256/pysrc/interpreterInfo.py
- Setting task name:Making pythonpath environment... /usr/bin/python2 -u /home/david/.p2/pool/plugins/org.python.pydev_5.1.2.201606231256/pysrc/interpreterInfo.py
- Setting task name:Making exec... /usr/bin/python2 -u /home/david/.p2/pool/plugins/org.python.pydev_5.1.2.201606231256/pysrc/interpreterInfo.py
- Setting task name:Reading output...
- Setting task name:Waiting for process to finish.
- Success getting the info. Result:<xml>
<name>python</name>
<version>2.7</version>
<executable>/usr/bin/python2</executable>
<lib>/usr/lib/python2.7</lib>
<lib>/usr/lib/python2.7/plat-x86_64-linux-gnu</lib>
<lib>/usr/lib/python2.7/lib-tk</lib>
<lib>/usr/lib/python2.7/lib-dynload</lib>
<lib>/usr/local/lib/python2.7/dist-packages</lib>
<lib>/usr/lib/python2.7/dist-packages</lib>
<lib>/usr/lib/python2.7/dist-packages/PILcompat</lib>
<lib>/usr/lib/python2.7/dist-packages/gtk-2.0</lib>
<lib>/usr/lib/pymodules/python2.7</lib>
<lib>/usr/lib/python2.7/dist-packages/wx-3.0-gtk2</lib>
<forced_lib>Image</forced_lib>
<forced_lib>OpenGL</forced_lib>
<forced_lib>__builtin__</forced_lib>
<forced_lib>__main__</forced_lib>
<forced_lib>_ast</forced_lib>
<forced_lib>_bisect</forced_lib>
<forced_lib>_bytesio</forced_lib>
<forced_lib>_codecs</forced_lib>
<forced_lib>_codecs_cn</forced_lib>
<forced_lib>_codecs_hk</forced_lib>
<forced_lib>_codecs_iso2022</forced_lib>
<forced_lib>_codecs_jp</forced_lib>
<forced_lib>_codecs_kr</forced_lib>
<forced_lib>_codecs_tw</forced_lib>
<forced_lib>_collections</forced_lib>
<forced_lib>_csv</forced_lib>
<forced_lib>_fileio</forced_lib>
<forced_lib>_functools</forced_lib>
<forced_lib>_heapq</forced_lib>
<forced_lib>_hotshot</forced_lib>
<forced_lib>_io</forced_lib>
<forced_lib>_json</forced_lib>
<forced_lib>_locale</forced_lib>
<forced_lib>_lsprof</forced_lib>
<forced_lib>_md5</forced_lib>
<forced_lib>_multibytecodec</forced_lib>
<forced_lib>_random</forced_lib>
<forced_lib>_sha</forced_lib>
<forced_lib>_sha256</forced_lib>
<forced_lib>_sha512</forced_lib>
<forced_lib>_socket</forced_lib>
<forced_lib>_sre</forced_lib>
<forced_lib>_struct</forced_lib>
<forced_lib>_subprocess</forced_lib>
<forced_lib>_symtable</forced_lib>
<forced_lib>_warnings</forced_lib>
<forced_lib>_weakref</forced_lib>
<forced_lib>_winreg</forced_lib>
<forced_lib>array</forced_lib>
<forced_lib>audioop</forced_lib>
<forced_lib>binascii</forced_lib>
<forced_lib>cPickle</forced_lib>
<forced_lib>cStringIO</forced_lib>
<forced_lib>cmath</forced_lib>
<forced_lib>datetime</forced_lib>
<forced_lib>email</forced_lib>
<forced_lib>errno</forced_lib>
<forced_lib>exceptions</forced_lib>
<forced_lib>fcntl</forced_lib>
<forced_lib>future_builtins</forced_lib>
<forced_lib>gc</forced_lib>
<forced_lib>gi</forced_lib>
<forced_lib>grp</forced_lib>
<forced_lib>hashlib</forced_lib>
<forced_lib>imageop</forced_lib>
<forced_lib>imp</forced_lib>
<forced_lib>itertools</forced_lib>
<forced_lib>marshal</forced_lib>
<forced_lib>math</forced_lib>
<forced_lib>mmap</forced_lib>
<forced_lib>mock</forced_lib>
<forced_lib>msvcrt</forced_lib>
<forced_lib>multiprocessing</forced_lib>
<forced_lib>nose</forced_lib>
<forced_lib>nose.tools</forced_lib>
<forced_lib>nt</forced_lib>
<forced_lib>numpy</forced_lib>
<forced_lib>operator</forced_lib>
<forced_lib>os</forced_lib>
<forced_lib>os.path</forced_lib>
<forced_lib>parser</forced_lib>
<forced_lib>posix</forced_lib>
<forced_lib>pwd</forced_lib>
<forced_lib>pytest</forced_lib>
<forced_lib>scipy</forced_lib>
<forced_lib>select</forced_lib>
<forced_lib>signal</forced_lib>
<forced_lib>socket</forced_lib>
<forced_lib>spwd</forced_lib>
<forced_lib>strop</forced_lib>
<forced_lib>sys</forced_lib>
<forced_lib>syslog</forced_lib>
<forced_lib>thread</forced_lib>
<forced_lib>time</forced_lib>
<forced_lib>unicodedata</forced_lib>
<forced_lib>wx</forced_lib>
<forced_lib>wxPython</forced_lib>
<forced_lib>xxsubtype</forced_lib>
<forced_lib>zipimport</forced_lib>
<forced_lib>zlib</forced_lib>
</xml>
- Ok, file is non-null. Getting info on:/usr/bin/python3.4
- Beggining task:Getting libs totalWork:100
- Setting task name:Mounting executable string...
- Setting task name:Executing:  /usr/bin/python3.4 -u /home/david/.p2/pool/plugins/org.python.pydev_5.1.2.201606231256/pysrc/interpreterInfo.py
- Setting task name:Making pythonpath environment... /usr/bin/python3.4 -u /home/david/.p2/pool/plugins/org.python.pydev_5.1.2.201606231256/pysrc/interpreterInfo.py
- Setting task name:Making exec... /usr/bin/python3.4 -u /home/david/.p2/pool/plugins/org.python.pydev_5.1.2.201606231256/pysrc/interpreterInfo.py
- Setting task name:Reading output...
- Setting task name:Waiting for process to finish.
- Success getting the info. Result:<xml>
<name>python</name>
<version>3.4</version>
<executable>/usr/bin/python3.4</executable>
<lib>/usr/local/lib/python3.4/dist-packages/nose_parameterized-0.5.0-py3.4.egg</lib>
<lib>/usr/local/lib/python3.4/dist-packages/nose-1.3.7-py3.4.egg</lib>
<lib>/usr/local/lib/python3.4/dist-packages/unittest2-1.1.0-py3.4.egg</lib>
<lib>/usr/local/lib/python3.4/dist-packages/traceback2-1.4.0-py3.4.egg</lib>
<lib>/usr/local/lib/python3.4/dist-packages/argparse-1.1-py3.4.egg</lib>
<lib>/usr/local/lib/python3.4/dist-packages/linecache2-1.0.0-py3.4.egg</lib>
<lib>/usr/lib/python3.4</lib>
<lib>/usr/lib/python3.4/plat-x86_64-linux-gnu</lib>
<lib>/usr/lib/python3.4/lib-dynload</lib>
<lib>/usr/local/lib/python3.4/dist-packages</lib>
<lib>/usr/lib/python3/dist-packages</lib>
<forced_lib>Image</forced_lib>
<forced_lib>OpenGL</forced_lib>
<forced_lib>_ast</forced_lib>
<forced_lib>_bisect</forced_lib>
<forced_lib>_bytesio</forced_lib>
<forced_lib>_codecs</forced_lib>
<forced_lib>_codecs_cn</forced_lib>
<forced_lib>_codecs_hk</forced_lib>
<forced_lib>_codecs_iso2022</forced_lib>
<forced_lib>_codecs_jp</forced_lib>
<forced_lib>_codecs_kr</forced_lib>
<forced_lib>_codecs_tw</forced_lib>
<forced_lib>_collections</forced_lib>
<forced_lib>_csv</forced_lib>
<forced_lib>_datetime</forced_lib>
<forced_lib>_elementtree</forced_lib>
<forced_lib>_fileio</forced_lib>
<forced_lib>_functools</forced_lib>
<forced_lib>_heapq</forced_lib>
<forced_lib>_hotshot</forced_lib>
<forced_lib>_imp</forced_lib>
<forced_lib>_io</forced_lib>
<forced_lib>_json</forced_lib>
<forced_lib>_locale</forced_lib>
<forced_lib>_lsprof</forced_lib>
<forced_lib>_md5</forced_lib>
<forced_lib>_multibytecodec</forced_lib>
<forced_lib>_operator</forced_lib>
<forced_lib>_pickle</forced_lib>
<forced_lib>_posixsubprocess</forced_lib>
<forced_lib>_random</forced_lib>
<forced_lib>_sha</forced_lib>
<forced_lib>_sha1</forced_lib>
<forced_lib>_sha256</forced_lib>
<forced_lib>_sha512</forced_lib>
<forced_lib>_socket</forced_lib>
<forced_lib>_sre</forced_lib>
<forced_lib>_stat</forced_lib>
<forced_lib>_string</forced_lib>
<forced_lib>_struct</forced_lib>
<forced_lib>_subprocess</forced_lib>
<forced_lib>_symtable</forced_lib>
<forced_lib>_thread</forced_lib>
<forced_lib>_tracemalloc</forced_lib>
<forced_lib>_warnings</forced_lib>
<forced_lib>_weakref</forced_lib>
<forced_lib>_winreg</forced_lib>
<forced_lib>array</forced_lib>
<forced_lib>atexit</forced_lib>
<forced_lib>audioop</forced_lib>
<forced_lib>binascii</forced_lib>
<forced_lib>builtins</forced_lib>
<forced_lib>cPickle</forced_lib>
<forced_lib>cStringIO</forced_lib>
<forced_lib>cmath</forced_lib>
<forced_lib>datetime</forced_lib>
<forced_lib>email</forced_lib>
<forced_lib>errno</forced_lib>
<forced_lib>exceptions</forced_lib>
<forced_lib>faulthandler</forced_lib>
<forced_lib>fcntl</forced_lib>
<forced_lib>future_builtins</forced_lib>
<forced_lib>gc</forced_lib>
<forced_lib>gi</forced_lib>
<forced_lib>grp</forced_lib>
<forced_lib>hashlib</forced_lib>
<forced_lib>imageop</forced_lib>
<forced_lib>imp</forced_lib>
<forced_lib>itertools</forced_lib>
<forced_lib>marshal</forced_lib>
<forced_lib>math</forced_lib>
<forced_lib>mmap</forced_lib>
<forced_lib>mock</forced_lib>
<forced_lib>msvcrt</forced_lib>
<forced_lib>multiprocessing</forced_lib>
<forced_lib>nose</forced_lib>
<forced_lib>nose.tools</forced_lib>
<forced_lib>nt</forced_lib>
<forced_lib>numpy</forced_lib>
<forced_lib>operator</forced_lib>
<forced_lib>os</forced_lib>
<forced_lib>os.path</forced_lib>
<forced_lib>parser</forced_lib>
<forced_lib>posix</forced_lib>
<forced_lib>pwd</forced_lib>
<forced_lib>pyexpat</forced_lib>
<forced_lib>pytest</forced_lib>
<forced_lib>scipy</forced_lib>
<forced_lib>select</forced_lib>
<forced_lib>signal</forced_lib>
<forced_lib>socket</forced_lib>
<forced_lib>spwd</forced_lib>
<forced_lib>strop</forced_lib>
<forced_lib>sys</forced_lib>
<forced_lib>syslog</forced_lib>
<forced_lib>thread</forced_lib>
<forced_lib>time</forced_lib>
<forced_lib>unicodedata</forced_lib>
<forced_lib>wx</forced_lib>
<forced_lib>wxPython</forced_lib>
<forced_lib>xxsubtype</forced_lib>
<forced_lib>zipimport</forced_lib>
<forced_lib>zlib</forced_lib>
</xml>
- Ok, file is non-null. Getting info on:/usr/bin/python2.7
- Beggining task:Getting libs totalWork:100
- Setting task name:Mounting executable string...
- Setting task name:Executing:  /usr/bin/python2.7 -u /home/david/.p2/pool/plugins/org.python.pydev_5.1.2.201606231256/pysrc/interpreterInfo.py
- Setting task name:Making pythonpath environment... /usr/bin/python2.7 -u /home/david/.p2/pool/plugins/org.python.pydev_5.1.2.201606231256/pysrc/interpreterInfo.py
- Setting task name:Making exec... /usr/bin/python2.7 -u /home/david/.p2/pool/plugins/org.python.pydev_5.1.2.201606231256/pysrc/interpreterInfo.py
- Setting task name:Reading output...
- Setting task name:Waiting for process to finish.
- Success getting the info. Result:<xml>
<name>python</name>
<version>2.7</version>
<executable>/usr/bin/python2.7</executable>
<lib>/usr/lib/python2.7</lib>
<lib>/usr/lib/python2.7/plat-x86_64-linux-gnu</lib>
<lib>/usr/lib/python2.7/lib-tk</lib>
<lib>/usr/lib/python2.7/lib-dynload</lib>
<lib>/usr/local/lib/python2.7/dist-packages</lib>
<lib>/usr/lib/python2.7/dist-packages</lib>
<lib>/usr/lib/python2.7/dist-packages/PILcompat</lib>
<lib>/usr/lib/python2.7/dist-packages/gtk-2.0</lib>
<lib>/usr/lib/pymodules/python2.7</lib>
<lib>/usr/lib/python2.7/dist-packages/wx-3.0-gtk2</lib>
<forced_lib>Image</forced_lib>
<forced_lib>OpenGL</forced_lib>
<forced_lib>__builtin__</forced_lib>
<forced_lib>__main__</forced_lib>
<forced_lib>_ast</forced_lib>
<forced_lib>_bisect</forced_lib>
<forced_lib>_bytesio</forced_lib>
<forced_lib>_codecs</forced_lib>
<forced_lib>_codecs_cn</forced_lib>
<forced_lib>_codecs_hk</forced_lib>
<forced_lib>_codecs_iso2022</forced_lib>
<forced_lib>_codecs_jp</forced_lib>
<forced_lib>_codecs_kr</forced_lib>
<forced_lib>_codecs_tw</forced_lib>
<forced_lib>_collections</forced_lib>
<forced_lib>_csv</forced_lib>
<forced_lib>_fileio</forced_lib>
<forced_lib>_functools</forced_lib>
<forced_lib>_heapq</forced_lib>
<forced_lib>_hotshot</forced_lib>
<forced_lib>_io</forced_lib>
<forced_lib>_json</forced_lib>
<forced_lib>_locale</forced_lib>
<forced_lib>_lsprof</forced_lib>
<forced_lib>_md5</forced_lib>
<forced_lib>_multibytecodec</forced_lib>
<forced_lib>_random</forced_lib>
<forced_lib>_sha</forced_lib>
<forced_lib>_sha256</forced_lib>
<forced_lib>_sha512</forced_lib>
<forced_lib>_socket</forced_lib>
<forced_lib>_sre</forced_lib>
<forced_lib>_struct</forced_lib>
<forced_lib>_subprocess</forced_lib>
<forced_lib>_symtable</forced_lib>
<forced_lib>_warnings</forced_lib>
<forced_lib>_weakref</forced_lib>
<forced_lib>_winreg</forced_lib>
<forced_lib>array</forced_lib>
<forced_lib>audioop</forced_lib>
<forced_lib>binascii</forced_lib>
<forced_lib>cPickle</forced_lib>
<forced_lib>cStringIO</forced_lib>
<forced_lib>cmath</forced_lib>
<forced_lib>datetime</forced_lib>
<forced_lib>email</forced_lib>
<forced_lib>errno</forced_lib>
<forced_lib>exceptions</forced_lib>
<forced_lib>fcntl</forced_lib>
<forced_lib>future_builtins</forced_lib>
<forced_lib>gc</forced_lib>
<forced_lib>gi</forced_lib>
<forced_lib>grp</forced_lib>
<forced_lib>hashlib</forced_lib>
<forced_lib>imageop</forced_lib>
<forced_lib>imp</forced_lib>
<forced_lib>itertools</forced_lib>
<forced_lib>marshal</forced_lib>
<forced_lib>math</forced_lib>
<forced_lib>mmap</forced_lib>
<forced_lib>mock</forced_lib>
<forced_lib>msvcrt</forced_lib>
<forced_lib>multiprocessing</forced_lib>
<forced_lib>nose</forced_lib>
<forced_lib>nose.tools</forced_lib>
<forced_lib>nt</forced_lib>
<forced_lib>numpy</forced_lib>
<forced_lib>operator</forced_lib>
<forced_lib>os</forced_lib>
<forced_lib>os.path</forced_lib>
<forced_lib>parser</forced_lib>
<forced_lib>posix</forced_lib>
<forced_lib>pwd</forced_lib>
<forced_lib>pytest</forced_lib>
<forced_lib>scipy</forced_lib>
<forced_lib>select</forced_lib>
<forced_lib>signal</forced_lib>
<forced_lib>socket</forced_lib>
<forced_lib>spwd</forced_lib>
<forced_lib>strop</forced_lib>
<forced_lib>sys</forced_lib>
<forced_lib>syslog</forced_lib>
<forced_lib>thread</forced_lib>
<forced_lib>time</forced_lib>
<forced_lib>unicodedata</forced_lib>
<forced_lib>wx</forced_lib>
<forced_lib>wxPython</forced_lib>
<forced_lib>xxsubtype</forced_lib>
<forced_lib>zipimport</forced_lib>
<forced_lib>zlib</forced_lib>
</xml>

	at org.python.pydev.core.log.Log.logInfo(Log.java:66)
	at org.python.pydev.ui.pythonpathconf.AutoConfigMaker.autoConfigSingleApply(AutoConfigMaker.java:177)
	at org.python.pydev.ui.interpreters.AbstractInterpreterManager$ConfigureInterpreterJob.runInUIThread(AbstractInterpreterManager.java:297)
	at org.eclipse.ui.progress.UIJob$1.run(UIJob.java:97)
	at org.eclipse.swt.widgets.RunnableLock.run(RunnableLock.java:35)
	at org.eclipse.swt.widgets.Synchronizer.runAsyncMessages(Synchronizer.java:182)
	at org.eclipse.swt.widgets.Display.runAsyncMessages(Display.java:4528)
	at org.eclipse.swt.widgets.Display.readAndDispatch(Display.java:4146)
	at org.eclipse.jface.window.Window.runEventLoop(Window.java:818)
	at org.eclipse.jface.window.Window.open(Window.java:794)
	at org.python.pydev.plugin.preferences.CheckDefaultPreferencesDialog$1.run(CheckDefaultPreferencesDialog.java:244)
	at org.eclipse.swt.widgets.RunnableLock.run(RunnableLock.java:35)
	at org.eclipse.swt.widgets.Synchronizer.runAsyncMessages(Synchronizer.java:182)
	at org.eclipse.swt.widgets.Display.runAsyncMessages(Display.java:4528)
	at org.eclipse.swt.widgets.Display.readAndDispatch(Display.java:4146)
	at org.eclipse.e4.ui.internal.workbench.swt.PartRenderingEngine$4.run(PartRenderingEngine.java:1121)
	at org.eclipse.core.databinding.observable.Realm.runWithDefault(Realm.java:336)
	at org.eclipse.e4.ui.internal.workbench.swt.PartRenderingEngine.run(PartRenderingEngine.java:1022)
	at org.eclipse.e4.ui.internal.workbench.E4Workbench.createAndRunUI(E4Workbench.java:150)
	at org.eclipse.ui.internal.Workbench$5.run(Workbench.java:687)
	at org.eclipse.core.databinding.observable.Realm.runWithDefault(Realm.java:336)
	at org.eclipse.ui.internal.Workbench.createAndRunWorkbench(Workbench.java:604)
	at org.eclipse.ui.PlatformUI.createAndRunWorkbench(PlatformUI.java:148)
	at org.eclipse.ui.internal.ide.application.IDEApplication.start(IDEApplication.java:138)
	at org.eclipse.equinox.internal.app.EclipseAppHandle.run(EclipseAppHandle.java:196)
	at org.eclipse.core.runtime.internal.adaptor.EclipseAppLauncher.runApplication(EclipseAppLauncher.java:134)
	at org.eclipse.core.runtime.internal.adaptor.EclipseAppLauncher.start(EclipseAppLauncher.java:104)
	at org.eclipse.core.runtime.adaptor.EclipseStarter.run(EclipseStarter.java:388)
	at org.eclipse.core.runtime.adaptor.EclipseStarter.run(EclipseStarter.java:243)
	at sun.reflect.NativeMethodAccessorImpl.invoke0(Native Method)
	at sun.reflect.NativeMethodAccessorImpl.invoke(NativeMethodAccessorImpl.java:62)
	at sun.reflect.DelegatingMethodAccessorImpl.invoke(DelegatingMethodAccessorImpl.java:43)
	at java.lang.reflect.Method.invoke(Method.java:498)
	at org.eclipse.equinox.launcher.Main.invokeFramework(Main.java:673)
	at org.eclipse.equinox.launcher.Main.basicRun(Main.java:610)
	at org.eclipse.equinox.launcher.Main.run(Main.java:1519)
	at org.eclipse.equinox.launcher.Main.main(Main.java:1492)

!ENTRY org.python.pydev.shared_core 1 1 2016-08-27 15:08:18.153
!MESSAGE Restoring info for: /usr/bin/python2.7
!STACK 0
java.lang.RuntimeException: Restoring info for: /usr/bin/python2.7
	at org.python.pydev.ui.interpreters.AbstractInterpreterManager.getInterpretersFromPersistedString(AbstractInterpreterManager.java:529)
	at org.python.pydev.ui.interpreters.AbstractInterpreterManager.internalRecreateCacheGetInterpreterInfos(AbstractInterpreterManager.java:345)
	at org.python.pydev.ui.interpreters.AbstractInterpreterManager.setInfos(AbstractInterpreterManager.java:655)
	at org.python.pydev.ui.pythonpathconf.AutoConfigMaker$1.run(AutoConfigMaker.java:137)
	at org.eclipse.core.internal.jobs.Worker.run(Worker.java:55)
Caused by: java.io.IOException: Expecting: /home/david/hyperspace_waves/workspace-transform/transform/.metadata/.plugins/org.python.pydev/v1_3tswbhuj9gc4kibexhrzgzdx/modulesKeys to exist (and be a file).
	at org.python.pydev.editor.codecompletion.revisited.ModulesManager.loadFromFile(ModulesManager.java:293)
	at org.python.pydev.editor.codecompletion.revisited.SystemModulesManager.load(SystemModulesManager.java:386)
	at org.python.pydev.ui.interpreters.AbstractInterpreterManager.getInterpretersFromPersistedString(AbstractInterpreterManager.java:527)
	... 4 more

!ENTRY org.python.pydev.shared_core 1 1 2016-08-27 15:08:19.442
!MESSAGE Finished restoring information for: /usr/bin/python2.7 at: /home/david/hyperspace_waves/workspace-transform/transform/.metadata/.plugins/org.python.pydev/v1_3tswbhuj9gc4kibexhrzgzdx
!STACK 0
java.lang.RuntimeException: Finished restoring information for: /usr/bin/python2.7 at: /home/david/hyperspace_waves/workspace-transform/transform/.metadata/.plugins/org.python.pydev/v1_3tswbhuj9gc4kibexhrzgzdx
	at org.python.pydev.core.log.Log.logInfo(Log.java:66)
	at org.python.pydev.ui.interpreters.AbstractInterpreterManager.getInterpretersFromPersistedString(AbstractInterpreterManager.java:574)
	at org.python.pydev.ui.interpreters.AbstractInterpreterManager.internalRecreateCacheGetInterpreterInfos(AbstractInterpreterManager.java:345)
	at org.python.pydev.ui.interpreters.AbstractInterpreterManager.setInfos(AbstractInterpreterManager.java:655)
	at org.python.pydev.ui.pythonpathconf.AutoConfigMaker$1.run(AutoConfigMaker.java:137)
	at org.eclipse.core.internal.jobs.Worker.run(Worker.java:55)

!ENTRY org.python.pydev.shared_core 4 4 2016-08-27 15:08:20.034
!MESSAGE Info: Rebuilding internal caches: /home/david/hyperspace_waves/workspace-transform/transform/.metadata/.plugins/com.python.pydev.analysis/python_v1_3tswbhuj9gc4kibexhrzgzdx/python.pydevsysteminfo (Expected error to be provided and got no error!)

!ENTRY org.python.pydev.shared_core 4 4 2016-08-27 15:08:20.205
!MESSAGE Did not expect to find item below node: Assign[targets=[Name[id=className, ctx=Store, reserved=false]], value=null] (module: Compiler.py).
!STACK 0
java.lang.RuntimeException: Did not expect to find item below node: Assign[targets=[Name[id=className, ctx=Store, reserved=false]], value=null] (module: Compiler.py).
	at org.python.pydev.core.log.Log.log(Log.java:54)
	at org.python.pydev.parser.fastparser.FastDefinitionsParser.endScopesInStack(FastDefinitionsParser.java:589)
	at org.python.pydev.parser.fastparser.FastDefinitionsParser.handleNewLine(FastDefinitionsParser.java:380)
	at org.python.pydev.parser.fastparser.FastDefinitionsParser.extractBody(FastDefinitionsParser.java:249)
	at org.python.pydev.parser.fastparser.FastDefinitionsParser.parse(FastDefinitionsParser.java:676)
	at com.python.pydev.analysis.additionalinfo.AbstractAdditionalTokensInfo.addAstInfo(AbstractAdditionalTokensInfo.java:314)
	at com.python.pydev.analysis.additionalinfo.AbstractAdditionalInfoWithBuild.restoreInfoForModuleManager(AbstractAdditionalInfoWithBuild.java:264)
	at com.python.pydev.analysis.additionalinfo.AdditionalSystemInterpreterInfo.recreateAllInfo(AdditionalSystemInterpreterInfo.java:179)
	at com.python.pydev.analysis.additionalinfo.AdditionalSystemInterpreterInfo.getAdditionalSystemInfo(AdditionalSystemInterpreterInfo.java:155)
	at com.python.pydev.analysis.additionalinfo.AdditionalSystemInterpreterInfo.getAdditionalSystemInfo(AdditionalSystemInterpreterInfo.java:124)
	at com.python.pydev.analysis.additionalinfo.AdditionalSystemInterpreterInfo.recreateAllInfo(AdditionalSystemInterpreterInfo.java:171)
	at com.python.pydev.analysis.additionalinfo.builders.InterpreterObserver.notifyDefaultPythonpathRestored(InterpreterObserver.java:36)
	at org.python.pydev.ui.interpreters.AbstractInterpreterManager.restorePythopathForInterpreters(AbstractInterpreterManager.java:740)
	at org.python.pydev.ui.interpreters.AbstractInterpreterManager.setInfos(AbstractInterpreterManager.java:657)
	at org.python.pydev.ui.pythonpathconf.AutoConfigMaker$1.run(AutoConfigMaker.java:137)
	at org.eclipse.core.internal.jobs.Worker.run(Worker.java:55)

!ENTRY org.python.pydev.shared_core 4 4 2016-08-27 15:08:20.329
!MESSAGE Did not expect to find item below node: Assign[targets=[Name[id=rc, ctx=Store, reserved=false]], value=null] (module: Template.py).
!STACK 0
java.lang.RuntimeException: Did not expect to find item below node: Assign[targets=[Name[id=rc, ctx=Store, reserved=false]], value=null] (module: Template.py).
	at org.python.pydev.core.log.Log.log(Log.java:54)
	at org.python.pydev.parser.fastparser.FastDefinitionsParser.endScopesInStack(FastDefinitionsParser.java:589)
	at org.python.pydev.parser.fastparser.FastDefinitionsParser.handleNewLine(FastDefinitionsParser.java:380)
	at org.python.pydev.parser.fastparser.FastDefinitionsParser.extractBody(FastDefinitionsParser.java:249)
	at org.python.pydev.parser.fastparser.FastDefinitionsParser.parse(FastDefinitionsParser.java:676)
	at com.python.pydev.analysis.additionalinfo.AbstractAdditionalTokensInfo.addAstInfo(AbstractAdditionalTokensInfo.java:314)
	at com.python.pydev.analysis.additionalinfo.AbstractAdditionalInfoWithBuild.restoreInfoForModuleManager(AbstractAdditionalInfoWithBuild.java:264)
	at com.python.pydev.analysis.additionalinfo.AdditionalSystemInterpreterInfo.recreateAllInfo(AdditionalSystemInterpreterInfo.java:179)
	at com.python.pydev.analysis.additionalinfo.AdditionalSystemInterpreterInfo.getAdditionalSystemInfo(AdditionalSystemInterpreterInfo.java:155)
	at com.python.pydev.analysis.additionalinfo.AdditionalSystemInterpreterInfo.getAdditionalSystemInfo(AdditionalSystemInterpreterInfo.java:124)
	at com.python.pydev.analysis.additionalinfo.AdditionalSystemInterpreterInfo.recreateAllInfo(AdditionalSystemInterpreterInfo.java:171)
	at com.python.pydev.analysis.additionalinfo.builders.InterpreterObserver.notifyDefaultPythonpathRestored(InterpreterObserver.java:36)
	at org.python.pydev.ui.interpreters.AbstractInterpreterManager.restorePythopathForInterpreters(AbstractInterpreterManager.java:740)
	at org.python.pydev.ui.interpreters.AbstractInterpreterManager.setInfos(AbstractInterpreterManager.java:657)
	at org.python.pydev.ui.pythonpathconf.AutoConfigMaker$1.run(AutoConfigMaker.java:137)
	at org.eclipse.core.internal.jobs.Worker.run(Worker.java:55)

!ENTRY org.python.pydev.shared_core 4 4 2016-08-27 15:08:22.161
!MESSAGE Did not expect to find item below node: Assign[targets=[Name[id=s, ctx=Store, reserved=false]], value=null] (module: WSDL.py).
!STACK 0
java.lang.RuntimeException: Did not expect to find item below node: Assign[targets=[Name[id=s, ctx=Store, reserved=false]], value=null] (module: WSDL.py).
	at org.python.pydev.core.log.Log.log(Log.java:54)
	at org.python.pydev.parser.fastparser.FastDefinitionsParser.endScopesInStack(FastDefinitionsParser.java:589)
	at org.python.pydev.parser.fastparser.FastDefinitionsParser.handleNewLine(FastDefinitionsParser.java:380)
	at org.python.pydev.parser.fastparser.FastDefinitionsParser.extractBody(FastDefinitionsParser.java:249)
	at org.python.pydev.parser.fastparser.FastDefinitionsParser.parse(FastDefinitionsParser.java:676)
	at com.python.pydev.analysis.additionalinfo.AbstractAdditionalTokensInfo.addAstInfo(AbstractAdditionalTokensInfo.java:314)
	at com.python.pydev.analysis.additionalinfo.AbstractAdditionalInfoWithBuild.restoreInfoForModuleManager(AbstractAdditionalInfoWithBuild.java:264)
	at com.python.pydev.analysis.additionalinfo.AdditionalSystemInterpreterInfo.recreateAllInfo(AdditionalSystemInterpreterInfo.java:179)
	at com.python.pydev.analysis.additionalinfo.AdditionalSystemInterpreterInfo.getAdditionalSystemInfo(AdditionalSystemInterpreterInfo.java:155)
	at com.python.pydev.analysis.additionalinfo.AdditionalSystemInterpreterInfo.getAdditionalSystemInfo(AdditionalSystemInterpreterInfo.java:124)
	at com.python.pydev.analysis.additionalinfo.AdditionalSystemInterpreterInfo.recreateAllInfo(AdditionalSystemInterpreterInfo.java:171)
	at com.python.pydev.analysis.additionalinfo.builders.InterpreterObserver.notifyDefaultPythonpathRestored(InterpreterObserver.java:36)
	at org.python.pydev.ui.interpreters.AbstractInterpreterManager.restorePythopathForInterpreters(AbstractInterpreterManager.java:740)
	at org.python.pydev.ui.interpreters.AbstractInterpreterManager.setInfos(AbstractInterpreterManager.java:657)
	at org.python.pydev.ui.pythonpathconf.AutoConfigMaker$1.run(AutoConfigMaker.java:137)
	at org.eclipse.core.internal.jobs.Worker.run(Worker.java:55)

!ENTRY org.python.pydev.shared_core 4 4 2016-08-27 15:08:23.811
!MESSAGE Did not expect to find item below node: Assign[targets=[Name[id=right_box, ctx=Store, reserved=false]], value=null] (module: tweakview.py).
!STACK 0
java.lang.RuntimeException: Did not expect to find item below node: Assign[targets=[Name[id=right_box, ctx=Store, reserved=false]], value=null] (module: tweakview.py).
	at org.python.pydev.core.log.Log.log(Log.java:54)
	at org.python.pydev.parser.fastparser.FastDefinitionsParser.endScopesInStack(FastDefinitionsParser.java:589)
	at org.python.pydev.parser.fastparser.FastDefinitionsParser.handleNewLine(FastDefinitionsParser.java:380)
	at org.python.pydev.parser.fastparser.FastDefinitionsParser.extractBody(FastDefinitionsParser.java:249)
	at org.python.pydev.parser.fastparser.FastDefinitionsParser.parse(FastDefinitionsParser.java:676)
	at com.python.pydev.analysis.additionalinfo.AbstractAdditionalTokensInfo.addAstInfo(AbstractAdditionalTokensInfo.java:314)
	at com.python.pydev.analysis.additionalinfo.AbstractAdditionalInfoWithBuild.restoreInfoForModuleManager(AbstractAdditionalInfoWithBuild.java:264)
	at com.python.pydev.analysis.additionalinfo.AdditionalSystemInterpreterInfo.recreateAllInfo(AdditionalSystemInterpreterInfo.java:179)
	at com.python.pydev.analysis.additionalinfo.AdditionalSystemInterpreterInfo.getAdditionalSystemInfo(AdditionalSystemInterpreterInfo.java:155)
	at com.python.pydev.analysis.additionalinfo.AdditionalSystemInterpreterInfo.getAdditionalSystemInfo(AdditionalSystemInterpreterInfo.java:124)
	at com.python.pydev.analysis.additionalinfo.AdditionalSystemInterpreterInfo.recreateAllInfo(AdditionalSystemInterpreterInfo.java:171)
	at com.python.pydev.analysis.additionalinfo.builders.InterpreterObserver.notifyDefaultPythonpathRestored(InterpreterObserver.java:36)
	at org.python.pydev.ui.interpreters.AbstractInterpreterManager.restorePythopathForInterpreters(AbstractInterpreterManager.java:740)
	at org.python.pydev.ui.interpreters.AbstractInterpreterManager.setInfos(AbstractInterpreterManager.java:657)
	at org.python.pydev.ui.pythonpathconf.AutoConfigMaker$1.run(AutoConfigMaker.java:137)
	at org.eclipse.core.internal.jobs.Worker.run(Worker.java:55)

!ENTRY org.python.pydev.shared_core 4 4 2016-08-27 15:08:26.058
!MESSAGE Did not expect to find item below node: Assign[targets=[Name[id=srcpackage, ctx=Store, reserved=false]], value=null] (module: checkversions.py).
!STACK 0
java.lang.RuntimeException: Did not expect to find item below node: Assign[targets=[Name[id=srcpackage, ctx=Store, reserved=false]], value=null] (module: checkversions.py).
	at org.python.pydev.core.log.Log.log(Log.java:54)
	at org.python.pydev.parser.fastparser.FastDefinitionsParser.endScopesInStack(FastDefinitionsParser.java:589)
	at org.python.pydev.parser.fastparser.FastDefinitionsParser.handleNewLine(FastDefinitionsParser.java:380)
	at org.python.pydev.parser.fastparser.FastDefinitionsParser.extractBody(FastDefinitionsParser.java:249)
	at org.python.pydev.parser.fastparser.FastDefinitionsParser.parse(FastDefinitionsParser.java:676)
	at com.python.pydev.analysis.additionalinfo.AbstractAdditionalTokensInfo.addAstInfo(AbstractAdditionalTokensInfo.java:314)
	at com.python.pydev.analysis.additionalinfo.AbstractAdditionalInfoWithBuild.restoreInfoForModuleManager(AbstractAdditionalInfoWithBuild.java:264)
	at com.python.pydev.analysis.additionalinfo.AdditionalSystemInterpreterInfo.recreateAllInfo(AdditionalSystemInterpreterInfo.java:179)
	at com.python.pydev.analysis.additionalinfo.AdditionalSystemInterpreterInfo.getAdditionalSystemInfo(AdditionalSystemInterpreterInfo.java:155)
	at com.python.pydev.analysis.additionalinfo.AdditionalSystemInterpreterInfo.getAdditionalSystemInfo(AdditionalSystemInterpreterInfo.java:124)
	at com.python.pydev.analysis.additionalinfo.AdditionalSystemInterpreterInfo.recreateAllInfo(AdditionalSystemInterpreterInfo.java:171)
	at com.python.pydev.analysis.additionalinfo.builders.InterpreterObserver.notifyDefaultPythonpathRestored(InterpreterObserver.java:36)
	at org.python.pydev.ui.interpreters.AbstractInterpreterManager.restorePythopathForInterpreters(AbstractInterpreterManager.java:740)
	at org.python.pydev.ui.interpreters.AbstractInterpreterManager.setInfos(AbstractInterpreterManager.java:657)
	at org.python.pydev.ui.pythonpathconf.AutoConfigMaker$1.run(AutoConfigMaker.java:137)
	at org.eclipse.core.internal.jobs.Worker.run(Worker.java:55)

!ENTRY org.python.pydev.shared_core 4 4 2016-08-27 15:08:27.503
!MESSAGE Did not expect to find item below node: Assign[targets=[Name[id=cnt, ctx=Store, reserved=false]], value=null] (module: calendar.py).
!STACK 0
java.lang.RuntimeException: Did not expect to find item below node: Assign[targets=[Name[id=cnt, ctx=Store, reserved=false]], value=null] (module: calendar.py).
	at org.python.pydev.core.log.Log.log(Log.java:54)
	at org.python.pydev.parser.fastparser.FastDefinitionsParser.endScopesInStack(FastDefinitionsParser.java:589)
	at org.python.pydev.parser.fastparser.FastDefinitionsParser.handleNewLine(FastDefinitionsParser.java:380)
	at org.python.pydev.parser.fastparser.FastDefinitionsParser.extractBody(FastDefinitionsParser.java:249)
	at org.python.pydev.parser.fastparser.FastDefinitionsParser.parse(FastDefinitionsParser.java:676)
	at com.python.pydev.analysis.additionalinfo.AbstractAdditionalTokensInfo.addAstInfo(AbstractAdditionalTokensInfo.java:314)
	at com.python.pydev.analysis.additionalinfo.AbstractAdditionalInfoWithBuild.restoreInfoForModuleManager(AbstractAdditionalInfoWithBuild.java:264)
	at com.python.pydev.analysis.additionalinfo.AdditionalSystemInterpreterInfo.recreateAllInfo(AdditionalSystemInterpreterInfo.java:179)
	at com.python.pydev.analysis.additionalinfo.AdditionalSystemInterpreterInfo.getAdditionalSystemInfo(AdditionalSystemInterpreterInfo.java:155)
	at com.python.pydev.analysis.additionalinfo.AdditionalSystemInterpreterInfo.getAdditionalSystemInfo(AdditionalSystemInterpreterInfo.java:124)
	at com.python.pydev.analysis.additionalinfo.AdditionalSystemInterpreterInfo.recreateAllInfo(AdditionalSystemInterpreterInfo.java:171)
	at com.python.pydev.analysis.additionalinfo.builders.InterpreterObserver.notifyDefaultPythonpathRestored(InterpreterObserver.java:36)
	at org.python.pydev.ui.interpreters.AbstractInterpreterManager.restorePythopathForInterpreters(AbstractInterpreterManager.java:740)
	at org.python.pydev.ui.interpreters.AbstractInterpreterManager.setInfos(AbstractInterpreterManager.java:657)
	at org.python.pydev.ui.pythonpathconf.AutoConfigMaker$1.run(AutoConfigMaker.java:137)
	at org.eclipse.core.internal.jobs.Worker.run(Worker.java:55)

!ENTRY org.python.pydev.shared_core 4 4 2016-08-27 15:08:27.506
!MESSAGE Did not expect to find item below node: Assign[targets=[Name[id=f, ctx=Store, reserved=false]], value=null] (module: calendar.py).
!STACK 0
java.lang.RuntimeException: Did not expect to find item below node: Assign[targets=[Name[id=f, ctx=Store, reserved=false]], value=null] (module: calendar.py).
	at org.python.pydev.core.log.Log.log(Log.java:54)
	at org.python.pydev.parser.fastparser.FastDefinitionsParser.endScopesInStack(FastDefinitionsParser.java:589)
	at org.python.pydev.parser.fastparser.FastDefinitionsParser.handleNewLine(FastDefinitionsParser.java:380)
	at org.python.pydev.parser.fastparser.FastDefinitionsParser.extractBody(FastDefinitionsParser.java:249)
	at org.python.pydev.parser.fastparser.FastDefinitionsParser.parse(FastDefinitionsParser.java:676)
	at com.python.pydev.analysis.additionalinfo.AbstractAdditionalTokensInfo.addAstInfo(AbstractAdditionalTokensInfo.java:314)
	at com.python.pydev.analysis.additionalinfo.AbstractAdditionalInfoWithBuild.restoreInfoForModuleManager(AbstractAdditionalInfoWithBuild.java:264)
	at com.python.pydev.analysis.additionalinfo.AdditionalSystemInterpreterInfo.recreateAllInfo(AdditionalSystemInterpreterInfo.java:179)
	at com.python.pydev.analysis.additionalinfo.AdditionalSystemInterpreterInfo.getAdditionalSystemInfo(AdditionalSystemInterpreterInfo.java:155)
	at com.python.pydev.analysis.additionalinfo.AdditionalSystemInterpreterInfo.getAdditionalSystemInfo(AdditionalSystemInterpreterInfo.java:124)
	at com.python.pydev.analysis.additionalinfo.AdditionalSystemInterpreterInfo.recreateAllInfo(AdditionalSystemInterpreterInfo.java:171)
	at com.python.pydev.analysis.additionalinfo.builders.InterpreterObserver.notifyDefaultPythonpathRestored(InterpreterObserver.java:36)
	at org.python.pydev.ui.interpreters.AbstractInterpreterManager.restorePythopathForInterpreters(AbstractInterpreterManager.java:740)
	at org.python.pydev.ui.interpreters.AbstractInterpreterManager.setInfos(AbstractInterpreterManager.java:657)
	at org.python.pydev.ui.pythonpathconf.AutoConfigMaker$1.run(AutoConfigMaker.java:137)
	at org.eclipse.core.internal.jobs.Worker.run(Worker.java:55)

!ENTRY org.python.pydev.shared_core 4 4 2016-08-27 15:08:27.508
!MESSAGE Did not expect to find item below node: Assign[targets=[Name[id=borderW, ctx=Store, reserved=false]], value=null] (module: calendar.py).
!STACK 0
java.lang.RuntimeException: Did not expect to find item below node: Assign[targets=[Name[id=borderW, ctx=Store, reserved=false]], value=null] (module: calendar.py).
	at org.python.pydev.core.log.Log.log(Log.java:54)
	at org.python.pydev.parser.fastparser.FastDefinitionsParser.endScopesInStack(FastDefinitionsParser.java:589)
	at org.python.pydev.parser.fastparser.FastDefinitionsParser.handleNewLine(FastDefinitionsParser.java:380)
	at org.python.pydev.parser.fastparser.FastDefinitionsParser.extractBody(FastDefinitionsParser.java:249)
	at org.python.pydev.parser.fastparser.FastDefinitionsParser.parse(FastDefinitionsParser.java:676)
	at com.python.pydev.analysis.additionalinfo.AbstractAdditionalTokensInfo.addAstInfo(AbstractAdditionalTokensInfo.java:314)
	at com.python.pydev.analysis.additionalinfo.AbstractAdditionalInfoWithBuild.restoreInfoForModuleManager(AbstractAdditionalInfoWithBuild.java:264)
	at com.python.pydev.analysis.additionalinfo.AdditionalSystemInterpreterInfo.recreateAllInfo(AdditionalSystemInterpreterInfo.java:179)
	at com.python.pydev.analysis.additionalinfo.AdditionalSystemInterpreterInfo.getAdditionalSystemInfo(AdditionalSystemInterpreterInfo.java:155)
	at com.python.pydev.analysis.additionalinfo.AdditionalSystemInterpreterInfo.getAdditionalSystemInfo(AdditionalSystemInterpreterInfo.java:124)
	at com.python.pydev.analysis.additionalinfo.AdditionalSystemInterpreterInfo.recreateAllInfo(AdditionalSystemInterpreterInfo.java:171)
	at com.python.pydev.analysis.additionalinfo.builders.InterpreterObserver.notifyDefaultPythonpathRestored(InterpreterObserver.java:36)
	at org.python.pydev.ui.interpreters.AbstractInterpreterManager.restorePythopathForInterpreters(AbstractInterpreterManager.java:740)
	at org.python.pydev.ui.interpreters.AbstractInterpreterManager.setInfos(AbstractInterpreterManager.java:657)
	at org.python.pydev.ui.pythonpathconf.AutoConfigMaker$1.run(AutoConfigMaker.java:137)
	at org.eclipse.core.internal.jobs.Worker.run(Worker.java:55)

!ENTRY org.python.pydev.shared_core 4 4 2016-08-27 15:08:27.510
!MESSAGE Did not expect to find item below node: Assign[targets=[Attribute[value=Name[id=self, ctx=Load, reserved=false], attr=NameTok[id=pwidth, ctx=Attrib], ctx=Load]], value=null] (module: calendar.py).
!STACK 0
java.lang.RuntimeException: Did not expect to find item below node: Assign[targets=[Attribute[value=Name[id=self, ctx=Load, reserved=false], attr=NameTok[id=pwidth, ctx=Attrib], ctx=Load]], value=null] (module: calendar.py).
	at org.python.pydev.core.log.Log.log(Log.java:54)
	at org.python.pydev.parser.fastparser.FastDefinitionsParser.endScopesInStack(FastDefinitionsParser.java:589)
	at org.python.pydev.parser.fastparser.FastDefinitionsParser.handleNewLine(FastDefinitionsParser.java:380)
	at org.python.pydev.parser.fastparser.FastDefinitionsParser.extractBody(FastDefinitionsParser.java:249)
	at org.python.pydev.parser.fastparser.FastDefinitionsParser.parse(FastDefinitionsParser.java:676)
	at com.python.pydev.analysis.additionalinfo.AbstractAdditionalTokensInfo.addAstInfo(AbstractAdditionalTokensInfo.java:314)
	at com.python.pydev.analysis.additionalinfo.AbstractAdditionalInfoWithBuild.restoreInfoForModuleManager(AbstractAdditionalInfoWithBuild.java:264)
	at com.python.pydev.analysis.additionalinfo.AdditionalSystemInterpreterInfo.recreateAllInfo(AdditionalSystemInterpreterInfo.java:179)
	at com.python.pydev.analysis.additionalinfo.AdditionalSystemInterpreterInfo.getAdditionalSystemInfo(AdditionalSystemInterpreterInfo.java:155)
	at com.python.pydev.analysis.additionalinfo.AdditionalSystemInterpreterInfo.getAdditionalSystemInfo(AdditionalSystemInterpreterInfo.java:124)
	at com.python.pydev.analysis.additionalinfo.AdditionalSystemInterpreterInfo.recreateAllInfo(AdditionalSystemInterpreterInfo.java:171)
	at com.python.pydev.analysis.additionalinfo.builders.InterpreterObserver.notifyDefaultPythonpathRestored(InterpreterObserver.java:36)
	at org.python.pydev.ui.interpreters.AbstractInterpreterManager.restorePythopathForInterpreters(AbstractInterpreterManager.java:740)
	at org.python.pydev.ui.interpreters.AbstractInterpreterManager.setInfos(AbstractInterpreterManager.java:657)
	at org.python.pydev.ui.pythonpathconf.AutoConfigMaker$1.run(AutoConfigMaker.java:137)
	at org.eclipse.core.internal.jobs.Worker.run(Worker.java:55)

!ENTRY org.python.pydev.shared_core 4 4 2016-08-27 15:08:27.708
!MESSAGE Did not expect to find item below node: Assign[targets=[Name[id=v, ctx=Store, reserved=false]], value=null] (module: vec2d.py).
!STACK 0
java.lang.RuntimeException: Did not expect to find item below node: Assign[targets=[Name[id=v, ctx=Store, reserved=false]], value=null] (module: vec2d.py).
	at org.python.pydev.core.log.Log.log(Log.java:54)
	at org.python.pydev.parser.fastparser.FastDefinitionsParser.endScopesInStack(FastDefinitionsParser.java:589)
	at org.python.pydev.parser.fastparser.FastDefinitionsParser.handleNewLine(FastDefinitionsParser.java:380)
	at org.python.pydev.parser.fastparser.FastDefinitionsParser.extractBody(FastDefinitionsParser.java:249)
	at org.python.pydev.parser.fastparser.FastDefinitionsParser.parse(FastDefinitionsParser.java:676)
	at com.python.pydev.analysis.additionalinfo.AbstractAdditionalTokensInfo.addAstInfo(AbstractAdditionalTokensInfo.java:314)
	at com.python.pydev.analysis.additionalinfo.AbstractAdditionalInfoWithBuild.restoreInfoForModuleManager(AbstractAdditionalInfoWithBuild.java:264)
	at com.python.pydev.analysis.additionalinfo.AdditionalSystemInterpreterInfo.recreateAllInfo(AdditionalSystemInterpreterInfo.java:179)
	at com.python.pydev.analysis.additionalinfo.AdditionalSystemInterpreterInfo.getAdditionalSystemInfo(AdditionalSystemInterpreterInfo.java:155)
	at com.python.pydev.analysis.additionalinfo.AdditionalSystemInterpreterInfo.getAdditionalSystemInfo(AdditionalSystemInterpreterInfo.java:124)
	at com.python.pydev.analysis.additionalinfo.AdditionalSystemInterpreterInfo.recreateAllInfo(AdditionalSystemInterpreterInfo.java:171)
	at com.python.pydev.analysis.additionalinfo.builders.InterpreterObserver.notifyDefaultPythonpathRestored(InterpreterObserver.java:36)
	at org.python.pydev.ui.interpreters.AbstractInterpreterManager.restorePythopathForInterpreters(AbstractInterpreterManager.java:740)
	at org.python.pydev.ui.interpreters.AbstractInterpreterManager.setInfos(AbstractInterpreterManager.java:657)
	at org.python.pydev.ui.pythonpathconf.AutoConfigMaker$1.run(AutoConfigMaker.java:137)
	at org.eclipse.core.internal.jobs.Worker.run(Worker.java:55)
!SESSION 2016-08-27 15:48:59.476 -----------------------------------------------
eclipse.buildId=4.6.0.I20160606-1100
java.version=1.8.0_91
java.vendor=Oracle Corporation
BootLoader constants: OS=linux, ARCH=x86_64, WS=gtk, NL=en_US
Framework arguments:  -product org.eclipse.epp.package.java.product
Command-line arguments:  -data /home/david/hyperspace_waves/workspace-transform/transform -os linux -ws gtk -arch x86_64 -product org.eclipse.epp.package.java.product

!ENTRY org.eclipse.launchbar.core 2 0 2016-08-27 15:49:04.296
!MESSAGE Enablement expression is missing for config provider for org.eclipse.cdt.arduino.core.descriptorType

!ENTRY org.eclipse.launchbar.core 2 0 2016-08-27 15:49:04.297
!MESSAGE Enablement expression is missing for config provider for org.eclipse.cdt.qt.core.launchDescriptorType

!ENTRY org.eclipse.equinox.event 4 0 2016-08-27 15:49:33.918
!MESSAGE Exception while dispatching event org.osgi.service.event.Event [topic=org/eclipse/e4/ui/model/application/ApplicationElement/tags/REMOVE] {ChangedElement=org.eclipse.e4.ui.model.application.ui.advanced.impl.PlaceholderImpl@10272bbb (elementId: org.eclipse.ui.editorss, tags: [], contributorURI: null) (widget: Composite {}, renderer: org.eclipse.e4.ui.workbench.renderers.swt.ElementReferenceRenderer@4cb773c5, toBeRendered: true, onTop: false, visible: true, containerData: 7500, accessibilityPhrase: null) (closeable: false), org.eclipse.e4.data={ChangedElement=org.eclipse.e4.ui.model.application.ui.advanced.impl.PlaceholderImpl@10272bbb (elementId: org.eclipse.ui.editorss, tags: [], contributorURI: null) (widget: Composite {}, renderer: org.eclipse.e4.ui.workbench.renderers.swt.ElementReferenceRenderer@4cb773c5, toBeRendered: true, onTop: false, visible: true, containerData: 7500, accessibilityPhrase: null) (closeable: false), AttName=tags, EventType=REMOVE, Position=0, OldValue=Maximized, Widget=Composite {}}, AttName=tags, EventType=REMOVE, Position=0, OldValue=Maximized, Widget=Composite {}} to handler org.eclipse.e4.ui.internal.di.UIEventObjectSupplier$UIEventHandler@64f34c91
!STACK 0
org.eclipse.e4.core.di.InjectionException: java.lang.IllegalStateException: Application does not have an active window
	at org.eclipse.e4.core.internal.di.MethodRequestor.execute(MethodRequestor.java:64)
	at org.eclipse.e4.ui.internal.di.UIEventObjectSupplier$UIEventHandler$1.run(UIEventObjectSupplier.java:56)
	at org.eclipse.swt.widgets.Synchronizer.syncExec(Synchronizer.java:233)
	at org.eclipse.ui.internal.UISynchronizer.syncExec(UISynchronizer.java:145)
	at org.eclipse.swt.widgets.Display.syncExec(Display.java:5406)
	at org.eclipse.e4.ui.internal.workbench.swt.E4Application$1.syncExec(E4Application.java:211)
	at org.eclipse.e4.ui.internal.di.UIEventObjectSupplier$UIEventHandler.handleEvent(UIEventObjectSupplier.java:53)
	at org.eclipse.equinox.internal.event.EventHandlerWrapper.handleEvent(EventHandlerWrapper.java:201)
	at org.eclipse.equinox.internal.event.EventHandlerTracker.dispatchEvent(EventHandlerTracker.java:197)
	at org.eclipse.equinox.internal.event.EventHandlerTracker.dispatchEvent(EventHandlerTracker.java:1)
	at org.eclipse.osgi.framework.eventmgr.EventManager.dispatchEvent(EventManager.java:230)
	at org.eclipse.osgi.framework.eventmgr.ListenerQueue.dispatchEventSynchronous(ListenerQueue.java:148)
	at org.eclipse.equinox.internal.event.EventAdminImpl.dispatchEvent(EventAdminImpl.java:135)
	at org.eclipse.equinox.internal.event.EventAdminImpl.sendEvent(EventAdminImpl.java:78)
	at org.eclipse.equinox.internal.event.EventComponent.sendEvent(EventComponent.java:39)
	at org.eclipse.e4.ui.services.internal.events.EventBroker.send(EventBroker.java:94)
	at org.eclipse.e4.ui.internal.workbench.UIEventPublisher.notifyChanged(UIEventPublisher.java:60)
	at org.eclipse.emf.common.notify.impl.BasicNotifierImpl.eNotify(BasicNotifierImpl.java:374)
	at org.eclipse.emf.ecore.util.EcoreEList.dispatchNotification(EcoreEList.java:249)
	at org.eclipse.emf.common.notify.impl.NotifyingListImpl.remove(NotifyingListImpl.java:725)
	at org.eclipse.emf.common.util.AbstractEList.remove(AbstractEList.java:462)
	at org.eclipse.e4.ui.internal.workbench.ModelServiceImpl.resetPerspectiveModel(ModelServiceImpl.java:901)
	at org.eclipse.e4.ui.internal.workbench.ModelServiceImpl.resetPerspectiveModel(ModelServiceImpl.java:865)
	at org.eclipse.ui.internal.WorkbenchPage.resetPerspective(WorkbenchPage.java:3457)
	at org.eclipse.ui.internal.handlers.ResetPerspectiveHandler.execute(ResetPerspectiveHandler.java:75)
	at org.eclipse.ui.internal.handlers.HandlerProxy.execute(HandlerProxy.java:295)
	at org.eclipse.ui.internal.handlers.E4HandlerProxy.execute(E4HandlerProxy.java:90)
	at sun.reflect.NativeMethodAccessorImpl.invoke0(Native Method)
	at sun.reflect.NativeMethodAccessorImpl.invoke(NativeMethodAccessorImpl.java:62)
	at sun.reflect.DelegatingMethodAccessorImpl.invoke(DelegatingMethodAccessorImpl.java:43)
	at java.lang.reflect.Method.invoke(Method.java:498)
	at org.eclipse.e4.core.internal.di.MethodRequestor.execute(MethodRequestor.java:54)
	at org.eclipse.e4.core.internal.di.InjectorImpl.invokeUsingClass(InjectorImpl.java:282)
	at org.eclipse.e4.core.internal.di.InjectorImpl.invoke(InjectorImpl.java:264)
	at org.eclipse.e4.core.contexts.ContextInjectionFactory.invoke(ContextInjectionFactory.java:132)
	at org.eclipse.e4.core.commands.internal.HandlerServiceHandler.execute(HandlerServiceHandler.java:152)
	at org.eclipse.core.commands.Command.executeWithChecks(Command.java:494)
	at org.eclipse.core.commands.ParameterizedCommand.executeWithChecks(ParameterizedCommand.java:488)
	at org.eclipse.e4.core.commands.internal.HandlerServiceImpl.executeHandler(HandlerServiceImpl.java:210)
	at org.eclipse.e4.ui.workbench.renderers.swt.HandledContributionItem.executeItem(HandledContributionItem.java:433)
	at org.eclipse.e4.ui.workbench.renderers.swt.AbstractContributionItem.handleWidgetSelection(AbstractContributionItem.java:454)
	at org.eclipse.e4.ui.workbench.renderers.swt.AbstractContributionItem$3.handleEvent(AbstractContributionItem.java:482)
	at org.eclipse.swt.widgets.EventTable.sendEvent(EventTable.java:84)
	at org.eclipse.swt.widgets.Display.sendEvent(Display.java:5219)
	at org.eclipse.swt.widgets.Widget.sendEvent(Widget.java:1340)
	at org.eclipse.swt.widgets.Display.runDeferredEvents(Display.java:4553)
	at org.eclipse.swt.widgets.Display.readAndDispatch(Display.java:4143)
	at org.eclipse.e4.ui.internal.workbench.swt.PartRenderingEngine$4.run(PartRenderingEngine.java:1121)
	at org.eclipse.core.databinding.observable.Realm.runWithDefault(Realm.java:336)
	at org.eclipse.e4.ui.internal.workbench.swt.PartRenderingEngine.run(PartRenderingEngine.java:1022)
	at org.eclipse.e4.ui.internal.workbench.E4Workbench.createAndRunUI(E4Workbench.java:150)
	at org.eclipse.ui.internal.Workbench$5.run(Workbench.java:687)
	at org.eclipse.core.databinding.observable.Realm.runWithDefault(Realm.java:336)
	at org.eclipse.ui.internal.Workbench.createAndRunWorkbench(Workbench.java:604)
	at org.eclipse.ui.PlatformUI.createAndRunWorkbench(PlatformUI.java:148)
	at org.eclipse.ui.internal.ide.application.IDEApplication.start(IDEApplication.java:138)
	at org.eclipse.equinox.internal.app.EclipseAppHandle.run(EclipseAppHandle.java:196)
	at org.eclipse.core.runtime.internal.adaptor.EclipseAppLauncher.runApplication(EclipseAppLauncher.java:134)
	at org.eclipse.core.runtime.internal.adaptor.EclipseAppLauncher.start(EclipseAppLauncher.java:104)
	at org.eclipse.core.runtime.adaptor.EclipseStarter.run(EclipseStarter.java:388)
	at org.eclipse.core.runtime.adaptor.EclipseStarter.run(EclipseStarter.java:243)
	at sun.reflect.NativeMethodAccessorImpl.invoke0(Native Method)
	at sun.reflect.NativeMethodAccessorImpl.invoke(NativeMethodAccessorImpl.java:62)
	at sun.reflect.DelegatingMethodAccessorImpl.invoke(DelegatingMethodAccessorImpl.java:43)
	at java.lang.reflect.Method.invoke(Method.java:498)
	at org.eclipse.equinox.launcher.Main.invokeFramework(Main.java:673)
	at org.eclipse.equinox.launcher.Main.basicRun(Main.java:610)
	at org.eclipse.equinox.launcher.Main.run(Main.java:1519)
	at org.eclipse.equinox.launcher.Main.main(Main.java:1492)
Caused by: java.lang.IllegalStateException: Application does not have an active window
	at org.eclipse.e4.ui.internal.workbench.ApplicationPartServiceImpl.getActiveWindowService(ApplicationPartServiceImpl.java:39)
	at org.eclipse.e4.ui.internal.workbench.ApplicationPartServiceImpl.requestActivation(ApplicationPartServiceImpl.java:90)
	at org.eclipse.e4.ui.workbench.addons.minmax.MinMaxAddon.unzoom(MinMaxAddon.java:861)
	at org.eclipse.e4.ui.workbench.addons.minmax.MinMaxAddon.subscribeTopicTagsChanged(MinMaxAddon.java:369)
	at sun.reflect.GeneratedMethodAccessor17.invoke(Unknown Source)
	at sun.reflect.DelegatingMethodAccessorImpl.invoke(DelegatingMethodAccessorImpl.java:43)
	at java.lang.reflect.Method.invoke(Method.java:498)
	at org.eclipse.e4.core.internal.di.MethodRequestor.execute(MethodRequestor.java:54)
	... 68 more

!ENTRY org.python.pydev.shared_core 4 4 2016-08-27 15:49:45.859
!MESSAGE Did not expect to find item below node: Assign[targets=[Name[id=highfreq, ctx=Store, reserved=false]], value=null] (module: wfm_rcv_fmdet.py).
!STACK 0
java.lang.RuntimeException: Did not expect to find item below node: Assign[targets=[Name[id=highfreq, ctx=Store, reserved=false]], value=null] (module: wfm_rcv_fmdet.py).
	at org.python.pydev.core.log.Log.log(Log.java:54)
	at org.python.pydev.parser.fastparser.FastDefinitionsParser.endScopesInStack(FastDefinitionsParser.java:589)
	at org.python.pydev.parser.fastparser.FastDefinitionsParser.handleNewLine(FastDefinitionsParser.java:380)
	at org.python.pydev.parser.fastparser.FastDefinitionsParser.extractBody(FastDefinitionsParser.java:249)
	at org.python.pydev.parser.fastparser.FastDefinitionsParser.parse(FastDefinitionsParser.java:676)
	at com.python.pydev.analysis.additionalinfo.AbstractAdditionalTokensInfo.addAstInfo(AbstractAdditionalTokensInfo.java:314)
	at com.python.pydev.analysis.additionalinfo.AbstractAdditionalDependencyInfo.updateKeysIfNeededAndSave(AbstractAdditionalDependencyInfo.java:243)
	at com.python.pydev.analysis.system_info_builder.InterpreterInfoBuilder.syncInfoToPythonPath(InterpreterInfoBuilder.java:154)
	at com.python.pydev.analysis.system_info_builder.InterpreterInfoBuilder.syncInfoToPythonPath(InterpreterInfoBuilder.java:80)
	at org.python.pydev.editor.codecompletion.revisited.SynchSystemModulesManager.synchronizeManagerToNameToInfoPythonpath(SynchSystemModulesManager.java:390)
	at org.python.pydev.editor.codecompletion.revisited.SyncSystemModulesManagerScheduler$SynchJob.run(SyncSystemModulesManagerScheduler.java:261)
	at org.eclipse.core.internal.jobs.Worker.run(Worker.java:55)

!ENTRY org.python.pydev.shared_core 4 4 2016-08-27 15:49:45.919
!MESSAGE Did not expect to find item below node: Assign[targets=[Name[id=self_rds_signal_processor, ctx=Store, reserved=false]], value=null] (module: wfm_rcv_fmdet.py).
!STACK 0
java.lang.RuntimeException: Did not expect to find item below node: Assign[targets=[Name[id=self_rds_signal_processor, ctx=Store, reserved=false]], value=null] (module: wfm_rcv_fmdet.py).
	at org.python.pydev.core.log.Log.log(Log.java:54)
	at org.python.pydev.parser.fastparser.FastDefinitionsParser.endScopesInStack(FastDefinitionsParser.java:589)
	at org.python.pydev.parser.fastparser.FastDefinitionsParser.handleNewLine(FastDefinitionsParser.java:380)
	at org.python.pydev.parser.fastparser.FastDefinitionsParser.extractBody(FastDefinitionsParser.java:249)
	at org.python.pydev.parser.fastparser.FastDefinitionsParser.parse(FastDefinitionsParser.java:676)
	at com.python.pydev.analysis.additionalinfo.AbstractAdditionalTokensInfo.addAstInfo(AbstractAdditionalTokensInfo.java:314)
	at com.python.pydev.analysis.additionalinfo.AbstractAdditionalDependencyInfo.updateKeysIfNeededAndSave(AbstractAdditionalDependencyInfo.java:243)
	at com.python.pydev.analysis.system_info_builder.InterpreterInfoBuilder.syncInfoToPythonPath(InterpreterInfoBuilder.java:154)
	at com.python.pydev.analysis.system_info_builder.InterpreterInfoBuilder.syncInfoToPythonPath(InterpreterInfoBuilder.java:80)
	at org.python.pydev.editor.codecompletion.revisited.SynchSystemModulesManager.synchronizeManagerToNameToInfoPythonpath(SynchSystemModulesManager.java:390)
	at org.python.pydev.editor.codecompletion.revisited.SyncSystemModulesManagerScheduler$SynchJob.run(SyncSystemModulesManagerScheduler.java:261)
	at org.eclipse.core.internal.jobs.Worker.run(Worker.java:55)

!ENTRY org.python.pydev.shared_core 4 4 2016-08-27 15:49:45.928
!MESSAGE Did not expect to find item below node: Assign[targets=[Name[id=self_rds_signal_processor, ctx=Store, reserved=false]], value=null] (module: wfm_rcv_pll.py).
!STACK 0
java.lang.RuntimeException: Did not expect to find item below node: Assign[targets=[Name[id=self_rds_signal_processor, ctx=Store, reserved=false]], value=null] (module: wfm_rcv_pll.py).
	at org.python.pydev.core.log.Log.log(Log.java:54)
	at org.python.pydev.parser.fastparser.FastDefinitionsParser.endScopesInStack(FastDefinitionsParser.java:589)
	at org.python.pydev.parser.fastparser.FastDefinitionsParser.handleNewLine(FastDefinitionsParser.java:380)
	at org.python.pydev.parser.fastparser.FastDefinitionsParser.extractBody(FastDefinitionsParser.java:249)
	at org.python.pydev.parser.fastparser.FastDefinitionsParser.parse(FastDefinitionsParser.java:676)
	at com.python.pydev.analysis.additionalinfo.AbstractAdditionalTokensInfo.addAstInfo(AbstractAdditionalTokensInfo.java:314)
	at com.python.pydev.analysis.additionalinfo.AbstractAdditionalDependencyInfo.updateKeysIfNeededAndSave(AbstractAdditionalDependencyInfo.java:243)
	at com.python.pydev.analysis.system_info_builder.InterpreterInfoBuilder.syncInfoToPythonPath(InterpreterInfoBuilder.java:154)
	at com.python.pydev.analysis.system_info_builder.InterpreterInfoBuilder.syncInfoToPythonPath(InterpreterInfoBuilder.java:80)
	at org.python.pydev.editor.codecompletion.revisited.SynchSystemModulesManager.synchronizeManagerToNameToInfoPythonpath(SynchSystemModulesManager.java:390)
	at org.python.pydev.editor.codecompletion.revisited.SyncSystemModulesManagerScheduler$SynchJob.run(SyncSystemModulesManagerScheduler.java:261)
	at org.eclipse.core.internal.jobs.Worker.run(Worker.java:55)

!ENTRY org.python.pydev.shared_core 4 4 2016-08-27 15:49:46.520
!MESSAGE Did not expect to find item below node: Assign[targets=[Attribute[value=Name[id=self, ctx=Load, reserved=false], attr=NameTok[id=_symbols_per_pulse, ctx=Attrib], ctx=Load]], value=null] (module: cpm.py).
!STACK 0
java.lang.RuntimeException: Did not expect to find item below node: Assign[targets=[Attribute[value=Name[id=self, ctx=Load, reserved=false], attr=NameTok[id=_symbols_per_pulse, ctx=Attrib], ctx=Load]], value=null] (module: cpm.py).
	at org.python.pydev.core.log.Log.log(Log.java:54)
	at org.python.pydev.parser.fastparser.FastDefinitionsParser.endScopesInStack(FastDefinitionsParser.java:589)
	at org.python.pydev.parser.fastparser.FastDefinitionsParser.handleNewLine(FastDefinitionsParser.java:380)
	at org.python.pydev.parser.fastparser.FastDefinitionsParser.extractBody(FastDefinitionsParser.java:249)
	at org.python.pydev.parser.fastparser.FastDefinitionsParser.parse(FastDefinitionsParser.java:676)
	at com.python.pydev.analysis.additionalinfo.AbstractAdditionalTokensInfo.addAstInfo(AbstractAdditionalTokensInfo.java:314)
	at com.python.pydev.analysis.additionalinfo.AbstractAdditionalDependencyInfo.updateKeysIfNeededAndSave(AbstractAdditionalDependencyInfo.java:243)
	at com.python.pydev.analysis.system_info_builder.InterpreterInfoBuilder.syncInfoToPythonPath(InterpreterInfoBuilder.java:154)
	at com.python.pydev.analysis.system_info_builder.InterpreterInfoBuilder.syncInfoToPythonPath(InterpreterInfoBuilder.java:80)
	at org.python.pydev.editor.codecompletion.revisited.SynchSystemModulesManager.synchronizeManagerToNameToInfoPythonpath(SynchSystemModulesManager.java:390)
	at org.python.pydev.editor.codecompletion.revisited.SyncSystemModulesManagerScheduler$SynchJob.run(SyncSystemModulesManagerScheduler.java:261)
	at org.eclipse.core.internal.jobs.Worker.run(Worker.java:55)

!ENTRY org.python.pydev.shared_core 4 4 2016-08-27 15:49:46.522
!MESSAGE Did not expect to find item below node: Assign[targets=[Name[id=sensitivity, ctx=Store, reserved=false]], value=null] (module: cpm.py).
!STACK 0
java.lang.RuntimeException: Did not expect to find item below node: Assign[targets=[Name[id=sensitivity, ctx=Store, reserved=false]], value=null] (module: cpm.py).
	at org.python.pydev.core.log.Log.log(Log.java:54)
	at org.python.pydev.parser.fastparser.FastDefinitionsParser.endScopesInStack(FastDefinitionsParser.java:589)
	at org.python.pydev.parser.fastparser.FastDefinitionsParser.handleNewLine(FastDefinitionsParser.java:380)
	at org.python.pydev.parser.fastparser.FastDefinitionsParser.extractBody(FastDefinitionsParser.java:249)
	at org.python.pydev.parser.fastparser.FastDefinitionsParser.parse(FastDefinitionsParser.java:676)
	at com.python.pydev.analysis.additionalinfo.AbstractAdditionalTokensInfo.addAstInfo(AbstractAdditionalTokensInfo.java:314)
	at com.python.pydev.analysis.additionalinfo.AbstractAdditionalDependencyInfo.updateKeysIfNeededAndSave(AbstractAdditionalDependencyInfo.java:243)
	at com.python.pydev.analysis.system_info_builder.InterpreterInfoBuilder.syncInfoToPythonPath(InterpreterInfoBuilder.java:154)
	at com.python.pydev.analysis.system_info_builder.InterpreterInfoBuilder.syncInfoToPythonPath(InterpreterInfoBuilder.java:80)
	at org.python.pydev.editor.codecompletion.revisited.SynchSystemModulesManager.synchronizeManagerToNameToInfoPythonpath(SynchSystemModulesManager.java:390)
	at org.python.pydev.editor.codecompletion.revisited.SyncSystemModulesManagerScheduler$SynchJob.run(SyncSystemModulesManagerScheduler.java:261)
	at org.eclipse.core.internal.jobs.Worker.run(Worker.java:55)

!ENTRY org.python.pydev.shared_core 4 4 2016-08-27 15:49:46.524
!MESSAGE Did not expect to find item below node: Assign[targets=[Attribute[value=Name[id=self, ctx=Load, reserved=false], attr=NameTok[id=taps, ctx=Attrib], ctx=Load]], value=null] (module: cpm.py).
!STACK 0
java.lang.RuntimeException: Did not expect to find item below node: Assign[targets=[Attribute[value=Name[id=self, ctx=Load, reserved=false], attr=NameTok[id=taps, ctx=Attrib], ctx=Load]], value=null] (module: cpm.py).
	at org.python.pydev.core.log.Log.log(Log.java:54)
	at org.python.pydev.parser.fastparser.FastDefinitionsParser.endScopesInStack(FastDefinitionsParser.java:589)
	at org.python.pydev.parser.fastparser.FastDefinitionsParser.handleNewLine(FastDefinitionsParser.java:380)
	at org.python.pydev.parser.fastparser.FastDefinitionsParser.extractBody(FastDefinitionsParser.java:249)
	at org.python.pydev.parser.fastparser.FastDefinitionsParser.parse(FastDefinitionsParser.java:676)
	at com.python.pydev.analysis.additionalinfo.AbstractAdditionalTokensInfo.addAstInfo(AbstractAdditionalTokensInfo.java:314)
	at com.python.pydev.analysis.additionalinfo.AbstractAdditionalDependencyInfo.updateKeysIfNeededAndSave(AbstractAdditionalDependencyInfo.java:243)
	at com.python.pydev.analysis.system_info_builder.InterpreterInfoBuilder.syncInfoToPythonPath(InterpreterInfoBuilder.java:154)
	at com.python.pydev.analysis.system_info_builder.InterpreterInfoBuilder.syncInfoToPythonPath(InterpreterInfoBuilder.java:80)
	at org.python.pydev.editor.codecompletion.revisited.SynchSystemModulesManager.synchronizeManagerToNameToInfoPythonpath(SynchSystemModulesManager.java:390)
	at org.python.pydev.editor.codecompletion.revisited.SyncSystemModulesManagerScheduler$SynchJob.run(SyncSystemModulesManagerScheduler.java:261)
	at org.eclipse.core.internal.jobs.Worker.run(Worker.java:55)

!ENTRY org.python.pydev.shared_core 4 4 2016-08-27 15:49:46.670
!MESSAGE Did not expect to find item below node: Assign[targets=[Name[id=ntaps, ctx=Store, reserved=false]], value=null] (module: gfsk.py).
!STACK 0
java.lang.RuntimeException: Did not expect to find item below node: Assign[targets=[Name[id=ntaps, ctx=Store, reserved=false]], value=null] (module: gfsk.py).
	at org.python.pydev.core.log.Log.log(Log.java:54)
	at org.python.pydev.parser.fastparser.FastDefinitionsParser.endScopesInStack(FastDefinitionsParser.java:589)
	at org.python.pydev.parser.fastparser.FastDefinitionsParser.handleNewLine(FastDefinitionsParser.java:380)
	at org.python.pydev.parser.fastparser.FastDefinitionsParser.extractBody(FastDefinitionsParser.java:249)
	at org.python.pydev.parser.fastparser.FastDefinitionsParser.parse(FastDefinitionsParser.java:676)
	at com.python.pydev.analysis.additionalinfo.AbstractAdditionalTokensInfo.addAstInfo(AbstractAdditionalTokensInfo.java:314)
	at com.python.pydev.analysis.additionalinfo.AbstractAdditionalDependencyInfo.updateKeysIfNeededAndSave(AbstractAdditionalDependencyInfo.java:243)
	at com.python.pydev.analysis.system_info_builder.InterpreterInfoBuilder.syncInfoToPythonPath(InterpreterInfoBuilder.java:154)
	at com.python.pydev.analysis.system_info_builder.InterpreterInfoBuilder.syncInfoToPythonPath(InterpreterInfoBuilder.java:80)
	at org.python.pydev.editor.codecompletion.revisited.SynchSystemModulesManager.synchronizeManagerToNameToInfoPythonpath(SynchSystemModulesManager.java:390)
	at org.python.pydev.editor.codecompletion.revisited.SyncSystemModulesManagerScheduler$SynchJob.run(SyncSystemModulesManagerScheduler.java:261)
	at org.eclipse.core.internal.jobs.Worker.run(Worker.java:55)

!ENTRY org.python.pydev.shared_core 4 4 2016-08-27 15:49:46.672
!MESSAGE Did not expect to find item below node: Assign[targets=[Name[id=sensitivity, ctx=Store, reserved=false]], value=null] (module: gmsk.py).
!STACK 0
java.lang.RuntimeException: Did not expect to find item below node: Assign[targets=[Name[id=sensitivity, ctx=Store, reserved=false]], value=null] (module: gmsk.py).
	at org.python.pydev.core.log.Log.log(Log.java:54)
	at org.python.pydev.parser.fastparser.FastDefinitionsParser.endScopesInStack(FastDefinitionsParser.java:589)
	at org.python.pydev.parser.fastparser.FastDefinitionsParser.handleNewLine(FastDefinitionsParser.java:380)
	at org.python.pydev.parser.fastparser.FastDefinitionsParser.extractBody(FastDefinitionsParser.java:249)
	at org.python.pydev.parser.fastparser.FastDefinitionsParser.parse(FastDefinitionsParser.java:676)
	at com.python.pydev.analysis.additionalinfo.AbstractAdditionalTokensInfo.addAstInfo(AbstractAdditionalTokensInfo.java:314)
	at com.python.pydev.analysis.additionalinfo.AbstractAdditionalDependencyInfo.updateKeysIfNeededAndSave(AbstractAdditionalDependencyInfo.java:243)
	at com.python.pydev.analysis.system_info_builder.InterpreterInfoBuilder.syncInfoToPythonPath(InterpreterInfoBuilder.java:154)
	at com.python.pydev.analysis.system_info_builder.InterpreterInfoBuilder.syncInfoToPythonPath(InterpreterInfoBuilder.java:80)
	at org.python.pydev.editor.codecompletion.revisited.SynchSystemModulesManager.synchronizeManagerToNameToInfoPythonpath(SynchSystemModulesManager.java:390)
	at org.python.pydev.editor.codecompletion.revisited.SyncSystemModulesManagerScheduler$SynchJob.run(SyncSystemModulesManagerScheduler.java:261)
	at org.eclipse.core.internal.jobs.Worker.run(Worker.java:55)

!ENTRY org.python.pydev.shared_core 4 4 2016-08-27 15:49:46.917
!MESSAGE Did not expect to find item below node: Assign[targets=[Attribute[value=Name[id=self, ctx=Load, reserved=false], attr=NameTok[id=_proxies, ctx=Attrib], ctx=Load]], value=null] (module: pubsub.py).
!STACK 0
java.lang.RuntimeException: Did not expect to find item below node: Assign[targets=[Attribute[value=Name[id=self, ctx=Load, reserved=false], attr=NameTok[id=_proxies, ctx=Attrib], ctx=Load]], value=null] (module: pubsub.py).
	at org.python.pydev.core.log.Log.log(Log.java:54)
	at org.python.pydev.parser.fastparser.FastDefinitionsParser.endScopesInStack(FastDefinitionsParser.java:589)
	at org.python.pydev.parser.fastparser.FastDefinitionsParser.handleNewLine(FastDefinitionsParser.java:380)
	at org.python.pydev.parser.fastparser.FastDefinitionsParser.extractBody(FastDefinitionsParser.java:249)
	at org.python.pydev.parser.fastparser.FastDefinitionsParser.parse(FastDefinitionsParser.java:676)
	at com.python.pydev.analysis.additionalinfo.AbstractAdditionalTokensInfo.addAstInfo(AbstractAdditionalTokensInfo.java:314)
	at com.python.pydev.analysis.additionalinfo.AbstractAdditionalDependencyInfo.updateKeysIfNeededAndSave(AbstractAdditionalDependencyInfo.java:243)
	at com.python.pydev.analysis.system_info_builder.InterpreterInfoBuilder.syncInfoToPythonPath(InterpreterInfoBuilder.java:154)
	at com.python.pydev.analysis.system_info_builder.InterpreterInfoBuilder.syncInfoToPythonPath(InterpreterInfoBuilder.java:80)
	at org.python.pydev.editor.codecompletion.revisited.SynchSystemModulesManager.synchronizeManagerToNameToInfoPythonpath(SynchSystemModulesManager.java:390)
	at org.python.pydev.editor.codecompletion.revisited.SyncSystemModulesManagerScheduler$SynchJob.run(SyncSystemModulesManagerScheduler.java:261)
	at org.eclipse.core.internal.jobs.Worker.run(Worker.java:55)

!ENTRY org.python.pydev.shared_core 4 4 2016-08-27 15:50:24.904
!MESSAGE Info: Rebuilding internal caches: /home/david/hyperspace_waves/workspace-transform/transform/.metadata/.plugins/org.eclipse.core.resources/.projects/hyperspace_comm_py/com.python.pydev.analysis/AdditionalProjectInterpreterInfo.pydevinfo (Expected error to be provided and got no error!)
!SESSION 2016-08-27 15:54:39.100 -----------------------------------------------
eclipse.buildId=4.6.0.I20160606-1100
java.version=1.8.0_91
java.vendor=Oracle Corporation
BootLoader constants: OS=linux, ARCH=x86_64, WS=gtk, NL=en_US
Framework arguments:  -product org.eclipse.epp.package.java.product
Command-line arguments:  -os linux -ws gtk -arch x86_64 -product org.eclipse.epp.package.java.product

!ENTRY org.eclipse.launchbar.core 2 0 2016-08-27 15:54:48.173
!MESSAGE Enablement expression is missing for config provider for org.eclipse.cdt.arduino.core.descriptorType

!ENTRY org.eclipse.launchbar.core 2 0 2016-08-27 15:54:48.174
!MESSAGE Enablement expression is missing for config provider for org.eclipse.cdt.qt.core.launchDescriptorType
