!SESSION 2016-08-27 16:11:44.719 -----------------------------------------------
eclipse.buildId=4.6.0.I20160606-1100
java.version=1.8.0_91
java.vendor=Oracle Corporation
BootLoader constants: OS=linux, ARCH=x86_64, WS=gtk, NL=en_US
Framework arguments:  -product org.eclipse.epp.package.java.product
Command-line arguments:  -os linux -ws gtk -arch x86_64 -product org.eclipse.epp.package.java.product

!ENTRY org.eclipse.launchbar.core 2 0 2016-08-27 16:11:57.105
!MESSAGE Enablement expression is missing for config provider for org.eclipse.cdt.arduino.core.descriptorType

!ENTRY org.eclipse.launchbar.core 2 0 2016-08-27 16:11:57.146
!MESSAGE Enablement expression is missing for config provider for org.eclipse.cdt.qt.core.launchDescriptorType

!ENTRY org.python.pydev.shared_core 1 1 2016-08-27 16:13:10.624
!MESSAGE Restoring info for: /usr/bin/python
!STACK 0
java.lang.RuntimeException: Restoring info for: /usr/bin/python
	at org.python.pydev.ui.interpreters.AbstractInterpreterManager.getInterpretersFromPersistedString(AbstractInterpreterManager.java:529)
	at org.python.pydev.ui.interpreters.AbstractInterpreterManager.internalRecreateCacheGetInterpreterInfos(AbstractInterpreterManager.java:345)
	at org.python.pydev.ui.interpreters.AbstractInterpreterManager.setInfos(AbstractInterpreterManager.java:655)
	at org.python.pydev.ui.pythonpathconf.AutoConfigMaker$1.run(AutoConfigMaker.java:137)
	at org.eclipse.core.internal.jobs.Worker.run(Worker.java:55)
Caused by: java.io.IOException: Expecting: /home/david/hyperspace_waves/workspace-pydev/.metadata/.plugins/org.python.pydev/v1_bm109oo8jsa5gnqmc06ekl12p/modulesKeys to exist (and be a file).
	at org.python.pydev.editor.codecompletion.revisited.ModulesManager.loadFromFile(ModulesManager.java:293)
	at org.python.pydev.editor.codecompletion.revisited.SystemModulesManager.load(SystemModulesManager.java:386)
	at org.python.pydev.ui.interpreters.AbstractInterpreterManager.getInterpretersFromPersistedString(AbstractInterpreterManager.java:527)
	... 4 more

!ENTRY org.python.pydev.shared_core 1 1 2016-08-27 16:13:10.634
!MESSAGE - Ok, file is non-null. Getting info on:/usr/bin/python
- Beggining task:Getting libs totalWork:100
- Setting task name:Mounting executable string...
- Setting task name:Executing:  /usr/bin/python -u /home/david/.p2/pool/plugins/org.python.pydev_5.1.2.201606231256/pysrc/interpreterInfo.py
- Setting task name:Making pythonpath environment... /usr/bin/python -u /home/david/.p2/pool/plugins/org.python.pydev_5.1.2.201606231256/pysrc/interpreterInfo.py
- Setting task name:Making exec... /usr/bin/python -u /home/david/.p2/pool/plugins/org.python.pydev_5.1.2.201606231256/pysrc/interpreterInfo.py
- Setting task name:Reading output...
- Setting task name:Waiting for process to finish.
- Success getting the info. Result:<xml>
<name>python</name>
<version>2.7</version>
<executable>/usr/bin/python</executable>
<lib>/usr/lib/python2.7</lib>
<lib>/usr/lib/python2.7/plat-x86_64-linux-gnu</lib>
<lib>/usr/lib/python2.7/lib-tk</lib>
<lib>/usr/lib/python2.7/lib-dynload</lib>
<lib>/usr/local/lib/python2.7/dist-packages</lib>
<lib>/usr/lib/python2.7/dist-packages</lib>
<lib>/usr/lib/python2.7/dist-packages/PILcompat</lib>
<lib>/usr/lib/python2.7/dist-packages/gtk-2.0</lib>
<lib>/usr/lib/pymodules/python2.7</lib>
<lib>/usr/lib/python2.7/dist-packages/wx-3.0-gtk2</lib>
<forced_lib>Image</forced_lib>
<forced_lib>OpenGL</forced_lib>
<forced_lib>__builtin__</forced_lib>
<forced_lib>__main__</forced_lib>
<forced_lib>_ast</forced_lib>
<forced_lib>_bisect</forced_lib>
<forced_lib>_bytesio</forced_lib>
<forced_lib>_codecs</forced_lib>
<forced_lib>_codecs_cn</forced_lib>
<forced_lib>_codecs_hk</forced_lib>
<forced_lib>_codecs_iso2022</forced_lib>
<forced_lib>_codecs_jp</forced_lib>
<forced_lib>_codecs_kr</forced_lib>
<forced_lib>_codecs_tw</forced_lib>
<forced_lib>_collections</forced_lib>
<forced_lib>_csv</forced_lib>
<forced_lib>_fileio</forced_lib>
<forced_lib>_functools</forced_lib>
<forced_lib>_heapq</forced_lib>
<forced_lib>_hotshot</forced_lib>
<forced_lib>_io</forced_lib>
<forced_lib>_json</forced_lib>
<forced_lib>_locale</forced_lib>
<forced_lib>_lsprof</forced_lib>
<forced_lib>_md5</forced_lib>
<forced_lib>_multibytecodec</forced_lib>
<forced_lib>_random</forced_lib>
<forced_lib>_sha</forced_lib>
<forced_lib>_sha256</forced_lib>
<forced_lib>_sha512</forced_lib>
<forced_lib>_socket</forced_lib>
<forced_lib>_sre</forced_lib>
<forced_lib>_struct</forced_lib>
<forced_lib>_subprocess</forced_lib>
<forced_lib>_symtable</forced_lib>
<forced_lib>_warnings</forced_lib>
<forced_lib>_weakref</forced_lib>
<forced_lib>_winreg</forced_lib>
<forced_lib>array</forced_lib>
<forced_lib>audioop</forced_lib>
<forced_lib>binascii</forced_lib>
<forced_lib>cPickle</forced_lib>
<forced_lib>cStringIO</forced_lib>
<forced_lib>cmath</forced_lib>
<forced_lib>datetime</forced_lib>
<forced_lib>email</forced_lib>
<forced_lib>errno</forced_lib>
<forced_lib>exceptions</forced_lib>
<forced_lib>fcntl</forced_lib>
<forced_lib>future_builtins</forced_lib>
<forced_lib>gc</forced_lib>
<forced_lib>gi</forced_lib>
<forced_lib>grp</forced_lib>
<forced_lib>hashlib</forced_lib>
<forced_lib>imageop</forced_lib>
<forced_lib>imp</forced_lib>
<forced_lib>itertools</forced_lib>
<forced_lib>marshal</forced_lib>
<forced_lib>math</forced_lib>
<forced_lib>mmap</forced_lib>
<forced_lib>mock</forced_lib>
<forced_lib>msvcrt</forced_lib>
<forced_lib>multiprocessing</forced_lib>
<forced_lib>nose</forced_lib>
<forced_lib>nose.tools</forced_lib>
<forced_lib>nt</forced_lib>
<forced_lib>numpy</forced_lib>
<forced_lib>operator</forced_lib>
<forced_lib>os</forced_lib>
<forced_lib>os.path</forced_lib>
<forced_lib>parser</forced_lib>
<forced_lib>posix</forced_lib>
<forced_lib>pwd</forced_lib>
<forced_lib>pytest</forced_lib>
<forced_lib>scipy</forced_lib>
<forced_lib>select</forced_lib>
<forced_lib>signal</forced_lib>
<forced_lib>socket</forced_lib>
<forced_lib>spwd</forced_lib>
<forced_lib>strop</forced_lib>
<forced_lib>sys</forced_lib>
<forced_lib>syslog</forced_lib>
<forced_lib>thread</forced_lib>
<forced_lib>time</forced_lib>
<forced_lib>unicodedata</forced_lib>
<forced_lib>wx</forced_lib>
<forced_lib>wxPython</forced_lib>
<forced_lib>xxsubtype</forced_lib>
<forced_lib>zipimport</forced_lib>
<forced_lib>zlib</forced_lib>
</xml>

!STACK 0
java.lang.RuntimeException: - Ok, file is non-null. Getting info on:/usr/bin/python
- Beggining task:Getting libs totalWork:100
- Setting task name:Mounting executable string...
- Setting task name:Executing:  /usr/bin/python -u /home/david/.p2/pool/plugins/org.python.pydev_5.1.2.201606231256/pysrc/interpreterInfo.py
- Setting task name:Making pythonpath environment... /usr/bin/python -u /home/david/.p2/pool/plugins/org.python.pydev_5.1.2.201606231256/pysrc/interpreterInfo.py
- Setting task name:Making exec... /usr/bin/python -u /home/david/.p2/pool/plugins/org.python.pydev_5.1.2.201606231256/pysrc/interpreterInfo.py
- Setting task name:Reading output...
- Setting task name:Waiting for process to finish.
- Success getting the info. Result:<xml>
<name>python</name>
<version>2.7</version>
<executable>/usr/bin/python</executable>
<lib>/usr/lib/python2.7</lib>
<lib>/usr/lib/python2.7/plat-x86_64-linux-gnu</lib>
<lib>/usr/lib/python2.7/lib-tk</lib>
<lib>/usr/lib/python2.7/lib-dynload</lib>
<lib>/usr/local/lib/python2.7/dist-packages</lib>
<lib>/usr/lib/python2.7/dist-packages</lib>
<lib>/usr/lib/python2.7/dist-packages/PILcompat</lib>
<lib>/usr/lib/python2.7/dist-packages/gtk-2.0</lib>
<lib>/usr/lib/pymodules/python2.7</lib>
<lib>/usr/lib/python2.7/dist-packages/wx-3.0-gtk2</lib>
<forced_lib>Image</forced_lib>
<forced_lib>OpenGL</forced_lib>
<forced_lib>__builtin__</forced_lib>
<forced_lib>__main__</forced_lib>
<forced_lib>_ast</forced_lib>
<forced_lib>_bisect</forced_lib>
<forced_lib>_bytesio</forced_lib>
<forced_lib>_codecs</forced_lib>
<forced_lib>_codecs_cn</forced_lib>
<forced_lib>_codecs_hk</forced_lib>
<forced_lib>_codecs_iso2022</forced_lib>
<forced_lib>_codecs_jp</forced_lib>
<forced_lib>_codecs_kr</forced_lib>
<forced_lib>_codecs_tw</forced_lib>
<forced_lib>_collections</forced_lib>
<forced_lib>_csv</forced_lib>
<forced_lib>_fileio</forced_lib>
<forced_lib>_functools</forced_lib>
<forced_lib>_heapq</forced_lib>
<forced_lib>_hotshot</forced_lib>
<forced_lib>_io</forced_lib>
<forced_lib>_json</forced_lib>
<forced_lib>_locale</forced_lib>
<forced_lib>_lsprof</forced_lib>
<forced_lib>_md5</forced_lib>
<forced_lib>_multibytecodec</forced_lib>
<forced_lib>_random</forced_lib>
<forced_lib>_sha</forced_lib>
<forced_lib>_sha256</forced_lib>
<forced_lib>_sha512</forced_lib>
<forced_lib>_socket</forced_lib>
<forced_lib>_sre</forced_lib>
<forced_lib>_struct</forced_lib>
<forced_lib>_subprocess</forced_lib>
<forced_lib>_symtable</forced_lib>
<forced_lib>_warnings</forced_lib>
<forced_lib>_weakref</forced_lib>
<forced_lib>_winreg</forced_lib>
<forced_lib>array</forced_lib>
<forced_lib>audioop</forced_lib>
<forced_lib>binascii</forced_lib>
<forced_lib>cPickle</forced_lib>
<forced_lib>cStringIO</forced_lib>
<forced_lib>cmath</forced_lib>
<forced_lib>datetime</forced_lib>
<forced_lib>email</forced_lib>
<forced_lib>errno</forced_lib>
<forced_lib>exceptions</forced_lib>
<forced_lib>fcntl</forced_lib>
<forced_lib>future_builtins</forced_lib>
<forced_lib>gc</forced_lib>
<forced_lib>gi</forced_lib>
<forced_lib>grp</forced_lib>
<forced_lib>hashlib</forced_lib>
<forced_lib>imageop</forced_lib>
<forced_lib>imp</forced_lib>
<forced_lib>itertools</forced_lib>
<forced_lib>marshal</forced_lib>
<forced_lib>math</forced_lib>
<forced_lib>mmap</forced_lib>
<forced_lib>mock</forced_lib>
<forced_lib>msvcrt</forced_lib>
<forced_lib>multiprocessing</forced_lib>
<forced_lib>nose</forced_lib>
<forced_lib>nose.tools</forced_lib>
<forced_lib>nt</forced_lib>
<forced_lib>numpy</forced_lib>
<forced_lib>operator</forced_lib>
<forced_lib>os</forced_lib>
<forced_lib>os.path</forced_lib>
<forced_lib>parser</forced_lib>
<forced_lib>posix</forced_lib>
<forced_lib>pwd</forced_lib>
<forced_lib>pytest</forced_lib>
<forced_lib>scipy</forced_lib>
<forced_lib>select</forced_lib>
<forced_lib>signal</forced_lib>
<forced_lib>socket</forced_lib>
<forced_lib>spwd</forced_lib>
<forced_lib>strop</forced_lib>
<forced_lib>sys</forced_lib>
<forced_lib>syslog</forced_lib>
<forced_lib>thread</forced_lib>
<forced_lib>time</forced_lib>
<forced_lib>unicodedata</forced_lib>
<forced_lib>wx</forced_lib>
<forced_lib>wxPython</forced_lib>
<forced_lib>xxsubtype</forced_lib>
<forced_lib>zipimport</forced_lib>
<forced_lib>zlib</forced_lib>
</xml>

	at org.python.pydev.core.log.Log.logInfo(Log.java:66)
	at org.python.pydev.ui.pythonpathconf.AutoConfigMaker.autoConfigSingleApply(AutoConfigMaker.java:177)
	at org.python.pydev.ui.PyProjectPythonDetails$ProjectInterpreterAndGrammarConfig$2.widgetSelected(PyProjectPythonDetails.java:273)
	at org.eclipse.swt.widgets.TypedListener.handleEvent(TypedListener.java:249)
	at org.eclipse.swt.widgets.EventTable.sendEvent(EventTable.java:84)
	at org.eclipse.swt.widgets.Display.sendEvent(Display.java:5219)
	at org.eclipse.swt.widgets.Widget.sendEvent(Widget.java:1340)
	at org.eclipse.swt.widgets.Widget.sendEvent(Widget.java:1366)
	at org.eclipse.swt.widgets.Widget.sendSelectionEvent(Widget.java:1480)
	at org.eclipse.swt.widgets.Link.gtk_button_release_event(Link.java:384)
	at org.eclipse.swt.widgets.Widget.windowProc(Widget.java:1980)
	at org.eclipse.swt.widgets.Control.windowProc(Control.java:5819)
	at org.eclipse.swt.widgets.Display.windowProc(Display.java:5490)
	at org.eclipse.swt.internal.gtk.OS._gtk_main_do_event(Native Method)
	at org.eclipse.swt.internal.gtk.OS.gtk_main_do_event(OS.java:9545)
	at org.eclipse.swt.widgets.Display.eventProc(Display.java:1275)
	at org.eclipse.swt.internal.gtk.OS._g_main_context_iteration(Native Method)
	at org.eclipse.swt.internal.gtk.OS.g_main_context_iteration(OS.java:2495)
	at org.eclipse.swt.widgets.Display.readAndDispatch(Display.java:4141)
	at org.eclipse.jface.window.Window.runEventLoop(Window.java:818)
	at org.eclipse.jface.window.Window.open(Window.java:794)
	at org.eclipse.ui.internal.handlers.WizardHandler$New.executeHandler(WizardHandler.java:269)
	at org.eclipse.ui.internal.handlers.WizardHandler.execute(WizardHandler.java:290)
	at org.eclipse.ui.internal.handlers.HandlerProxy.execute(HandlerProxy.java:295)
	at org.eclipse.ui.internal.handlers.E4HandlerProxy.execute(E4HandlerProxy.java:90)
	at sun.reflect.NativeMethodAccessorImpl.invoke0(Native Method)
	at sun.reflect.NativeMethodAccessorImpl.invoke(NativeMethodAccessorImpl.java:62)
	at sun.reflect.DelegatingMethodAccessorImpl.invoke(DelegatingMethodAccessorImpl.java:43)
	at java.lang.reflect.Method.invoke(Method.java:498)
	at org.eclipse.e4.core.internal.di.MethodRequestor.execute(MethodRequestor.java:54)
	at org.eclipse.e4.core.internal.di.InjectorImpl.invokeUsingClass(InjectorImpl.java:282)
	at org.eclipse.e4.core.internal.di.InjectorImpl.invoke(InjectorImpl.java:264)
	at org.eclipse.e4.core.contexts.ContextInjectionFactory.invoke(ContextInjectionFactory.java:132)
	at org.eclipse.e4.core.commands.internal.HandlerServiceHandler.execute(HandlerServiceHandler.java:152)
	at org.eclipse.core.commands.Command.executeWithChecks(Command.java:494)
	at org.eclipse.core.commands.ParameterizedCommand.executeWithChecks(ParameterizedCommand.java:488)
	at org.eclipse.e4.core.commands.internal.HandlerServiceImpl.executeHandler(HandlerServiceImpl.java:210)
	at org.eclipse.ui.internal.handlers.LegacyHandlerService.executeCommand(LegacyHandlerService.java:353)
	at org.eclipse.ui.internal.actions.CommandAction.runWithEvent(CommandAction.java:155)
	at org.eclipse.jface.action.ActionContributionItem.handleWidgetSelection(ActionContributionItem.java:565)
	at org.eclipse.jface.action.ActionContributionItem.lambda$4(ActionContributionItem.java:397)
	at org.eclipse.swt.widgets.EventTable.sendEvent(EventTable.java:84)
	at org.eclipse.swt.widgets.Display.sendEvent(Display.java:5219)
	at org.eclipse.swt.widgets.Widget.sendEvent(Widget.java:1340)
	at org.eclipse.swt.widgets.Display.runDeferredEvents(Display.java:4553)
	at org.eclipse.swt.widgets.Display.readAndDispatch(Display.java:4143)
	at org.eclipse.e4.ui.internal.workbench.swt.PartRenderingEngine$4.run(PartRenderingEngine.java:1121)
	at org.eclipse.core.databinding.observable.Realm.runWithDefault(Realm.java:336)
	at org.eclipse.e4.ui.internal.workbench.swt.PartRenderingEngine.run(PartRenderingEngine.java:1022)
	at org.eclipse.e4.ui.internal.workbench.E4Workbench.createAndRunUI(E4Workbench.java:150)
	at org.eclipse.ui.internal.Workbench$5.run(Workbench.java:687)
	at org.eclipse.core.databinding.observable.Realm.runWithDefault(Realm.java:336)
	at org.eclipse.ui.internal.Workbench.createAndRunWorkbench(Workbench.java:604)
	at org.eclipse.ui.PlatformUI.createAndRunWorkbench(PlatformUI.java:148)
	at org.eclipse.ui.internal.ide.application.IDEApplication.start(IDEApplication.java:138)
	at org.eclipse.equinox.internal.app.EclipseAppHandle.run(EclipseAppHandle.java:196)
	at org.eclipse.core.runtime.internal.adaptor.EclipseAppLauncher.runApplication(EclipseAppLauncher.java:134)
	at org.eclipse.core.runtime.internal.adaptor.EclipseAppLauncher.start(EclipseAppLauncher.java:104)
	at org.eclipse.core.runtime.adaptor.EclipseStarter.run(EclipseStarter.java:388)
	at org.eclipse.core.runtime.adaptor.EclipseStarter.run(EclipseStarter.java:243)
	at sun.reflect.NativeMethodAccessorImpl.invoke0(Native Method)
	at sun.reflect.NativeMethodAccessorImpl.invoke(NativeMethodAccessorImpl.java:62)
	at sun.reflect.DelegatingMethodAccessorImpl.invoke(DelegatingMethodAccessorImpl.java:43)
	at java.lang.reflect.Method.invoke(Method.java:498)
	at org.eclipse.equinox.launcher.Main.invokeFramework(Main.java:673)
	at org.eclipse.equinox.launcher.Main.basicRun(Main.java:610)
	at org.eclipse.equinox.launcher.Main.run(Main.java:1519)
	at org.eclipse.equinox.launcher.Main.main(Main.java:1492)

!ENTRY org.python.pydev.shared_core 1 1 2016-08-27 16:13:11.127
!MESSAGE Finished restoring information for: /usr/bin/python at: /home/david/hyperspace_waves/workspace-pydev/.metadata/.plugins/org.python.pydev/v1_bm109oo8jsa5gnqmc06ekl12p
!STACK 0
java.lang.RuntimeException: Finished restoring information for: /usr/bin/python at: /home/david/hyperspace_waves/workspace-pydev/.metadata/.plugins/org.python.pydev/v1_bm109oo8jsa5gnqmc06ekl12p
	at org.python.pydev.core.log.Log.logInfo(Log.java:66)
	at org.python.pydev.ui.interpreters.AbstractInterpreterManager.getInterpretersFromPersistedString(AbstractInterpreterManager.java:574)
	at org.python.pydev.ui.interpreters.AbstractInterpreterManager.internalRecreateCacheGetInterpreterInfos(AbstractInterpreterManager.java:345)
	at org.python.pydev.ui.interpreters.AbstractInterpreterManager.setInfos(AbstractInterpreterManager.java:655)
	at org.python.pydev.ui.pythonpathconf.AutoConfigMaker$1.run(AutoConfigMaker.java:137)
	at org.eclipse.core.internal.jobs.Worker.run(Worker.java:55)

!ENTRY org.python.pydev.shared_core 4 4 2016-08-27 16:13:11.696
!MESSAGE Info: Rebuilding internal caches: /home/david/hyperspace_waves/workspace-pydev/.metadata/.plugins/com.python.pydev.analysis/python_v1_bm109oo8jsa5gnqmc06ekl12p/python.pydevsysteminfo (Expected error to be provided and got no error!)

!ENTRY org.python.pydev.shared_core 4 4 2016-08-27 16:13:11.954
!MESSAGE Did not expect to find item below node: Assign[targets=[Name[id=className, ctx=Store, reserved=false]], value=null] (module: Compiler.py).
!STACK 0
java.lang.RuntimeException: Did not expect to find item below node: Assign[targets=[Name[id=className, ctx=Store, reserved=false]], value=null] (module: Compiler.py).
	at org.python.pydev.core.log.Log.log(Log.java:54)
	at org.python.pydev.parser.fastparser.FastDefinitionsParser.endScopesInStack(FastDefinitionsParser.java:589)
	at org.python.pydev.parser.fastparser.FastDefinitionsParser.handleNewLine(FastDefinitionsParser.java:380)
	at org.python.pydev.parser.fastparser.FastDefinitionsParser.extractBody(FastDefinitionsParser.java:249)
	at org.python.pydev.parser.fastparser.FastDefinitionsParser.parse(FastDefinitionsParser.java:676)
	at com.python.pydev.analysis.additionalinfo.AbstractAdditionalTokensInfo.addAstInfo(AbstractAdditionalTokensInfo.java:314)
	at com.python.pydev.analysis.additionalinfo.AbstractAdditionalInfoWithBuild.restoreInfoForModuleManager(AbstractAdditionalInfoWithBuild.java:264)
	at com.python.pydev.analysis.additionalinfo.AdditionalSystemInterpreterInfo.recreateAllInfo(AdditionalSystemInterpreterInfo.java:179)
	at com.python.pydev.analysis.additionalinfo.AdditionalSystemInterpreterInfo.getAdditionalSystemInfo(AdditionalSystemInterpreterInfo.java:155)
	at com.python.pydev.analysis.additionalinfo.AdditionalSystemInterpreterInfo.getAdditionalSystemInfo(AdditionalSystemInterpreterInfo.java:124)
	at com.python.pydev.analysis.additionalinfo.AdditionalSystemInterpreterInfo.recreateAllInfo(AdditionalSystemInterpreterInfo.java:171)
	at com.python.pydev.analysis.additionalinfo.builders.InterpreterObserver.notifyDefaultPythonpathRestored(InterpreterObserver.java:36)
	at org.python.pydev.ui.interpreters.AbstractInterpreterManager.restorePythopathForInterpreters(AbstractInterpreterManager.java:740)
	at org.python.pydev.ui.interpreters.AbstractInterpreterManager.setInfos(AbstractInterpreterManager.java:657)
	at org.python.pydev.ui.pythonpathconf.AutoConfigMaker$1.run(AutoConfigMaker.java:137)
	at org.eclipse.core.internal.jobs.Worker.run(Worker.java:55)

!ENTRY org.python.pydev.shared_core 4 4 2016-08-27 16:13:12.030
!MESSAGE Did not expect to find item below node: Assign[targets=[Name[id=rc, ctx=Store, reserved=false]], value=null] (module: Template.py).
!STACK 0
java.lang.RuntimeException: Did not expect to find item below node: Assign[targets=[Name[id=rc, ctx=Store, reserved=false]], value=null] (module: Template.py).
	at org.python.pydev.core.log.Log.log(Log.java:54)
	at org.python.pydev.parser.fastparser.FastDefinitionsParser.endScopesInStack(FastDefinitionsParser.java:589)
	at org.python.pydev.parser.fastparser.FastDefinitionsParser.handleNewLine(FastDefinitionsParser.java:380)
	at org.python.pydev.parser.fastparser.FastDefinitionsParser.extractBody(FastDefinitionsParser.java:249)
	at org.python.pydev.parser.fastparser.FastDefinitionsParser.parse(FastDefinitionsParser.java:676)
	at com.python.pydev.analysis.additionalinfo.AbstractAdditionalTokensInfo.addAstInfo(AbstractAdditionalTokensInfo.java:314)
	at com.python.pydev.analysis.additionalinfo.AbstractAdditionalInfoWithBuild.restoreInfoForModuleManager(AbstractAdditionalInfoWithBuild.java:264)
	at com.python.pydev.analysis.additionalinfo.AdditionalSystemInterpreterInfo.recreateAllInfo(AdditionalSystemInterpreterInfo.java:179)
	at com.python.pydev.analysis.additionalinfo.AdditionalSystemInterpreterInfo.getAdditionalSystemInfo(AdditionalSystemInterpreterInfo.java:155)
	at com.python.pydev.analysis.additionalinfo.AdditionalSystemInterpreterInfo.getAdditionalSystemInfo(AdditionalSystemInterpreterInfo.java:124)
	at com.python.pydev.analysis.additionalinfo.AdditionalSystemInterpreterInfo.recreateAllInfo(AdditionalSystemInterpreterInfo.java:171)
	at com.python.pydev.analysis.additionalinfo.builders.InterpreterObserver.notifyDefaultPythonpathRestored(InterpreterObserver.java:36)
	at org.python.pydev.ui.interpreters.AbstractInterpreterManager.restorePythopathForInterpreters(AbstractInterpreterManager.java:740)
	at org.python.pydev.ui.interpreters.AbstractInterpreterManager.setInfos(AbstractInterpreterManager.java:657)
	at org.python.pydev.ui.pythonpathconf.AutoConfigMaker$1.run(AutoConfigMaker.java:137)
	at org.eclipse.core.internal.jobs.Worker.run(Worker.java:55)

!ENTRY org.python.pydev.shared_core 4 4 2016-08-27 16:13:13.369
!MESSAGE Did not expect to find item below node: Assign[targets=[Name[id=s, ctx=Store, reserved=false]], value=null] (module: WSDL.py).
!STACK 0
java.lang.RuntimeException: Did not expect to find item below node: Assign[targets=[Name[id=s, ctx=Store, reserved=false]], value=null] (module: WSDL.py).
	at org.python.pydev.core.log.Log.log(Log.java:54)
	at org.python.pydev.parser.fastparser.FastDefinitionsParser.endScopesInStack(FastDefinitionsParser.java:589)
	at org.python.pydev.parser.fastparser.FastDefinitionsParser.handleNewLine(FastDefinitionsParser.java:380)
	at org.python.pydev.parser.fastparser.FastDefinitionsParser.extractBody(FastDefinitionsParser.java:249)
	at org.python.pydev.parser.fastparser.FastDefinitionsParser.parse(FastDefinitionsParser.java:676)
	at com.python.pydev.analysis.additionalinfo.AbstractAdditionalTokensInfo.addAstInfo(AbstractAdditionalTokensInfo.java:314)
	at com.python.pydev.analysis.additionalinfo.AbstractAdditionalInfoWithBuild.restoreInfoForModuleManager(AbstractAdditionalInfoWithBuild.java:264)
	at com.python.pydev.analysis.additionalinfo.AdditionalSystemInterpreterInfo.recreateAllInfo(AdditionalSystemInterpreterInfo.java:179)
	at com.python.pydev.analysis.additionalinfo.AdditionalSystemInterpreterInfo.getAdditionalSystemInfo(AdditionalSystemInterpreterInfo.java:155)
	at com.python.pydev.analysis.additionalinfo.AdditionalSystemInterpreterInfo.getAdditionalSystemInfo(AdditionalSystemInterpreterInfo.java:124)
	at com.python.pydev.analysis.additionalinfo.AdditionalSystemInterpreterInfo.recreateAllInfo(AdditionalSystemInterpreterInfo.java:171)
	at com.python.pydev.analysis.additionalinfo.builders.InterpreterObserver.notifyDefaultPythonpathRestored(InterpreterObserver.java:36)
	at org.python.pydev.ui.interpreters.AbstractInterpreterManager.restorePythopathForInterpreters(AbstractInterpreterManager.java:740)
	at org.python.pydev.ui.interpreters.AbstractInterpreterManager.setInfos(AbstractInterpreterManager.java:657)
	at org.python.pydev.ui.pythonpathconf.AutoConfigMaker$1.run(AutoConfigMaker.java:137)
	at org.eclipse.core.internal.jobs.Worker.run(Worker.java:55)

!ENTRY org.python.pydev.shared_core 4 4 2016-08-27 16:13:14.698
!MESSAGE Did not expect to find item below node: Assign[targets=[Name[id=highfreq, ctx=Store, reserved=false]], value=null] (module: wfm_rcv_fmdet.py).
!STACK 0
java.lang.RuntimeException: Did not expect to find item below node: Assign[targets=[Name[id=highfreq, ctx=Store, reserved=false]], value=null] (module: wfm_rcv_fmdet.py).
	at org.python.pydev.core.log.Log.log(Log.java:54)
	at org.python.pydev.parser.fastparser.FastDefinitionsParser.endScopesInStack(FastDefinitionsParser.java:589)
	at org.python.pydev.parser.fastparser.FastDefinitionsParser.handleNewLine(FastDefinitionsParser.java:380)
	at org.python.pydev.parser.fastparser.FastDefinitionsParser.extractBody(FastDefinitionsParser.java:249)
	at org.python.pydev.parser.fastparser.FastDefinitionsParser.parse(FastDefinitionsParser.java:676)
	at com.python.pydev.analysis.additionalinfo.AbstractAdditionalTokensInfo.addAstInfo(AbstractAdditionalTokensInfo.java:314)
	at com.python.pydev.analysis.additionalinfo.AbstractAdditionalInfoWithBuild.restoreInfoForModuleManager(AbstractAdditionalInfoWithBuild.java:264)
	at com.python.pydev.analysis.additionalinfo.AdditionalSystemInterpreterInfo.recreateAllInfo(AdditionalSystemInterpreterInfo.java:179)
	at com.python.pydev.analysis.additionalinfo.AdditionalSystemInterpreterInfo.getAdditionalSystemInfo(AdditionalSystemInterpreterInfo.java:155)
	at com.python.pydev.analysis.additionalinfo.AdditionalSystemInterpreterInfo.getAdditionalSystemInfo(AdditionalSystemInterpreterInfo.java:124)
	at com.python.pydev.analysis.additionalinfo.AdditionalSystemInterpreterInfo.recreateAllInfo(AdditionalSystemInterpreterInfo.java:171)
	at com.python.pydev.analysis.additionalinfo.builders.InterpreterObserver.notifyDefaultPythonpathRestored(InterpreterObserver.java:36)
	at org.python.pydev.ui.interpreters.AbstractInterpreterManager.restorePythopathForInterpreters(AbstractInterpreterManager.java:740)
	at org.python.pydev.ui.interpreters.AbstractInterpreterManager.setInfos(AbstractInterpreterManager.java:657)
	at org.python.pydev.ui.pythonpathconf.AutoConfigMaker$1.run(AutoConfigMaker.java:137)
	at org.eclipse.core.internal.jobs.Worker.run(Worker.java:55)

!ENTRY org.python.pydev.shared_core 4 4 2016-08-27 16:13:14.700
!MESSAGE Did not expect to find item below node: Assign[targets=[Name[id=self_rds_signal_processor, ctx=Store, reserved=false]], value=null] (module: wfm_rcv_fmdet.py).
!STACK 0
java.lang.RuntimeException: Did not expect to find item below node: Assign[targets=[Name[id=self_rds_signal_processor, ctx=Store, reserved=false]], value=null] (module: wfm_rcv_fmdet.py).
	at org.python.pydev.core.log.Log.log(Log.java:54)
	at org.python.pydev.parser.fastparser.FastDefinitionsParser.endScopesInStack(FastDefinitionsParser.java:589)
	at org.python.pydev.parser.fastparser.FastDefinitionsParser.handleNewLine(FastDefinitionsParser.java:380)
	at org.python.pydev.parser.fastparser.FastDefinitionsParser.extractBody(FastDefinitionsParser.java:249)
	at org.python.pydev.parser.fastparser.FastDefinitionsParser.parse(FastDefinitionsParser.java:676)
	at com.python.pydev.analysis.additionalinfo.AbstractAdditionalTokensInfo.addAstInfo(AbstractAdditionalTokensInfo.java:314)
	at com.python.pydev.analysis.additionalinfo.AbstractAdditionalInfoWithBuild.restoreInfoForModuleManager(AbstractAdditionalInfoWithBuild.java:264)
	at com.python.pydev.analysis.additionalinfo.AdditionalSystemInterpreterInfo.recreateAllInfo(AdditionalSystemInterpreterInfo.java:179)
	at com.python.pydev.analysis.additionalinfo.AdditionalSystemInterpreterInfo.getAdditionalSystemInfo(AdditionalSystemInterpreterInfo.java:155)
	at com.python.pydev.analysis.additionalinfo.AdditionalSystemInterpreterInfo.getAdditionalSystemInfo(AdditionalSystemInterpreterInfo.java:124)
	at com.python.pydev.analysis.additionalinfo.AdditionalSystemInterpreterInfo.recreateAllInfo(AdditionalSystemInterpreterInfo.java:171)
	at com.python.pydev.analysis.additionalinfo.builders.InterpreterObserver.notifyDefaultPythonpathRestored(InterpreterObserver.java:36)
	at org.python.pydev.ui.interpreters.AbstractInterpreterManager.restorePythopathForInterpreters(AbstractInterpreterManager.java:740)
	at org.python.pydev.ui.interpreters.AbstractInterpreterManager.setInfos(AbstractInterpreterManager.java:657)
	at org.python.pydev.ui.pythonpathconf.AutoConfigMaker$1.run(AutoConfigMaker.java:137)
	at org.eclipse.core.internal.jobs.Worker.run(Worker.java:55)

!ENTRY org.python.pydev.shared_core 4 4 2016-08-27 16:13:14.703
!MESSAGE Did not expect to find item below node: Assign[targets=[Name[id=self_rds_signal_processor, ctx=Store, reserved=false]], value=null] (module: wfm_rcv_pll.py).
!STACK 0
java.lang.RuntimeException: Did not expect to find item below node: Assign[targets=[Name[id=self_rds_signal_processor, ctx=Store, reserved=false]], value=null] (module: wfm_rcv_pll.py).
	at org.python.pydev.core.log.Log.log(Log.java:54)
	at org.python.pydev.parser.fastparser.FastDefinitionsParser.endScopesInStack(FastDefinitionsParser.java:589)
	at org.python.pydev.parser.fastparser.FastDefinitionsParser.handleNewLine(FastDefinitionsParser.java:380)
	at org.python.pydev.parser.fastparser.FastDefinitionsParser.extractBody(FastDefinitionsParser.java:249)
	at org.python.pydev.parser.fastparser.FastDefinitionsParser.parse(FastDefinitionsParser.java:676)
	at com.python.pydev.analysis.additionalinfo.AbstractAdditionalTokensInfo.addAstInfo(AbstractAdditionalTokensInfo.java:314)
	at com.python.pydev.analysis.additionalinfo.AbstractAdditionalInfoWithBuild.restoreInfoForModuleManager(AbstractAdditionalInfoWithBuild.java:264)
	at com.python.pydev.analysis.additionalinfo.AdditionalSystemInterpreterInfo.recreateAllInfo(AdditionalSystemInterpreterInfo.java:179)
	at com.python.pydev.analysis.additionalinfo.AdditionalSystemInterpreterInfo.getAdditionalSystemInfo(AdditionalSystemInterpreterInfo.java:155)
	at com.python.pydev.analysis.additionalinfo.AdditionalSystemInterpreterInfo.getAdditionalSystemInfo(AdditionalSystemInterpreterInfo.java:124)
	at com.python.pydev.analysis.additionalinfo.AdditionalSystemInterpreterInfo.recreateAllInfo(AdditionalSystemInterpreterInfo.java:171)
	at com.python.pydev.analysis.additionalinfo.builders.InterpreterObserver.notifyDefaultPythonpathRestored(InterpreterObserver.java:36)
	at org.python.pydev.ui.interpreters.AbstractInterpreterManager.restorePythopathForInterpreters(AbstractInterpreterManager.java:740)
	at org.python.pydev.ui.interpreters.AbstractInterpreterManager.setInfos(AbstractInterpreterManager.java:657)
	at org.python.pydev.ui.pythonpathconf.AutoConfigMaker$1.run(AutoConfigMaker.java:137)
	at org.eclipse.core.internal.jobs.Worker.run(Worker.java:55)

!ENTRY org.python.pydev.shared_core 4 4 2016-08-27 16:13:14.923
!MESSAGE Did not expect to find item below node: Assign[targets=[Attribute[value=Name[id=self, ctx=Load, reserved=false], attr=NameTok[id=_symbols_per_pulse, ctx=Attrib], ctx=Load]], value=null] (module: cpm.py).
!STACK 0
java.lang.RuntimeException: Did not expect to find item below node: Assign[targets=[Attribute[value=Name[id=self, ctx=Load, reserved=false], attr=NameTok[id=_symbols_per_pulse, ctx=Attrib], ctx=Load]], value=null] (module: cpm.py).
	at org.python.pydev.core.log.Log.log(Log.java:54)
	at org.python.pydev.parser.fastparser.FastDefinitionsParser.endScopesInStack(FastDefinitionsParser.java:589)
	at org.python.pydev.parser.fastparser.FastDefinitionsParser.handleNewLine(FastDefinitionsParser.java:380)
	at org.python.pydev.parser.fastparser.FastDefinitionsParser.extractBody(FastDefinitionsParser.java:249)
	at org.python.pydev.parser.fastparser.FastDefinitionsParser.parse(FastDefinitionsParser.java:676)
	at com.python.pydev.analysis.additionalinfo.AbstractAdditionalTokensInfo.addAstInfo(AbstractAdditionalTokensInfo.java:314)
	at com.python.pydev.analysis.additionalinfo.AbstractAdditionalInfoWithBuild.restoreInfoForModuleManager(AbstractAdditionalInfoWithBuild.java:264)
	at com.python.pydev.analysis.additionalinfo.AdditionalSystemInterpreterInfo.recreateAllInfo(AdditionalSystemInterpreterInfo.java:179)
	at com.python.pydev.analysis.additionalinfo.AdditionalSystemInterpreterInfo.getAdditionalSystemInfo(AdditionalSystemInterpreterInfo.java:155)
	at com.python.pydev.analysis.additionalinfo.AdditionalSystemInterpreterInfo.getAdditionalSystemInfo(AdditionalSystemInterpreterInfo.java:124)
	at com.python.pydev.analysis.additionalinfo.AdditionalSystemInterpreterInfo.recreateAllInfo(AdditionalSystemInterpreterInfo.java:171)
	at com.python.pydev.analysis.additionalinfo.builders.InterpreterObserver.notifyDefaultPythonpathRestored(InterpreterObserver.java:36)
	at org.python.pydev.ui.interpreters.AbstractInterpreterManager.restorePythopathForInterpreters(AbstractInterpreterManager.java:740)
	at org.python.pydev.ui.interpreters.AbstractInterpreterManager.setInfos(AbstractInterpreterManager.java:657)
	at org.python.pydev.ui.pythonpathconf.AutoConfigMaker$1.run(AutoConfigMaker.java:137)
	at org.eclipse.core.internal.jobs.Worker.run(Worker.java:55)

!ENTRY org.python.pydev.shared_core 4 4 2016-08-27 16:13:14.924
!MESSAGE Did not expect to find item below node: Assign[targets=[Name[id=sensitivity, ctx=Store, reserved=false]], value=null] (module: cpm.py).
!STACK 0
java.lang.RuntimeException: Did not expect to find item below node: Assign[targets=[Name[id=sensitivity, ctx=Store, reserved=false]], value=null] (module: cpm.py).
	at org.python.pydev.core.log.Log.log(Log.java:54)
	at org.python.pydev.parser.fastparser.FastDefinitionsParser.endScopesInStack(FastDefinitionsParser.java:589)
	at org.python.pydev.parser.fastparser.FastDefinitionsParser.handleNewLine(FastDefinitionsParser.java:380)
	at org.python.pydev.parser.fastparser.FastDefinitionsParser.extractBody(FastDefinitionsParser.java:249)
	at org.python.pydev.parser.fastparser.FastDefinitionsParser.parse(FastDefinitionsParser.java:676)
	at com.python.pydev.analysis.additionalinfo.AbstractAdditionalTokensInfo.addAstInfo(AbstractAdditionalTokensInfo.java:314)
	at com.python.pydev.analysis.additionalinfo.AbstractAdditionalInfoWithBuild.restoreInfoForModuleManager(AbstractAdditionalInfoWithBuild.java:264)
	at com.python.pydev.analysis.additionalinfo.AdditionalSystemInterpreterInfo.recreateAllInfo(AdditionalSystemInterpreterInfo.java:179)
	at com.python.pydev.analysis.additionalinfo.AdditionalSystemInterpreterInfo.getAdditionalSystemInfo(AdditionalSystemInterpreterInfo.java:155)
	at com.python.pydev.analysis.additionalinfo.AdditionalSystemInterpreterInfo.getAdditionalSystemInfo(AdditionalSystemInterpreterInfo.java:124)
	at com.python.pydev.analysis.additionalinfo.AdditionalSystemInterpreterInfo.recreateAllInfo(AdditionalSystemInterpreterInfo.java:171)
	at com.python.pydev.analysis.additionalinfo.builders.InterpreterObserver.notifyDefaultPythonpathRestored(InterpreterObserver.java:36)
	at org.python.pydev.ui.interpreters.AbstractInterpreterManager.restorePythopathForInterpreters(AbstractInterpreterManager.java:740)
	at org.python.pydev.ui.interpreters.AbstractInterpreterManager.setInfos(AbstractInterpreterManager.java:657)
	at org.python.pydev.ui.pythonpathconf.AutoConfigMaker$1.run(AutoConfigMaker.java:137)
	at org.eclipse.core.internal.jobs.Worker.run(Worker.java:55)

!ENTRY org.python.pydev.shared_core 4 4 2016-08-27 16:13:14.926
!MESSAGE Did not expect to find item below node: Assign[targets=[Attribute[value=Name[id=self, ctx=Load, reserved=false], attr=NameTok[id=taps, ctx=Attrib], ctx=Load]], value=null] (module: cpm.py).
!STACK 0
java.lang.RuntimeException: Did not expect to find item below node: Assign[targets=[Attribute[value=Name[id=self, ctx=Load, reserved=false], attr=NameTok[id=taps, ctx=Attrib], ctx=Load]], value=null] (module: cpm.py).
	at org.python.pydev.core.log.Log.log(Log.java:54)
	at org.python.pydev.parser.fastparser.FastDefinitionsParser.endScopesInStack(FastDefinitionsParser.java:589)
	at org.python.pydev.parser.fastparser.FastDefinitionsParser.handleNewLine(FastDefinitionsParser.java:380)
	at org.python.pydev.parser.fastparser.FastDefinitionsParser.extractBody(FastDefinitionsParser.java:249)
	at org.python.pydev.parser.fastparser.FastDefinitionsParser.parse(FastDefinitionsParser.java:676)
	at com.python.pydev.analysis.additionalinfo.AbstractAdditionalTokensInfo.addAstInfo(AbstractAdditionalTokensInfo.java:314)
	at com.python.pydev.analysis.additionalinfo.AbstractAdditionalInfoWithBuild.restoreInfoForModuleManager(AbstractAdditionalInfoWithBuild.java:264)
	at com.python.pydev.analysis.additionalinfo.AdditionalSystemInterpreterInfo.recreateAllInfo(AdditionalSystemInterpreterInfo.java:179)
	at com.python.pydev.analysis.additionalinfo.AdditionalSystemInterpreterInfo.getAdditionalSystemInfo(AdditionalSystemInterpreterInfo.java:155)
	at com.python.pydev.analysis.additionalinfo.AdditionalSystemInterpreterInfo.getAdditionalSystemInfo(AdditionalSystemInterpreterInfo.java:124)
	at com.python.pydev.analysis.additionalinfo.AdditionalSystemInterpreterInfo.recreateAllInfo(AdditionalSystemInterpreterInfo.java:171)
	at com.python.pydev.analysis.additionalinfo.builders.InterpreterObserver.notifyDefaultPythonpathRestored(InterpreterObserver.java:36)
	at org.python.pydev.ui.interpreters.AbstractInterpreterManager.restorePythopathForInterpreters(AbstractInterpreterManager.java:740)
	at org.python.pydev.ui.interpreters.AbstractInterpreterManager.setInfos(AbstractInterpreterManager.java:657)
	at org.python.pydev.ui.pythonpathconf.AutoConfigMaker$1.run(AutoConfigMaker.java:137)
	at org.eclipse.core.internal.jobs.Worker.run(Worker.java:55)

!ENTRY org.python.pydev.shared_core 4 4 2016-08-27 16:13:15.024
!MESSAGE Did not expect to find item below node: Assign[targets=[Name[id=ntaps, ctx=Store, reserved=false]], value=null] (module: gfsk.py).
!STACK 0
java.lang.RuntimeException: Did not expect to find item below node: Assign[targets=[Name[id=ntaps, ctx=Store, reserved=false]], value=null] (module: gfsk.py).
	at org.python.pydev.core.log.Log.log(Log.java:54)
	at org.python.pydev.parser.fastparser.FastDefinitionsParser.endScopesInStack(FastDefinitionsParser.java:589)
	at org.python.pydev.parser.fastparser.FastDefinitionsParser.handleNewLine(FastDefinitionsParser.java:380)
	at org.python.pydev.parser.fastparser.FastDefinitionsParser.extractBody(FastDefinitionsParser.java:249)
	at org.python.pydev.parser.fastparser.FastDefinitionsParser.parse(FastDefinitionsParser.java:676)
	at com.python.pydev.analysis.additionalinfo.AbstractAdditionalTokensInfo.addAstInfo(AbstractAdditionalTokensInfo.java:314)
	at com.python.pydev.analysis.additionalinfo.AbstractAdditionalInfoWithBuild.restoreInfoForModuleManager(AbstractAdditionalInfoWithBuild.java:264)
	at com.python.pydev.analysis.additionalinfo.AdditionalSystemInterpreterInfo.recreateAllInfo(AdditionalSystemInterpreterInfo.java:179)
	at com.python.pydev.analysis.additionalinfo.AdditionalSystemInterpreterInfo.getAdditionalSystemInfo(AdditionalSystemInterpreterInfo.java:155)
	at com.python.pydev.analysis.additionalinfo.AdditionalSystemInterpreterInfo.getAdditionalSystemInfo(AdditionalSystemInterpreterInfo.java:124)
	at com.python.pydev.analysis.additionalinfo.AdditionalSystemInterpreterInfo.recreateAllInfo(AdditionalSystemInterpreterInfo.java:171)
	at com.python.pydev.analysis.additionalinfo.builders.InterpreterObserver.notifyDefaultPythonpathRestored(InterpreterObserver.java:36)
	at org.python.pydev.ui.interpreters.AbstractInterpreterManager.restorePythopathForInterpreters(AbstractInterpreterManager.java:740)
	at org.python.pydev.ui.interpreters.AbstractInterpreterManager.setInfos(AbstractInterpreterManager.java:657)
	at org.python.pydev.ui.pythonpathconf.AutoConfigMaker$1.run(AutoConfigMaker.java:137)
	at org.eclipse.core.internal.jobs.Worker.run(Worker.java:55)

!ENTRY org.python.pydev.shared_core 4 4 2016-08-27 16:13:15.026
!MESSAGE Did not expect to find item below node: Assign[targets=[Name[id=sensitivity, ctx=Store, reserved=false]], value=null] (module: gmsk.py).
!STACK 0
java.lang.RuntimeException: Did not expect to find item below node: Assign[targets=[Name[id=sensitivity, ctx=Store, reserved=false]], value=null] (module: gmsk.py).
	at org.python.pydev.core.log.Log.log(Log.java:54)
	at org.python.pydev.parser.fastparser.FastDefinitionsParser.endScopesInStack(FastDefinitionsParser.java:589)
	at org.python.pydev.parser.fastparser.FastDefinitionsParser.handleNewLine(FastDefinitionsParser.java:380)
	at org.python.pydev.parser.fastparser.FastDefinitionsParser.extractBody(FastDefinitionsParser.java:249)
	at org.python.pydev.parser.fastparser.FastDefinitionsParser.parse(FastDefinitionsParser.java:676)
	at com.python.pydev.analysis.additionalinfo.AbstractAdditionalTokensInfo.addAstInfo(AbstractAdditionalTokensInfo.java:314)
	at com.python.pydev.analysis.additionalinfo.AbstractAdditionalInfoWithBuild.restoreInfoForModuleManager(AbstractAdditionalInfoWithBuild.java:264)
	at com.python.pydev.analysis.additionalinfo.AdditionalSystemInterpreterInfo.recreateAllInfo(AdditionalSystemInterpreterInfo.java:179)
	at com.python.pydev.analysis.additionalinfo.AdditionalSystemInterpreterInfo.getAdditionalSystemInfo(AdditionalSystemInterpreterInfo.java:155)
	at com.python.pydev.analysis.additionalinfo.AdditionalSystemInterpreterInfo.getAdditionalSystemInfo(AdditionalSystemInterpreterInfo.java:124)
	at com.python.pydev.analysis.additionalinfo.AdditionalSystemInterpreterInfo.recreateAllInfo(AdditionalSystemInterpreterInfo.java:171)
	at com.python.pydev.analysis.additionalinfo.builders.InterpreterObserver.notifyDefaultPythonpathRestored(InterpreterObserver.java:36)
	at org.python.pydev.ui.interpreters.AbstractInterpreterManager.restorePythopathForInterpreters(AbstractInterpreterManager.java:740)
	at org.python.pydev.ui.interpreters.AbstractInterpreterManager.setInfos(AbstractInterpreterManager.java:657)
	at org.python.pydev.ui.pythonpathconf.AutoConfigMaker$1.run(AutoConfigMaker.java:137)
	at org.eclipse.core.internal.jobs.Worker.run(Worker.java:55)

!ENTRY org.python.pydev.shared_core 4 4 2016-08-27 16:13:15.165
!MESSAGE Did not expect to find item below node: Assign[targets=[Attribute[value=Name[id=self, ctx=Load, reserved=false], attr=NameTok[id=_proxies, ctx=Attrib], ctx=Load]], value=null] (module: pubsub.py).
!STACK 0
java.lang.RuntimeException: Did not expect to find item below node: Assign[targets=[Attribute[value=Name[id=self, ctx=Load, reserved=false], attr=NameTok[id=_proxies, ctx=Attrib], ctx=Load]], value=null] (module: pubsub.py).
	at org.python.pydev.core.log.Log.log(Log.java:54)
	at org.python.pydev.parser.fastparser.FastDefinitionsParser.endScopesInStack(FastDefinitionsParser.java:589)
	at org.python.pydev.parser.fastparser.FastDefinitionsParser.handleNewLine(FastDefinitionsParser.java:380)
	at org.python.pydev.parser.fastparser.FastDefinitionsParser.extractBody(FastDefinitionsParser.java:249)
	at org.python.pydev.parser.fastparser.FastDefinitionsParser.parse(FastDefinitionsParser.java:676)
	at com.python.pydev.analysis.additionalinfo.AbstractAdditionalTokensInfo.addAstInfo(AbstractAdditionalTokensInfo.java:314)
	at com.python.pydev.analysis.additionalinfo.AbstractAdditionalInfoWithBuild.restoreInfoForModuleManager(AbstractAdditionalInfoWithBuild.java:264)
	at com.python.pydev.analysis.additionalinfo.AdditionalSystemInterpreterInfo.recreateAllInfo(AdditionalSystemInterpreterInfo.java:179)
	at com.python.pydev.analysis.additionalinfo.AdditionalSystemInterpreterInfo.getAdditionalSystemInfo(AdditionalSystemInterpreterInfo.java:155)
	at com.python.pydev.analysis.additionalinfo.AdditionalSystemInterpreterInfo.getAdditionalSystemInfo(AdditionalSystemInterpreterInfo.java:124)
	at com.python.pydev.analysis.additionalinfo.AdditionalSystemInterpreterInfo.recreateAllInfo(AdditionalSystemInterpreterInfo.java:171)
	at com.python.pydev.analysis.additionalinfo.builders.InterpreterObserver.notifyDefaultPythonpathRestored(InterpreterObserver.java:36)
	at org.python.pydev.ui.interpreters.AbstractInterpreterManager.restorePythopathForInterpreters(AbstractInterpreterManager.java:740)
	at org.python.pydev.ui.interpreters.AbstractInterpreterManager.setInfos(AbstractInterpreterManager.java:657)
	at org.python.pydev.ui.pythonpathconf.AutoConfigMaker$1.run(AutoConfigMaker.java:137)
	at org.eclipse.core.internal.jobs.Worker.run(Worker.java:55)

!ENTRY org.python.pydev.shared_core 4 4 2016-08-27 16:13:15.536
!MESSAGE Did not expect to find item below node: Assign[targets=[Name[id=right_box, ctx=Store, reserved=false]], value=null] (module: tweakview.py).
!STACK 0
java.lang.RuntimeException: Did not expect to find item below node: Assign[targets=[Name[id=right_box, ctx=Store, reserved=false]], value=null] (module: tweakview.py).
	at org.python.pydev.core.log.Log.log(Log.java:54)
	at org.python.pydev.parser.fastparser.FastDefinitionsParser.endScopesInStack(FastDefinitionsParser.java:589)
	at org.python.pydev.parser.fastparser.FastDefinitionsParser.handleNewLine(FastDefinitionsParser.java:380)
	at org.python.pydev.parser.fastparser.FastDefinitionsParser.extractBody(FastDefinitionsParser.java:249)
	at org.python.pydev.parser.fastparser.FastDefinitionsParser.parse(FastDefinitionsParser.java:676)
	at com.python.pydev.analysis.additionalinfo.AbstractAdditionalTokensInfo.addAstInfo(AbstractAdditionalTokensInfo.java:314)
	at com.python.pydev.analysis.additionalinfo.AbstractAdditionalInfoWithBuild.restoreInfoForModuleManager(AbstractAdditionalInfoWithBuild.java:264)
	at com.python.pydev.analysis.additionalinfo.AdditionalSystemInterpreterInfo.recreateAllInfo(AdditionalSystemInterpreterInfo.java:179)
	at com.python.pydev.analysis.additionalinfo.AdditionalSystemInterpreterInfo.getAdditionalSystemInfo(AdditionalSystemInterpreterInfo.java:155)
	at com.python.pydev.analysis.additionalinfo.AdditionalSystemInterpreterInfo.getAdditionalSystemInfo(AdditionalSystemInterpreterInfo.java:124)
	at com.python.pydev.analysis.additionalinfo.AdditionalSystemInterpreterInfo.recreateAllInfo(AdditionalSystemInterpreterInfo.java:171)
	at com.python.pydev.analysis.additionalinfo.builders.InterpreterObserver.notifyDefaultPythonpathRestored(InterpreterObserver.java:36)
	at org.python.pydev.ui.interpreters.AbstractInterpreterManager.restorePythopathForInterpreters(AbstractInterpreterManager.java:740)
	at org.python.pydev.ui.interpreters.AbstractInterpreterManager.setInfos(AbstractInterpreterManager.java:657)
	at org.python.pydev.ui.pythonpathconf.AutoConfigMaker$1.run(AutoConfigMaker.java:137)
	at org.eclipse.core.internal.jobs.Worker.run(Worker.java:55)

!ENTRY org.python.pydev.shared_core 4 4 2016-08-27 16:13:17.250
!MESSAGE Did not expect to find item below node: Assign[targets=[Name[id=srcpackage, ctx=Store, reserved=false]], value=null] (module: checkversions.py).
!STACK 0
java.lang.RuntimeException: Did not expect to find item below node: Assign[targets=[Name[id=srcpackage, ctx=Store, reserved=false]], value=null] (module: checkversions.py).
	at org.python.pydev.core.log.Log.log(Log.java:54)
	at org.python.pydev.parser.fastparser.FastDefinitionsParser.endScopesInStack(FastDefinitionsParser.java:589)
	at org.python.pydev.parser.fastparser.FastDefinitionsParser.handleNewLine(FastDefinitionsParser.java:380)
	at org.python.pydev.parser.fastparser.FastDefinitionsParser.extractBody(FastDefinitionsParser.java:249)
	at org.python.pydev.parser.fastparser.FastDefinitionsParser.parse(FastDefinitionsParser.java:676)
	at com.python.pydev.analysis.additionalinfo.AbstractAdditionalTokensInfo.addAstInfo(AbstractAdditionalTokensInfo.java:314)
	at com.python.pydev.analysis.additionalinfo.AbstractAdditionalInfoWithBuild.restoreInfoForModuleManager(AbstractAdditionalInfoWithBuild.java:264)
	at com.python.pydev.analysis.additionalinfo.AdditionalSystemInterpreterInfo.recreateAllInfo(AdditionalSystemInterpreterInfo.java:179)
	at com.python.pydev.analysis.additionalinfo.AdditionalSystemInterpreterInfo.getAdditionalSystemInfo(AdditionalSystemInterpreterInfo.java:155)
	at com.python.pydev.analysis.additionalinfo.AdditionalSystemInterpreterInfo.getAdditionalSystemInfo(AdditionalSystemInterpreterInfo.java:124)
	at com.python.pydev.analysis.additionalinfo.AdditionalSystemInterpreterInfo.recreateAllInfo(AdditionalSystemInterpreterInfo.java:171)
	at com.python.pydev.analysis.additionalinfo.builders.InterpreterObserver.notifyDefaultPythonpathRestored(InterpreterObserver.java:36)
	at org.python.pydev.ui.interpreters.AbstractInterpreterManager.restorePythopathForInterpreters(AbstractInterpreterManager.java:740)
	at org.python.pydev.ui.interpreters.AbstractInterpreterManager.setInfos(AbstractInterpreterManager.java:657)
	at org.python.pydev.ui.pythonpathconf.AutoConfigMaker$1.run(AutoConfigMaker.java:137)
	at org.eclipse.core.internal.jobs.Worker.run(Worker.java:55)

!ENTRY org.python.pydev.shared_core 4 4 2016-08-27 16:13:18.268
!MESSAGE Did not expect to find item below node: Assign[targets=[Name[id=cnt, ctx=Store, reserved=false]], value=null] (module: calendar.py).
!STACK 0
java.lang.RuntimeException: Did not expect to find item below node: Assign[targets=[Name[id=cnt, ctx=Store, reserved=false]], value=null] (module: calendar.py).
	at org.python.pydev.core.log.Log.log(Log.java:54)
	at org.python.pydev.parser.fastparser.FastDefinitionsParser.endScopesInStack(FastDefinitionsParser.java:589)
	at org.python.pydev.parser.fastparser.FastDefinitionsParser.handleNewLine(FastDefinitionsParser.java:380)
	at org.python.pydev.parser.fastparser.FastDefinitionsParser.extractBody(FastDefinitionsParser.java:249)
	at org.python.pydev.parser.fastparser.FastDefinitionsParser.parse(FastDefinitionsParser.java:676)
	at com.python.pydev.analysis.additionalinfo.AbstractAdditionalTokensInfo.addAstInfo(AbstractAdditionalTokensInfo.java:314)
	at com.python.pydev.analysis.additionalinfo.AbstractAdditionalInfoWithBuild.restoreInfoForModuleManager(AbstractAdditionalInfoWithBuild.java:264)
	at com.python.pydev.analysis.additionalinfo.AdditionalSystemInterpreterInfo.recreateAllInfo(AdditionalSystemInterpreterInfo.java:179)
	at com.python.pydev.analysis.additionalinfo.AdditionalSystemInterpreterInfo.getAdditionalSystemInfo(AdditionalSystemInterpreterInfo.java:155)
	at com.python.pydev.analysis.additionalinfo.AdditionalSystemInterpreterInfo.getAdditionalSystemInfo(AdditionalSystemInterpreterInfo.java:124)
	at com.python.pydev.analysis.additionalinfo.AdditionalSystemInterpreterInfo.recreateAllInfo(AdditionalSystemInterpreterInfo.java:171)
	at com.python.pydev.analysis.additionalinfo.builders.InterpreterObserver.notifyDefaultPythonpathRestored(InterpreterObserver.java:36)
	at org.python.pydev.ui.interpreters.AbstractInterpreterManager.restorePythopathForInterpreters(AbstractInterpreterManager.java:740)
	at org.python.pydev.ui.interpreters.AbstractInterpreterManager.setInfos(AbstractInterpreterManager.java:657)
	at org.python.pydev.ui.pythonpathconf.AutoConfigMaker$1.run(AutoConfigMaker.java:137)
	at org.eclipse.core.internal.jobs.Worker.run(Worker.java:55)

!ENTRY org.python.pydev.shared_core 4 4 2016-08-27 16:13:18.269
!MESSAGE Did not expect to find item below node: Assign[targets=[Name[id=f, ctx=Store, reserved=false]], value=null] (module: calendar.py).
!STACK 0
java.lang.RuntimeException: Did not expect to find item below node: Assign[targets=[Name[id=f, ctx=Store, reserved=false]], value=null] (module: calendar.py).
	at org.python.pydev.core.log.Log.log(Log.java:54)
	at org.python.pydev.parser.fastparser.FastDefinitionsParser.endScopesInStack(FastDefinitionsParser.java:589)
	at org.python.pydev.parser.fastparser.FastDefinitionsParser.handleNewLine(FastDefinitionsParser.java:380)
	at org.python.pydev.parser.fastparser.FastDefinitionsParser.extractBody(FastDefinitionsParser.java:249)
	at org.python.pydev.parser.fastparser.FastDefinitionsParser.parse(FastDefinitionsParser.java:676)
	at com.python.pydev.analysis.additionalinfo.AbstractAdditionalTokensInfo.addAstInfo(AbstractAdditionalTokensInfo.java:314)
	at com.python.pydev.analysis.additionalinfo.AbstractAdditionalInfoWithBuild.restoreInfoForModuleManager(AbstractAdditionalInfoWithBuild.java:264)
	at com.python.pydev.analysis.additionalinfo.AdditionalSystemInterpreterInfo.recreateAllInfo(AdditionalSystemInterpreterInfo.java:179)
	at com.python.pydev.analysis.additionalinfo.AdditionalSystemInterpreterInfo.getAdditionalSystemInfo(AdditionalSystemInterpreterInfo.java:155)
	at com.python.pydev.analysis.additionalinfo.AdditionalSystemInterpreterInfo.getAdditionalSystemInfo(AdditionalSystemInterpreterInfo.java:124)
	at com.python.pydev.analysis.additionalinfo.AdditionalSystemInterpreterInfo.recreateAllInfo(AdditionalSystemInterpreterInfo.java:171)
	at com.python.pydev.analysis.additionalinfo.builders.InterpreterObserver.notifyDefaultPythonpathRestored(InterpreterObserver.java:36)
	at org.python.pydev.ui.interpreters.AbstractInterpreterManager.restorePythopathForInterpreters(AbstractInterpreterManager.java:740)
	at org.python.pydev.ui.interpreters.AbstractInterpreterManager.setInfos(AbstractInterpreterManager.java:657)
	at org.python.pydev.ui.pythonpathconf.AutoConfigMaker$1.run(AutoConfigMaker.java:137)
	at org.eclipse.core.internal.jobs.Worker.run(Worker.java:55)

!ENTRY org.python.pydev.shared_core 4 4 2016-08-27 16:13:18.270
!MESSAGE Did not expect to find item below node: Assign[targets=[Name[id=borderW, ctx=Store, reserved=false]], value=null] (module: calendar.py).
!STACK 0
java.lang.RuntimeException: Did not expect to find item below node: Assign[targets=[Name[id=borderW, ctx=Store, reserved=false]], value=null] (module: calendar.py).
	at org.python.pydev.core.log.Log.log(Log.java:54)
	at org.python.pydev.parser.fastparser.FastDefinitionsParser.endScopesInStack(FastDefinitionsParser.java:589)
	at org.python.pydev.parser.fastparser.FastDefinitionsParser.handleNewLine(FastDefinitionsParser.java:380)
	at org.python.pydev.parser.fastparser.FastDefinitionsParser.extractBody(FastDefinitionsParser.java:249)
	at org.python.pydev.parser.fastparser.FastDefinitionsParser.parse(FastDefinitionsParser.java:676)
	at com.python.pydev.analysis.additionalinfo.AbstractAdditionalTokensInfo.addAstInfo(AbstractAdditionalTokensInfo.java:314)
	at com.python.pydev.analysis.additionalinfo.AbstractAdditionalInfoWithBuild.restoreInfoForModuleManager(AbstractAdditionalInfoWithBuild.java:264)
	at com.python.pydev.analysis.additionalinfo.AdditionalSystemInterpreterInfo.recreateAllInfo(AdditionalSystemInterpreterInfo.java:179)
	at com.python.pydev.analysis.additionalinfo.AdditionalSystemInterpreterInfo.getAdditionalSystemInfo(AdditionalSystemInterpreterInfo.java:155)
	at com.python.pydev.analysis.additionalinfo.AdditionalSystemInterpreterInfo.getAdditionalSystemInfo(AdditionalSystemInterpreterInfo.java:124)
	at com.python.pydev.analysis.additionalinfo.AdditionalSystemInterpreterInfo.recreateAllInfo(AdditionalSystemInterpreterInfo.java:171)
	at com.python.pydev.analysis.additionalinfo.builders.InterpreterObserver.notifyDefaultPythonpathRestored(InterpreterObserver.java:36)
	at org.python.pydev.ui.interpreters.AbstractInterpreterManager.restorePythopathForInterpreters(AbstractInterpreterManager.java:740)
	at org.python.pydev.ui.interpreters.AbstractInterpreterManager.setInfos(AbstractInterpreterManager.java:657)
	at org.python.pydev.ui.pythonpathconf.AutoConfigMaker$1.run(AutoConfigMaker.java:137)
	at org.eclipse.core.internal.jobs.Worker.run(Worker.java:55)

!ENTRY org.python.pydev.shared_core 4 4 2016-08-27 16:13:18.273
!MESSAGE Did not expect to find item below node: Assign[targets=[Attribute[value=Name[id=self, ctx=Load, reserved=false], attr=NameTok[id=pwidth, ctx=Attrib], ctx=Load]], value=null] (module: calendar.py).
!STACK 0
java.lang.RuntimeException: Did not expect to find item below node: Assign[targets=[Attribute[value=Name[id=self, ctx=Load, reserved=false], attr=NameTok[id=pwidth, ctx=Attrib], ctx=Load]], value=null] (module: calendar.py).
	at org.python.pydev.core.log.Log.log(Log.java:54)
	at org.python.pydev.parser.fastparser.FastDefinitionsParser.endScopesInStack(FastDefinitionsParser.java:589)
	at org.python.pydev.parser.fastparser.FastDefinitionsParser.handleNewLine(FastDefinitionsParser.java:380)
	at org.python.pydev.parser.fastparser.FastDefinitionsParser.extractBody(FastDefinitionsParser.java:249)
	at org.python.pydev.parser.fastparser.FastDefinitionsParser.parse(FastDefinitionsParser.java:676)
	at com.python.pydev.analysis.additionalinfo.AbstractAdditionalTokensInfo.addAstInfo(AbstractAdditionalTokensInfo.java:314)
	at com.python.pydev.analysis.additionalinfo.AbstractAdditionalInfoWithBuild.restoreInfoForModuleManager(AbstractAdditionalInfoWithBuild.java:264)
	at com.python.pydev.analysis.additionalinfo.AdditionalSystemInterpreterInfo.recreateAllInfo(AdditionalSystemInterpreterInfo.java:179)
	at com.python.pydev.analysis.additionalinfo.AdditionalSystemInterpreterInfo.getAdditionalSystemInfo(AdditionalSystemInterpreterInfo.java:155)
	at com.python.pydev.analysis.additionalinfo.AdditionalSystemInterpreterInfo.getAdditionalSystemInfo(AdditionalSystemInterpreterInfo.java:124)
	at com.python.pydev.analysis.additionalinfo.AdditionalSystemInterpreterInfo.recreateAllInfo(AdditionalSystemInterpreterInfo.java:171)
	at com.python.pydev.analysis.additionalinfo.builders.InterpreterObserver.notifyDefaultPythonpathRestored(InterpreterObserver.java:36)
	at org.python.pydev.ui.interpreters.AbstractInterpreterManager.restorePythopathForInterpreters(AbstractInterpreterManager.java:740)
	at org.python.pydev.ui.interpreters.AbstractInterpreterManager.setInfos(AbstractInterpreterManager.java:657)
	at org.python.pydev.ui.pythonpathconf.AutoConfigMaker$1.run(AutoConfigMaker.java:137)
	at org.eclipse.core.internal.jobs.Worker.run(Worker.java:55)

!ENTRY org.python.pydev.shared_core 4 4 2016-08-27 16:13:18.428
!MESSAGE Did not expect to find item below node: Assign[targets=[Name[id=v, ctx=Store, reserved=false]], value=null] (module: vec2d.py).
!STACK 0
java.lang.RuntimeException: Did not expect to find item below node: Assign[targets=[Name[id=v, ctx=Store, reserved=false]], value=null] (module: vec2d.py).
	at org.python.pydev.core.log.Log.log(Log.java:54)
	at org.python.pydev.parser.fastparser.FastDefinitionsParser.endScopesInStack(FastDefinitionsParser.java:589)
	at org.python.pydev.parser.fastparser.FastDefinitionsParser.handleNewLine(FastDefinitionsParser.java:380)
	at org.python.pydev.parser.fastparser.FastDefinitionsParser.extractBody(FastDefinitionsParser.java:249)
	at org.python.pydev.parser.fastparser.FastDefinitionsParser.parse(FastDefinitionsParser.java:676)
	at com.python.pydev.analysis.additionalinfo.AbstractAdditionalTokensInfo.addAstInfo(AbstractAdditionalTokensInfo.java:314)
	at com.python.pydev.analysis.additionalinfo.AbstractAdditionalInfoWithBuild.restoreInfoForModuleManager(AbstractAdditionalInfoWithBuild.java:264)
	at com.python.pydev.analysis.additionalinfo.AdditionalSystemInterpreterInfo.recreateAllInfo(AdditionalSystemInterpreterInfo.java:179)
	at com.python.pydev.analysis.additionalinfo.AdditionalSystemInterpreterInfo.getAdditionalSystemInfo(AdditionalSystemInterpreterInfo.java:155)
	at com.python.pydev.analysis.additionalinfo.AdditionalSystemInterpreterInfo.getAdditionalSystemInfo(AdditionalSystemInterpreterInfo.java:124)
	at com.python.pydev.analysis.additionalinfo.AdditionalSystemInterpreterInfo.recreateAllInfo(AdditionalSystemInterpreterInfo.java:171)
	at com.python.pydev.analysis.additionalinfo.builders.InterpreterObserver.notifyDefaultPythonpathRestored(InterpreterObserver.java:36)
	at org.python.pydev.ui.interpreters.AbstractInterpreterManager.restorePythopathForInterpreters(AbstractInterpreterManager.java:740)
	at org.python.pydev.ui.interpreters.AbstractInterpreterManager.setInfos(AbstractInterpreterManager.java:657)
	at org.python.pydev.ui.pythonpathconf.AutoConfigMaker$1.run(AutoConfigMaker.java:137)
	at org.eclipse.core.internal.jobs.Worker.run(Worker.java:55)

!ENTRY org.python.pydev.shared_core 4 4 2016-08-27 16:13:34.542
!MESSAGE Info: Rebuilding internal caches: /home/david/hyperspace_waves/workspace-pydev/.metadata/.plugins/org.eclipse.core.resources/.projects/hyperspace_comm/com.python.pydev.analysis/AdditionalProjectInterpreterInfo.pydevinfo (Expected error to be provided and got no error!)
!SESSION 2016-08-27 16:23:46.072 -----------------------------------------------
eclipse.buildId=4.6.0.I20160606-1100
java.version=1.8.0_91
java.vendor=Oracle Corporation
BootLoader constants: OS=linux, ARCH=x86_64, WS=gtk, NL=en_US
Framework arguments:  -product org.eclipse.epp.package.java.product
Command-line arguments:  -os linux -ws gtk -arch x86_64 -product org.eclipse.epp.package.java.product

!ENTRY org.eclipse.launchbar.core 2 0 2016-08-27 16:24:43.089
!MESSAGE Enablement expression is missing for config provider for org.eclipse.cdt.arduino.core.descriptorType

!ENTRY org.eclipse.launchbar.core 2 0 2016-08-27 16:24:43.090
!MESSAGE Enablement expression is missing for config provider for org.eclipse.cdt.qt.core.launchDescriptorType
!SESSION 2016-08-27 16:27:48.441 -----------------------------------------------
eclipse.buildId=4.6.0.I20160606-1100
java.version=1.8.0_91
java.vendor=Oracle Corporation
BootLoader constants: OS=linux, ARCH=x86_64, WS=gtk, NL=en_US
Framework arguments:  -product org.eclipse.epp.package.java.product
Command-line arguments:  -os linux -ws gtk -arch x86_64 -product org.eclipse.epp.package.java.product

!ENTRY org.eclipse.launchbar.core 2 0 2016-08-27 16:27:55.925
!MESSAGE Enablement expression is missing for config provider for org.eclipse.cdt.arduino.core.descriptorType

!ENTRY org.eclipse.launchbar.core 2 0 2016-08-27 16:27:55.926
!MESSAGE Enablement expression is missing for config provider for org.eclipse.cdt.qt.core.launchDescriptorType
!SESSION 2016-08-27 16:29:42.533 -----------------------------------------------
eclipse.buildId=4.6.0.I20160606-1100
java.version=1.8.0_91
java.vendor=Oracle Corporation
BootLoader constants: OS=linux, ARCH=x86_64, WS=gtk, NL=en_US
Framework arguments:  -product org.eclipse.epp.package.java.product
Command-line arguments:  -os linux -ws gtk -arch x86_64 -product org.eclipse.epp.package.java.product

!ENTRY org.eclipse.launchbar.core 2 0 2016-08-27 16:29:50.151
!MESSAGE Enablement expression is missing for config provider for org.eclipse.cdt.arduino.core.descriptorType

!ENTRY org.eclipse.launchbar.core 2 0 2016-08-27 16:29:50.155
!MESSAGE Enablement expression is missing for config provider for org.eclipse.cdt.qt.core.launchDescriptorType

!ENTRY org.eclipse.equinox.event 4 0 2016-08-27 16:31:43.106
!MESSAGE Exception while dispatching event org.osgi.service.event.Event [topic=org/eclipse/e4/ui/model/application/ApplicationElement/tags/REMOVE] {ChangedElement=org.eclipse.e4.ui.model.application.ui.basic.impl.PartStackImpl@3a401749 (elementId: stickyFolderRight, tags: [], contributorURI: null) (widget: CTabFolder {}, renderer: org.eclipse.e4.ui.workbench.renderers.swt.StackRenderer@79c849c7, toBeRendered: true, onTop: false, visible: true, containerData: 2500, accessibilityPhrase: null), org.eclipse.e4.data={ChangedElement=org.eclipse.e4.ui.model.application.ui.basic.impl.PartStackImpl@3a401749 (elementId: stickyFolderRight, tags: [], contributorURI: null) (widget: CTabFolder {}, renderer: org.eclipse.e4.ui.workbench.renderers.swt.StackRenderer@79c849c7, toBeRendered: true, onTop: false, visible: true, containerData: 2500, accessibilityPhrase: null), AttName=tags, EventType=REMOVE, Position=0, OldValue=Maximized, Widget=CTabFolder {}}, AttName=tags, EventType=REMOVE, Position=0, OldValue=Maximized, Widget=CTabFolder {}} to handler org.eclipse.e4.ui.internal.di.UIEventObjectSupplier$UIEventHandler@4842a683
!STACK 0
org.eclipse.e4.core.di.InjectionException: java.lang.IllegalStateException: Application does not have an active window
	at org.eclipse.e4.core.internal.di.MethodRequestor.execute(MethodRequestor.java:64)
	at org.eclipse.e4.ui.internal.di.UIEventObjectSupplier$UIEventHandler$1.run(UIEventObjectSupplier.java:56)
	at org.eclipse.swt.widgets.Synchronizer.syncExec(Synchronizer.java:233)
	at org.eclipse.ui.internal.UISynchronizer.syncExec(UISynchronizer.java:145)
	at org.eclipse.swt.widgets.Display.syncExec(Display.java:5406)
	at org.eclipse.e4.ui.internal.workbench.swt.E4Application$1.syncExec(E4Application.java:211)
	at org.eclipse.e4.ui.internal.di.UIEventObjectSupplier$UIEventHandler.handleEvent(UIEventObjectSupplier.java:53)
	at org.eclipse.equinox.internal.event.EventHandlerWrapper.handleEvent(EventHandlerWrapper.java:201)
	at org.eclipse.equinox.internal.event.EventHandlerTracker.dispatchEvent(EventHandlerTracker.java:197)
	at org.eclipse.equinox.internal.event.EventHandlerTracker.dispatchEvent(EventHandlerTracker.java:1)
	at org.eclipse.osgi.framework.eventmgr.EventManager.dispatchEvent(EventManager.java:230)
	at org.eclipse.osgi.framework.eventmgr.ListenerQueue.dispatchEventSynchronous(ListenerQueue.java:148)
	at org.eclipse.equinox.internal.event.EventAdminImpl.dispatchEvent(EventAdminImpl.java:135)
	at org.eclipse.equinox.internal.event.EventAdminImpl.sendEvent(EventAdminImpl.java:78)
	at org.eclipse.equinox.internal.event.EventComponent.sendEvent(EventComponent.java:39)
	at org.eclipse.e4.ui.services.internal.events.EventBroker.send(EventBroker.java:94)
	at org.eclipse.e4.ui.internal.workbench.UIEventPublisher.notifyChanged(UIEventPublisher.java:60)
	at org.eclipse.emf.common.notify.impl.BasicNotifierImpl.eNotify(BasicNotifierImpl.java:374)
	at org.eclipse.emf.ecore.util.EcoreEList.dispatchNotification(EcoreEList.java:249)
	at org.eclipse.emf.common.notify.impl.NotifyingListImpl.remove(NotifyingListImpl.java:725)
	at org.eclipse.emf.common.util.AbstractEList.remove(AbstractEList.java:462)
	at org.eclipse.ui.internal.WorkbenchIntroManager.setIntroStandby(WorkbenchIntroManager.java:198)
	at org.eclipse.ui.internal.intro.impl.model.url.IntroURL.switchToLaunchBar(IntroURL.java:673)
	at org.eclipse.ui.internal.intro.impl.model.url.IntroURL.setStandbyState(IntroURL.java:268)
	at org.eclipse.ui.internal.intro.impl.model.url.IntroURL.executeCommand(IntroURL.java:342)
	at org.eclipse.ui.internal.intro.impl.model.url.IntroURL.doExecute(IntroURL.java:199)
	at org.eclipse.ui.internal.intro.impl.model.url.IntroURL$1.run(IntroURL.java:145)
	at org.eclipse.swt.custom.BusyIndicator.showWhile(BusyIndicator.java:70)
	at org.eclipse.ui.internal.intro.impl.model.url.IntroURL.execute(IntroURL.java:142)
	at org.eclipse.ui.internal.intro.impl.presentations.BrowserIntroPartLocationListener.changing(BrowserIntroPartLocationListener.java:130)
	at org.eclipse.swt.browser.WebKit.webkit_navigation_policy_decision_requested(WebKit.java:1945)
	at org.eclipse.swt.browser.WebKit.webViewProc(WebKit.java:552)
	at org.eclipse.swt.browser.WebKit.Proc(WebKit.java:431)
	at org.eclipse.swt.internal.gtk.OS._gtk_main_do_event(Native Method)
	at org.eclipse.swt.internal.gtk.OS.gtk_main_do_event(OS.java:9545)
	at org.eclipse.swt.widgets.Display.eventProc(Display.java:1275)
	at org.eclipse.swt.internal.gtk.OS._g_main_context_iteration(Native Method)
	at org.eclipse.swt.internal.gtk.OS.g_main_context_iteration(OS.java:2495)
	at org.eclipse.swt.widgets.Display.readAndDispatch(Display.java:4141)
	at org.eclipse.e4.ui.internal.workbench.swt.PartRenderingEngine$4.run(PartRenderingEngine.java:1121)
	at org.eclipse.core.databinding.observable.Realm.runWithDefault(Realm.java:336)
	at org.eclipse.e4.ui.internal.workbench.swt.PartRenderingEngine.run(PartRenderingEngine.java:1022)
	at org.eclipse.e4.ui.internal.workbench.E4Workbench.createAndRunUI(E4Workbench.java:150)
	at org.eclipse.ui.internal.Workbench$5.run(Workbench.java:687)
	at org.eclipse.core.databinding.observable.Realm.runWithDefault(Realm.java:336)
	at org.eclipse.ui.internal.Workbench.createAndRunWorkbench(Workbench.java:604)
	at org.eclipse.ui.PlatformUI.createAndRunWorkbench(PlatformUI.java:148)
	at org.eclipse.ui.internal.ide.application.IDEApplication.start(IDEApplication.java:138)
	at org.eclipse.equinox.internal.app.EclipseAppHandle.run(EclipseAppHandle.java:196)
	at org.eclipse.core.runtime.internal.adaptor.EclipseAppLauncher.runApplication(EclipseAppLauncher.java:134)
	at org.eclipse.core.runtime.internal.adaptor.EclipseAppLauncher.start(EclipseAppLauncher.java:104)
	at org.eclipse.core.runtime.adaptor.EclipseStarter.run(EclipseStarter.java:388)
	at org.eclipse.core.runtime.adaptor.EclipseStarter.run(EclipseStarter.java:243)
	at sun.reflect.NativeMethodAccessorImpl.invoke0(Native Method)
	at sun.reflect.NativeMethodAccessorImpl.invoke(NativeMethodAccessorImpl.java:62)
	at sun.reflect.DelegatingMethodAccessorImpl.invoke(DelegatingMethodAccessorImpl.java:43)
	at java.lang.reflect.Method.invoke(Method.java:498)
	at org.eclipse.equinox.launcher.Main.invokeFramework(Main.java:673)
	at org.eclipse.equinox.launcher.Main.basicRun(Main.java:610)
	at org.eclipse.equinox.launcher.Main.run(Main.java:1519)
	at org.eclipse.equinox.launcher.Main.main(Main.java:1492)
Caused by: java.lang.IllegalStateException: Application does not have an active window
	at org.eclipse.e4.ui.internal.workbench.ApplicationPartServiceImpl.getActiveWindowService(ApplicationPartServiceImpl.java:39)
	at org.eclipse.e4.ui.internal.workbench.ApplicationPartServiceImpl.requestActivation(ApplicationPartServiceImpl.java:90)
	at org.eclipse.e4.ui.workbench.addons.minmax.MinMaxAddon.unzoom(MinMaxAddon.java:861)
	at org.eclipse.e4.ui.workbench.addons.minmax.MinMaxAddon.subscribeTopicTagsChanged(MinMaxAddon.java:369)
	at sun.reflect.GeneratedMethodAccessor34.invoke(Unknown Source)
	at sun.reflect.DelegatingMethodAccessorImpl.invoke(DelegatingMethodAccessorImpl.java:43)
	at java.lang.reflect.Method.invoke(Method.java:498)
	at org.eclipse.e4.core.internal.di.MethodRequestor.execute(MethodRequestor.java:54)
	... 60 more
!SESSION 2016-08-27 16:32:41.561 -----------------------------------------------
eclipse.buildId=4.6.0.I20160606-1100
java.version=1.8.0_91
java.vendor=Oracle Corporation
BootLoader constants: OS=linux, ARCH=x86_64, WS=gtk, NL=en_US
Framework arguments:  -product org.eclipse.epp.package.java.product
Command-line arguments:  -os linux -ws gtk -arch x86_64 -product org.eclipse.epp.package.java.product

!ENTRY org.eclipse.launchbar.core 2 0 2016-08-27 16:32:49.569
!MESSAGE Enablement expression is missing for config provider for org.eclipse.cdt.arduino.core.descriptorType

!ENTRY org.eclipse.launchbar.core 2 0 2016-08-27 16:32:49.570
!MESSAGE Enablement expression is missing for config provider for org.eclipse.cdt.qt.core.launchDescriptorType

!ENTRY org.eclipse.ui 4 4 2016-08-27 16:34:30.005
!MESSAGE Conflicting handlers for org.python.pydev.editor.actions.execLineInConsole: {ActionHandler(org.python.proxies.__main__$ExecuteLine$15@479144be)} vs {ActionHandler(org.python.proxies.__main__$ExecuteLine$13@673e1de8)}

!ENTRY org.eclipse.ui 4 4 2016-08-27 16:34:30.005
!MESSAGE Conflicting handlers for org.python.pydev.editor.actions.execLineInConsole: {ActionHandler(org.python.proxies.__main__$ExecuteLine$15@479144be)} vs {ActionHandler(org.python.proxies.__main__$ExecuteLine$13@673e1de8)}
!SESSION 2016-08-27 16:36:05.048 -----------------------------------------------
eclipse.buildId=4.6.0.I20160606-1100
java.version=1.8.0_91
java.vendor=Oracle Corporation
BootLoader constants: OS=linux, ARCH=x86_64, WS=gtk, NL=en_US
Framework arguments:  -product org.eclipse.epp.package.java.product
Command-line arguments:  -os linux -ws gtk -arch x86_64 -product org.eclipse.epp.package.java.product

!ENTRY org.eclipse.launchbar.core 2 0 2016-08-27 16:36:13.058
!MESSAGE Enablement expression is missing for config provider for org.eclipse.cdt.arduino.core.descriptorType

!ENTRY org.eclipse.launchbar.core 2 0 2016-08-27 16:36:13.059
!MESSAGE Enablement expression is missing for config provider for org.eclipse.cdt.qt.core.launchDescriptorType
!SESSION 2016-08-27 19:12:32.215 -----------------------------------------------
eclipse.buildId=4.6.0.I20160606-1100
java.version=1.8.0_91
java.vendor=Oracle Corporation
BootLoader constants: OS=linux, ARCH=x86_64, WS=gtk, NL=en_US
Framework arguments:  -product org.eclipse.epp.package.java.product
Command-line arguments:  -os linux -ws gtk -arch x86_64 -product org.eclipse.epp.package.java.product

!ENTRY org.eclipse.launchbar.core 2 0 2016-08-27 19:12:40.848
!MESSAGE Enablement expression is missing for config provider for org.eclipse.cdt.arduino.core.descriptorType

!ENTRY org.eclipse.launchbar.core 2 0 2016-08-27 19:12:40.849
!MESSAGE Enablement expression is missing for config provider for org.eclipse.cdt.qt.core.launchDescriptorType

!ENTRY org.python.pydev.shared_core 4 4 2016-08-27 22:19:08.830
!MESSAGE ERROR reading shell.
ProcessInfo:

 - Executed: /usr/bin/python -u /home/david/.p2/pool/plugins/org.python.pydev_5.1.2.201606231256/pysrc/pycompletionserver.py 38928

 - Environment:
ANDROID_HOME=/home/david/Android/Sdk/
ANDROID_PLATFORM_TOOLS=/home/david/Android/Sdk/platform-tools
ANDROID_TOOLS=/home/david/Android/Sdk/tools
CLUTTER_IM_MODULE=xim
COMP_WORDBREAKS= 	
"'><;|&(:
DBUS_SESSION_BUS_ADDRESS=unix:abstract=/tmp/dbus-XmnfHvrmAS
DEFAULTS_PATH=/usr/share/gconf/gnome.default.path
DESKTOP_SESSION=gnome
DISPLAY=:0
GDK_CORE_DEVICE_EVENTS=1
GDK_SCALE=1
GDMSESSION=gnome
GJS_DEBUG_OUTPUT=stderr
GJS_DEBUG_TOPICS=JS ERROR;JS LOG
GNOME_DESKTOP_SESSION_ID=this-is-deprecated
GNOME_KEYRING_CONTROL=
GNOME_KEYRING_PID=
GOPATH=/home/david/go
GPG_AGENT_INFO=/run/user/1000/keyring/gpg:0:1
GTK_IM_MODULE=ibus
GTK_MODULES=overlay-scrollbar
HOME=/home/david
IM_CONFIG_PHASE=1
INSTANCE=
JOB=dbus
LANG=en_US.UTF-8
LESSCLOSE=/usr/bin/lesspipe %s %s
LESSOPEN=| /usr/bin/lesspipe %s
LIBOVERLAY_SCROLLBAR=0
LOGNAME=david
LS_COLORS=rs=0:di=01;34:ln=01;36:mh=00:pi=40;33:so=01;35:do=01;35:bd=40;33;01:cd=40;33;01:or=40;31;01:su=37;41:sg=30;43:ca=30;41:tw=30;42:ow=34;42:st=37;44:ex=01;32:*.tar=01;31:*.tgz=01;31:*.arc=01;31:*.arj=01;31:*.taz=01;31:*.lha=01;31:*.lz4=01;31:*.lzh=01;31:*.lzma=01;31:*.tlz=01;31:*.txz=01;31:*.tzo=01;31:*.t7z=01;31:*.zip=01;31:*.z=01;31:*.Z=01;31:*.dz=01;31:*.gz=01;31:*.lrz=01;31:*.lz=01;31:*.lzo=01;31:*.xz=01;31:*.bz2=01;31:*.bz=01;31:*.tbz=01;31:*.tbz2=01;31:*.tz=01;31:*.deb=01;31:*.rpm=01;31:*.jar=01;31:*.war=01;31:*.ear=01;31:*.sar=01;31:*.rar=01;31:*.alz=01;31:*.ace=01;31:*.zoo=01;31:*.cpio=01;31:*.7z=01;31:*.rz=01;31:*.cab=01;31:*.jpg=01;35:*.jpeg=01;35:*.gif=01;35:*.bmp=01;35:*.pbm=01;35:*.pgm=01;35:*.ppm=01;35:*.tga=01;35:*.xbm=01;35:*.xpm=01;35:*.tif=01;35:*.tiff=01;35:*.png=01;35:*.svg=01;35:*.svgz=01;35:*.mng=01;35:*.pcx=01;35:*.mov=01;35:*.mpg=01;35:*.mpeg=01;35:*.m2v=01;35:*.mkv=01;35:*.webm=01;35:*.ogm=01;35:*.mp4=01;35:*.m4v=01;35:*.mp4v=01;35:*.vob=01;35:*.qt=01;35:*.nuv=01;35:*.wmv=01;35:*.asf=01;35:*.rm=01;35:*.rmvb=01;35:*.flc=01;35:*.avi=01;35:*.fli=01;35:*.flv=01;35:*.gl=01;35:*.dl=01;35:*.xcf=01;35:*.xwd=01;35:*.yuv=01;35:*.cgm=01;35:*.emf=01;35:*.axv=01;35:*.anx=01;35:*.ogv=01;35:*.ogx=01;35:*.aac=00;36:*.au=00;36:*.flac=00;36:*.m4a=00;36:*.mid=00;36:*.midi=00;36:*.mka=00;36:*.mp3=00;36:*.mpc=00;36:*.ogg=00;36:*.ra=00;36:*.wav=00;36:*.axa=00;36:*.oga=00;36:*.spx=00;36:*.xspf=00;36:
MANDATORY_PATH=/usr/share/gconf/gnome.mandatory.path
NLSPATH=/usr/dt/lib/nls/msg/%L/%N.cat
NVM_DIR=/home/david/.nvm
NVM_NODEJS_ORG_MIRROR=http://nodejs.org/dist
OLDPWD=/home/david/hyperspace_waves/workspace-pydev/hyperspace_comm
OXYGEN_DISABLE_INNER_SHADOWS_HACK=1
PATH=/usr/local/heroku/bin:/usr/local/sbin:/usr/local/bin:/usr/sbin:/usr/bin:/sbin:/bin:/usr/games:/usr/local/games:/usr/local/lib/node_modules/:/home/david/depot_tools
PWD=/home/david/hyperspace_waves/workspace-pydev/hyperspace_comm/test
PYTHONPATH=/home/david/.p2/pool/plugins/org.python.pydev_5.1.2.201606231256/pysrc/pydev_sitecustomize:/usr/lib/python2.7:/usr/lib/python2.7/plat-x86_64-linux-gnu:/usr/lib/python2.7/lib-tk:/usr/lib/python2.7/lib-dynload:/usr/local/lib/python2.7/dist-packages:/usr/lib/python2.7/dist-packages:/usr/lib/python2.7/dist-packages/PILcompat:/usr/lib/python2.7/dist-packages/gtk-2.0:/usr/lib/pymodules/python2.7:/usr/lib/python2.7/dist-packages/wx-3.0-gtk2
QT4_IM_MODULE=ibus
QT_IM_MODULE=ibus
QT_QPA_PLATFORMTHEME=appmenu-qt5
SESSION=gnome
SESSIONTYPE=gnome-session
SESSION_MANAGER=local/david-XPS-12-9Q23:@/tmp/.ICE-unix/1747,unix/david-XPS-12-9Q23:/tmp/.ICE-unix/1747
SHELL=/bin/bash
SHLVL=1
SSH_AUTH_SOCK=/run/user/1000/keyring/ssh
TERM=xterm
UPSTART_SESSION=unix:abstract=/com/ubuntu/upstart-session/1000/1525
USER=david
USERNAME=david
VTE_VERSION=3803
WINDOWID=48255380
WINDOWPATH=7
XAUTHORITY=/var/run/gdm/auth-for-david-r1tRID/database
XDG_CONFIG_DIRS=/etc/xdg/xdg-gnome:/usr/share/upstart/xdg:/etc/xdg
XDG_CURRENT_DESKTOP=GNOME
XDG_DATA_DIRS=/usr/share/gnome:/usr/local/share/:/usr/share/
XDG_MENU_PREFIX=gnome-
XDG_RUNTIME_DIR=/run/user/1000
XDG_SEAT=seat0
XDG_SESSION_DESKTOP=gnome
XDG_SESSION_ID=c2
XDG_VTNR=7
XFILESEARCHPATH=/usr/dt/app-defaults/%L/Dt
XMODIFIERS=@im=ibus
_=/home/david/eclipse/java-neon/eclipse/eclipse

 - Working Dir:
/home/david/eclipse/java-neon/eclipse/../../../.p2/pool/plugins/org.python.pydev_5.1.2.201606231256/pysrc

 - OS:
Linux

 - Std output:


 - Err output:

!STACK 0
java.nio.channels.ClosedByInterruptException
	at java.nio.channels.spi.AbstractInterruptibleChannel.end(AbstractInterruptibleChannel.java:202)
	at sun.nio.ch.SocketChannelImpl.write(SocketChannelImpl.java:478)
	at java.nio.channels.Channels.writeFullyImpl(Channels.java:78)
	at java.nio.channels.Channels.writeFully(Channels.java:98)
	at java.nio.channels.Channels.access$000(Channels.java:61)
	at java.nio.channels.Channels$1.write(Channels.java:174)
	at java.io.OutputStream.write(OutputStream.java:75)
	at org.python.pydev.editor.codecompletion.shell.AbstractShell.write(AbstractShell.java:544)
	at org.python.pydev.editor.codecompletion.shell.AbstractShell.writeAndGetResults(AbstractShell.java:691)
	at org.python.pydev.editor.codecompletion.shell.AbstractShell.getImportCompletions(AbstractShell.java:756)
	at org.python.pydev.editor.codecompletion.revisited.modules.CompiledModule.createTokensFromServer(CompiledModule.java:363)
	at org.python.pydev.editor.codecompletion.revisited.modules.CompiledModule.<init>(CompiledModule.java:168)
	at org.python.pydev.editor.codecompletion.revisited.SystemModulesManager.getBuiltinModule(SystemModulesManager.java:308)
	at org.python.pydev.editor.codecompletion.revisited.SystemModulesManager.getBuiltinModule(SystemModulesManager.java:1)
	at org.python.pydev.editor.codecompletion.revisited.ProjectModulesManager.getModuleAndRelatedModulesManager(ProjectModulesManager.java:201)
	at org.python.pydev.editor.codecompletion.revisited.ProjectModulesManager.getModule(ProjectModulesManager.java:180)
	at org.python.pydev.editor.codecompletion.revisited.AbstractASTManager.getModule(AbstractASTManager.java:460)
	at org.python.pydev.editor.codecompletion.revisited.AbstractASTManager.getCompletionsForWildImport(AbstractASTManager.java:1769)
	at org.python.pydev.editor.codecompletion.revisited.AbstractASTManager.getGlobalCompletions(AbstractASTManager.java:1610)
	at org.python.pydev.editor.codecompletion.revisited.AbstractASTManager.internalGenerateGetCompletionsForModule(AbstractASTManager.java:694)
	at org.python.pydev.editor.codecompletion.revisited.AbstractASTManager.getCompletionsForModule(AbstractASTManager.java:572)
	at org.python.pydev.editor.codecompletion.revisited.AbstractASTManager.getCompletionsForModule(AbstractASTManager.java:541)
	at org.python.pydev.editor.codecompletion.revisited.AbstractASTManager.getCompletionsForModule(AbstractASTManager.java:532)
	at org.python.pydev.editor.codecompletion.revisited.modules.SourceModule.findGlobalTokDef(SourceModule.java:1022)
	at org.python.pydev.editor.codecompletion.revisited.modules.SourceModule.findDefinitionsFromModAndTok(SourceModule.java:971)
	at org.python.pydev.editor.codecompletion.revisited.modules.SourceModule.findDefinition(SourceModule.java:953)
	at org.python.pydev.editor.codecompletion.revisited.modules.SourceModule.findDefinition(SourceModule.java:666)
	at org.python.pydev.editor.codecompletion.revisited.modules.SourceModule.findDefinition(SourceModule.java:1)
	at org.python.pydev.editor.codecompletion.revisited.modules.CompiledModule.findDefinition(CompiledModule.java:641)
	at org.python.pydev.editor.codecompletion.revisited.modules.CompiledModule.findDefinition(CompiledModule.java:1)
	at org.python.pydev.editor.codecompletion.revisited.modules.SourceModule.findGlobalTokDef(SourceModule.java:1098)
	at org.python.pydev.editor.codecompletion.revisited.modules.SourceModule.findDefinitionsFromModAndTok(SourceModule.java:971)
	at org.python.pydev.editor.codecompletion.revisited.modules.SourceModule.findDefinition(SourceModule.java:953)
	at org.python.pydev.editor.codecompletion.revisited.modules.SourceModule.findDefinition(SourceModule.java:666)
	at org.python.pydev.editor.codecompletion.revisited.modules.SourceModule.findDefinition(SourceModule.java:1)
	at org.python.pydev.editor.codecompletion.revisited.modules.CompiledModule.findDefinition(CompiledModule.java:641)
	at org.python.pydev.editor.codecompletion.revisited.modules.CompiledModule.findDefinition(CompiledModule.java:1)
	at org.python.pydev.editor.codecompletion.revisited.modules.SourceModule.findDefinition(SourceModule.java:935)
	at org.python.pydev.editor.codecompletion.revisited.modules.SourceModule.findDefinition(SourceModule.java:666)
	at org.python.pydev.editor.codecompletion.revisited.modules.SourceModule.findDefinition(SourceModule.java:1)
	at org.python.pydev.editor.refactoring.PyRefactoringFindDefinition.findActualDefinition(PyRefactoringFindDefinition.java:182)
	at org.python.pydev.editor.refactoring.PyRefactoringFindDefinition.findActualDefinition(PyRefactoringFindDefinition.java:81)
	at org.python.pydev.editor.hover.PyDocstringTextHover.getDocstringHover(PyDocstringTextHover.java:100)
	at org.python.pydev.editor.hover.PyDocstringTextHover.getHoverInfo(PyDocstringTextHover.java:58)
	at org.python.pydev.editor.hover.PydevCombiningHover.getHoverInfo(PydevCombiningHover.java:152)
	at org.python.pydev.editor.hover.PyEditorTextHoverProxy.getHoverInfo(PyEditorTextHoverProxy.java:59)
	at org.eclipse.jface.text.TextViewerHoverManager$4.run(TextViewerHoverManager.java:167)
!SESSION 2016-08-27 22:28:31.503 -----------------------------------------------
eclipse.buildId=4.6.0.I20160606-1100
java.version=1.8.0_91
java.vendor=Oracle Corporation
BootLoader constants: OS=linux, ARCH=x86_64, WS=gtk, NL=en_US
Framework arguments:  -product org.eclipse.epp.package.java.product
Command-line arguments:  -os linux -ws gtk -arch x86_64 -product org.eclipse.epp.package.java.product

!ENTRY org.eclipse.launchbar.core 2 0 2016-08-27 22:28:54.391
!MESSAGE Enablement expression is missing for config provider for org.eclipse.cdt.arduino.core.descriptorType

!ENTRY org.eclipse.launchbar.core 2 0 2016-08-27 22:28:54.404
!MESSAGE Enablement expression is missing for config provider for org.eclipse.cdt.qt.core.launchDescriptorType
!SESSION 2016-08-28 10:41:32.671 -----------------------------------------------
eclipse.buildId=4.6.0.I20160606-1100
java.version=1.8.0_91
java.vendor=Oracle Corporation
BootLoader constants: OS=linux, ARCH=x86_64, WS=gtk, NL=en_US
Framework arguments:  -product org.eclipse.epp.package.java.product
Command-line arguments:  -os linux -ws gtk -arch x86_64 -product org.eclipse.epp.package.java.product

!ENTRY org.eclipse.launchbar.core 2 0 2016-08-28 10:41:49.997
!MESSAGE Enablement expression is missing for config provider for org.eclipse.cdt.arduino.core.descriptorType

!ENTRY org.eclipse.launchbar.core 2 0 2016-08-28 10:41:49.999
!MESSAGE Enablement expression is missing for config provider for org.eclipse.cdt.qt.core.launchDescriptorType

!ENTRY org.eclipse.ui 4 4 2016-08-28 10:42:06.027
!MESSAGE Conflicting handlers for org.python.pydev.editor.actions.execLineInConsole: {ActionHandler(org.python.proxies.__main__$ExecuteLine$16@4f9f3148)} vs {ActionHandler(org.python.proxies.__main__$ExecuteLine$15@c9c7970)}

!ENTRY org.python.pydev.shared_core 1 1 2016-08-28 10:46:07.989
!MESSAGE No existing console history at: /home/david/hyperspace_waves/workspace-pydev/.metadata/.plugins/org.python.pydev.shared_interactive_console/history.py
!STACK 0
java.io.FileNotFoundException: /home/david/hyperspace_waves/workspace-pydev/.metadata/.plugins/org.python.pydev.shared_interactive_console/history.py (No such file or directory)
	at java.io.FileInputStream.open0(Native Method)
	at java.io.FileInputStream.open(FileInputStream.java:195)
	at java.io.FileInputStream.<init>(FileInputStream.java:138)
	at java.io.FileReader.<init>(FileReader.java:72)
	at org.python.pydev.shared_interactive_console.console.ScriptConsoleGlobalHistory.load(ScriptConsoleGlobalHistory.java:96)
	at org.python.pydev.shared_interactive_console.console.ScriptConsoleGlobalHistory.<init>(ScriptConsoleGlobalHistory.java:45)
	at org.python.pydev.shared_interactive_console.console.ScriptConsoleGlobalHistory.<clinit>(ScriptConsoleGlobalHistory.java:37)
	at org.python.pydev.shared_interactive_console.console.ScriptConsoleHistory.<init>(ScriptConsoleHistory.java:56)
	at org.python.pydev.shared_interactive_console.console.ui.ScriptConsole.<init>(ScriptConsole.java:183)
	at org.python.pydev.debug.newconsole.PydevConsole.<init>(PydevConsole.java:84)
	at org.python.pydev.debug.newconsole.PydevDebugConsole.<init>(PydevDebugConsole.java:29)
	at org.python.pydev.debug.newconsole.PydevConsoleFactory.createDebugConsole(PydevConsoleFactory.java:284)
	at org.python.pydev.debug.newconsole.PydevConsoleFactory.createDebugConsole(PydevConsoleFactory.java:259)
	at org.python.pydev.debug.console.PromptOverlay.<init>(PromptOverlay.java:71)
	at org.python.pydev.debug.console.PromptOverlayConsolePageParticipant.init(PromptOverlayConsolePageParticipant.java:48)
	at org.eclipse.ui.internal.console.ConsoleView$3.run(ConsoleView.java:326)
	at org.eclipse.core.runtime.SafeRunner.run(SafeRunner.java:42)
	at org.eclipse.ui.internal.console.ConsoleView.doCreatePage(ConsoleView.java:323)
	at org.eclipse.ui.part.PageBookView.createPage(PageBookView.java:400)
	at org.eclipse.ui.part.PageBookView.partActivated(PageBookView.java:743)
	at org.eclipse.ui.internal.console.ConsoleView$4.run(ConsoleView.java:395)
	at org.eclipse.swt.widgets.RunnableLock.run(RunnableLock.java:35)
	at org.eclipse.swt.widgets.Synchronizer.runAsyncMessages(Synchronizer.java:182)
	at org.eclipse.swt.widgets.Display.runAsyncMessages(Display.java:4528)
	at org.eclipse.swt.widgets.Display.readAndDispatch(Display.java:4146)
	at org.eclipse.e4.ui.internal.workbench.swt.PartRenderingEngine$4.run(PartRenderingEngine.java:1121)
	at org.eclipse.core.databinding.observable.Realm.runWithDefault(Realm.java:336)
	at org.eclipse.e4.ui.internal.workbench.swt.PartRenderingEngine.run(PartRenderingEngine.java:1022)
	at org.eclipse.e4.ui.internal.workbench.E4Workbench.createAndRunUI(E4Workbench.java:150)
	at org.eclipse.ui.internal.Workbench$5.run(Workbench.java:687)
	at org.eclipse.core.databinding.observable.Realm.runWithDefault(Realm.java:336)
	at org.eclipse.ui.internal.Workbench.createAndRunWorkbench(Workbench.java:604)
	at org.eclipse.ui.PlatformUI.createAndRunWorkbench(PlatformUI.java:148)
	at org.eclipse.ui.internal.ide.application.IDEApplication.start(IDEApplication.java:138)
	at org.eclipse.equinox.internal.app.EclipseAppHandle.run(EclipseAppHandle.java:196)
	at org.eclipse.core.runtime.internal.adaptor.EclipseAppLauncher.runApplication(EclipseAppLauncher.java:134)
	at org.eclipse.core.runtime.internal.adaptor.EclipseAppLauncher.start(EclipseAppLauncher.java:104)
	at org.eclipse.core.runtime.adaptor.EclipseStarter.run(EclipseStarter.java:388)
	at org.eclipse.core.runtime.adaptor.EclipseStarter.run(EclipseStarter.java:243)
	at sun.reflect.NativeMethodAccessorImpl.invoke0(Native Method)
	at sun.reflect.NativeMethodAccessorImpl.invoke(NativeMethodAccessorImpl.java:62)
	at sun.reflect.DelegatingMethodAccessorImpl.invoke(DelegatingMethodAccessorImpl.java:43)
	at java.lang.reflect.Method.invoke(Method.java:498)
	at org.eclipse.equinox.launcher.Main.invokeFramework(Main.java:673)
	at org.eclipse.equinox.launcher.Main.basicRun(Main.java:610)
	at org.eclipse.equinox.launcher.Main.run(Main.java:1519)
	at org.eclipse.equinox.launcher.Main.main(Main.java:1492)
